2024-10-04 11:13:31.172 [info] Added views:outline in workbench.view.explorer
2024-10-04 11:13:31.172 [info] Added views:workbench.view.search in workbench.view.search
2024-10-04 11:13:31.172 [info] Added views:workbench.scm in workbench.view.scm
2024-10-04 11:13:31.172 [info] Added views:workbench.panel.markers.view in workbench.panel.markers
2024-10-04 11:13:31.172 [info] Added views:workbench.panel.output in workbench.panel.output
2024-10-04 11:13:31.172 [info] Added views:terminal in terminal
2024-10-04 11:13:31.172 [info] Added views:timeline in workbench.view.explorer
2024-10-04 11:13:31.172 [info] Added views:workbench.explorer.emptyView in workbench.view.explorer
2024-10-04 11:13:31.696 [info] Added views:workbench.debug.variablesView,workbench.debug.watchExpressionsView,workbench.debug.callStackView,workbench.debug.breakPointsView in workbench.view.debug
2024-10-04 11:13:31.938 [info] Added views:workbench.panel.repl.view in workbench.panel.repl
2024-10-04 11:13:31.940 [info] Removed views:workbench.debug.breakPointsView,workbench.debug.callStackView,workbench.debug.watchExpressionsView,workbench.debug.variablesView from workbench.view.debug
2024-10-04 11:13:31.941 [info] Added views:workbench.debug.welcome in workbench.view.debug
2024-10-04 11:13:31.983 [info] Added views:~remote.forwardedPorts in ~remote.forwardedPortsContainer
2024-10-04 11:14:01.771 [info] Added views:outline in workbench.view.explorer
2024-10-04 11:14:01.772 [info] Added views:workbench.view.search in workbench.view.search
2024-10-04 11:14:01.772 [info] Added views:workbench.scm in workbench.view.scm
2024-10-04 11:14:01.772 [info] Added views:workbench.panel.markers.view in workbench.panel.markers
2024-10-04 11:14:01.772 [info] Added views:workbench.panel.output in workbench.panel.output
2024-10-04 11:14:01.772 [info] Added views:terminal in terminal
2024-10-04 11:14:01.772 [info] Added views:timeline in workbench.view.explorer
2024-10-04 11:14:01.772 [info] Added views:workbench.explorer.fileView in workbench.view.explorer
2024-10-04 11:14:02.439 [info] Added views:workbench.debug.variablesView,workbench.debug.watchExpressionsView,workbench.debug.callStackView,workbench.debug.breakPointsView in workbench.view.debug
2024-10-04 11:14:02.491 [info] Added views:workbench.panel.repl.view in workbench.panel.repl
2024-10-04 11:14:02.497 [info] Removed views:workbench.debug.breakPointsView,workbench.debug.callStackView,workbench.debug.watchExpressionsView,workbench.debug.variablesView from workbench.view.debug
2024-10-04 11:14:02.497 [info] Added views:workbench.debug.welcome in workbench.view.debug
2024-10-04 11:14:02.657 [info] Added views:~remote.forwardedPorts in ~remote.forwardedPortsContainer
2024-10-04 11:14:06.988 [info] Added views:workbench.scm.history in workbench.view.scm
2024-10-04 11:14:16.214 [info] Added views:workbench.views.extensions.installed,workbench.views.extensions.popular,extensions.recommendedList in workbench.view.extensions
2024-10-04 11:14:16.218 [info] Removed views:workbench.views.extensions.popular from workbench.view.extensions
2024-10-04 11:14:16.444 [info] Added views:workbench.views.extensions.popular in workbench.view.extensions
2024-10-04 11:14:18.607 [info] Removed views:extensions.recommendedList,workbench.views.extensions.popular,workbench.views.extensions.installed from workbench.view.extensions
2024-10-04 11:14:18.617 [info] Added views:workbench.views.extensions.marketplace in workbench.view.extensions
2024-10-04 11:14:55.608 [info] Removed views:workbench.scm.history from workbench.view.scm
