[13:35:58.715] Log Level: 2
[13:35:58.732] VS Code version: 1.94.0
[13:35:58.732] Remote-SSH version: remote-ssh@0.114.3
[13:35:58.732] linux x64
[13:35:58.735] SSH Resolver called for "ssh-remote+dtuhpc", attempt 1
[13:35:58.736] "remote.SSH.useLocalServer": true
[13:35:58.736] "remote.SSH.useExecServer": true
[13:35:58.736] "remote.SSH.path": undefined
[13:35:58.736] "remote.SSH.configFile": undefined
[13:35:58.736] "remote.SSH.useFlock": true
[13:35:58.736] "remote.SSH.lockfilesInTmp": false
[13:35:58.736] "remote.SSH.localServerDownload": auto
[13:35:58.736] "remote.SSH.remoteServerListenOnSocket": false
[13:35:58.736] "remote.SSH.showLoginTerminal": false
[13:35:58.736] "remote.SSH.defaultExtensions": []
[13:35:58.737] "remote.SSH.loglevel": 2
[13:35:58.737] "remote.SSH.enableDynamicForwarding": true
[13:35:58.737] "remote.SSH.enableRemoteCommand": false
[13:35:58.737] "remote.SSH.serverPickPortsFromRange": {}
[13:35:58.737] "remote.SSH.serverInstallPath": {}
[13:35:58.737] "remote.SSH.permitPtyAllocation": false
[13:35:58.737] "remote.SSH.preferredLocalPortRange: undefined
[13:35:58.737] "remote.SSH.useCurlAndWgetConfigurationFiles: false
[13:35:58.744] SSH Resolver called for host: dtuhpc
[13:35:58.744] Setting up SSH remote "dtuhpc"
[13:35:58.747] Acquiring local install lock: /tmp/vscode-remote-ssh-55237ef1-install.lock
[13:35:58.747] Looking for existing server data file at /home/aws/.config/Code/User/globalStorage/ms-vscode-remote.remote-ssh/vscode-ssh-host-55237ef1-d78a74bcdfad14d5d3b1b782f87255d802b57511-0.114.3-es/data.json
[13:35:58.748] No existing data file
[13:35:58.748] Using commit id "d78a74bcdfad14d5d3b1b782f87255d802b57511" and quality "stable" for server
[13:35:58.750] Script variables:
 {
  "InstallExitCode.24": "AlreadyInProgress",
  "InstallExitCode.25": "ServerDownloadFailed",
  "InstallExitCode.26": "NoDownloaderAvailable",
  "InstallExitCode.27": "UnsupportedArch",
  "InstallExitCode.28": "StatusCheckFailed",
  "InstallExitCode.29": "NeedInsidersArch",
  "InstallExitCode.30": "NoDownloaderAvailableForStatusCheck",
  "InstallExitCode.31": "ServerTransferFailed",
  "InstallExitCode.32": "ServerFailedToStart",
  "InstallExitCode.33": "NeedInsidersWindows",
  "InstallExitCode.34": "CreateInstallDirFailed",
  "InstallExitCode.35": "UnsupportedPlatform",
  "InstallExitCode.36": "ServerTerminatedCVE20201416",
  "InstallExitCode.37": "UnpackFailed",
  "InstallExitCode.38": "ChangeDirFailed",
  "InstallExitCode.AlreadyInProgress": "24",
  "InstallExitCode.ServerDownloadFailed": "25",
  "InstallExitCode.NoDownloaderAvailable": "26",
  "InstallExitCode.NoDownloaderAvailableForStatusCheck": "30",
  "InstallExitCode.UnsupportedArch": "27",
  "InstallExitCode.StatusCheckFailed": "28",
  "InstallExitCode.NeedInsidersArch": "29",
  "InstallExitCode.ServerTransferFailed": "31",
  "InstallExitCode.ServerFailedToStart": "32",
  "InstallExitCode.NeedInsidersWindows": "33",
  "InstallExitCode.CreateInstallDirFailed": "34",
  "InstallExitCode.UnsupportedPlatform": "35",
  "InstallExitCode.ServerTerminatedCVE20201416": "36",
  "InstallExitCode.UnpackFailed": "37",
  "InstallExitCode.ChangeDirFailed": "38",
  "InstallUnpackCode.Success": "success",
  "InstallUnpackCode.Error": "error",
  "InstallUnpackCode.MissingFiles": "missingFiles",
  "uuid": "ef9bc367c3ae",
  "startMarker": "ef9bc367c3ae: running",
  "commitId": "d78a74bcdfad14d5d3b1b782f87255d802b57511",
  "quality": "stable",
  "token": "1a1a11aa-11a1-1111-a1a1-1111aa1a1a11",
  "vscodeAgentFolder": "$HOME/.vscode-server",
  "allowClientDownload": "1",
  "forceClientDownload": "0",
  "cliNameInArchive": "code",
  "ignoreWgetConfigFlag": " --no-config ",
  "ignoreCurlConfigFlag": " --disable ",
  "wgetTriesSegment": "--tries=1",
  "listenArgs": "--on-host=127.0.0.1 --on-port",
  "getDownloadServerStartTrigger": "ef9bc367c3ae:trigger_server_download",
  "getDownloadServerEndTrigger": "ef9bc367c3ae:trigger_server_download_end",
  "getProgressDownloading": "ef9bc367c3ae%%1%%",
  "getProgressInstalling": "ef9bc367c3ae%%2%%"
}
[13:35:58.752] Install and start server if needed
[13:35:58.755] PATH: /usr/local/sbin:/usr/local/bin:/usr/bin:/usr/bin/site_perl:/usr/bin/vendor_perl:/usr/bin/core_perl
[13:35:58.755] Checking ssh with "ssh -V"
[13:35:58.769] > OpenSSH_9.9p1, OpenSSL 3.3.2 3 Sep 2024

[13:35:58.773] askpass server listening on /run/user/1000/vscode-ssh-askpass-34d6c294f1499cb7de15976a6d085eaf02b7ded8.sock
[13:35:58.773] Spawning local server with {"serverId":1,"ipcHandlePath":"/run/user/1000/vscode-ssh-askpass-cb3b27bb10dcbdffc73b81c41d87c6a8322c0633.sock","sshCommand":"ssh","sshArgs":["-v","-T","-D","33241","-o","ConnectTimeout=15","dtuhpc"],"serverDataFolderName":".vscode-server","dataFilePath":"/home/aws/.config/Code/User/globalStorage/ms-vscode-remote.remote-ssh/vscode-ssh-host-55237ef1-d78a74bcdfad14d5d3b1b782f87255d802b57511-0.114.3-es/data.json"}
[13:35:58.773] Local server env: {"SHELL":"/usr/bin/zsh","DISPLAY":":1","ELECTRON_RUN_AS_NODE":"1","SSH_ASKPASS":"/home/aws/.vscode/extensions/ms-vscode-remote.remote-ssh-0.114.3/out/local-server/askpass.sh","VSCODE_SSH_ASKPASS_NODE":"/opt/visual-studio-code/code","VSCODE_SSH_ASKPASS_EXTRA_ARGS":"","VSCODE_SSH_ASKPASS_MAIN":"/home/aws/.vscode/extensions/ms-vscode-remote.remote-ssh-0.114.3/out/askpass-main.js","VSCODE_SSH_ASKPASS_HANDLE":"/run/user/1000/vscode-ssh-askpass-34d6c294f1499cb7de15976a6d085eaf02b7ded8.sock"}
[13:35:58.781] Spawned 67469
[13:35:58.896] > local-server-1> Running ssh connection command: ssh -v -T -D 33241 -o ConnectTimeout=15 dtuhpc
[13:35:58.901] > local-server-1> Spawned ssh, pid=67477
[13:35:58.905] stderr> OpenSSH_9.9p1, OpenSSL 3.3.2 3 Sep 2024
[13:35:59.194] stderr> debug1: Server host key: ssh-ed25519 SHA256:vfc+kYH+/Vjgk9Ifq1ZsxPm2bOFfC/Z535T7sMSO1ps
[13:35:59.255] stderr> 
[13:35:59.255] stderr> When connecting from _outside_ of DTU (and not using DTU-VPN) one is 
[13:35:59.255] stderr> required to authenticate with a ssh-key + ssh-key-keyphrase + DTU-password.
[13:35:59.256] stderr> 
[13:35:59.256] stderr> From inside of DTU (or connecting via DTU-VPN) one can also connect 
[13:35:59.256] stderr> with password or ssh-key.
[13:35:59.256] stderr> 
[13:35:59.256] stderr> Info page on SSH: https://www.hpc.dtu.dk/?page_id=4317
[13:35:59.256] stderr> 
[13:35:59.256] stderr> ---
[13:35:59.256] stderr> For ThinLinc users: 
[13:35:59.256] stderr> Please make sure that your TL client is at least version 4.16 - else you 
[13:35:59.256] stderr> cannot connect to this system!
[13:35:59.256] stderr> 
[13:35:59.256] stderr> This is not an error-message, it's just a way to give you some information. 
[13:35:59.256] stderr> Click 'Close' to continue ...
[13:35:59.256] stderr> ---
[13:35:59.256] stderr> 
[13:35:59.256] stderr> Info page on the system update 08/2024: https://www.hpc.dtu.dk/?page_id=5209
[13:35:59.256] stderr> 
[13:35:59.256] stderr> 
[13:35:59.324] stderr> Authenticated to login.hpc.dtu.dk ([192.38.95.132]:22) using "publickey".
[13:35:59.918] > ready: ef9bc367c3ae
[13:35:59.921] > Linux 6.1.112-1.el9.elrepo.x86_64 #1 SMP PREEMPT_DYNAMIC Mon Sep 30 13:59:36 EDT 2024
[13:35:59.922] Platform: linux
[13:35:59.924] > /bin/bash
[13:35:59.924] Parent Shell: bash
[13:35:59.924] Parent Shell pid: 67469
[13:35:59.928] > 3783241
[13:35:59.928] Waiting for pid of spawned 'sh' subshell: '3783241'...
[13:35:59.936] > ef9bc367c3ae: running
> Script executing under PID: 3783241
[13:35:59.946] > Found existing installation at /zhome/1a/4/136247/.vscode-server...
> Starting VS Code CLI...
> printenv:
[13:35:59.947] >     SHELL=/bin/bash
>     NODE_UMEMLMT=16G
>     I_MPI_SHM_LMT=shm
>     HEADNODE=hnode41
>     LESSCHARSET=latin1
>     HISTCONTROL=ignoredups
>     LSB_HMS_TIME_FORMAT=y
>     HOSTNAME=hpclogin1
>     HISTSIZE=1000
>     NODE_TYPE=login
>     DOTNET_CLI_TELEMETRY_OPTOUT=1
>     MAILNAME=Anton Wang Strandberg
>     _LMFILES__modshare=/apps/dcc/etc/ModulesAlma92/modulefiles/latex/TexLive24:1
>     MANPATH_modshare=:1:/appl9/latex/TexLive24/texmf/doc/man:1
>     ENV=/appl/Modules/4.8.0/init/profile.sh
>     PWD=/zhome/1a/4/136247
>     LOGNAME=s183220
>     XDG_SESSION_TYPE=tty
>     MODULESHOME=/appl/Modules/4.8.0
>     MANPATH=/lsf/10.1/man:/appl9/latex/TexLive24/texmf/doc/man:::/opt/puppetlabs/puppet/share/man
>     TEXLIVE_INSTALL_NO_DISKCHECK=1
>     OPENBLAS_NUM_THREADS=1
>     MOTD_SHOWN=pam
>     HOME=/zhome/1a/4/136247
>     CPUVENDOR=GenuineIntel
>     SSH_ASKPASS=/usr/libexec/openssh/gnome-ssh-askpass
>     LANG=C
>     MODULES_LMALTNAME=latex/TexLive24&as|latex/default&as|latex/latest
>     OPENBLAS_MAIN_FREE=1
>     CPUSOCKETS=1
>     MODULES_ADVANCED_VERSION_SPEC=1
>     SSH_CONNECTION=10.209.188.192 47114 192.38.95.132 22
>     MODULE_VERSION=4.8.0
>     CPUTYPEV=XeonGold6226R
>     ANS_IGNOREOS=1
>     LSF_SERVERDIR=/lsf/10.1/linux3.10-glibc2.17-x86_64/etc
>     HTTPS_CA_FILE=/appl9/latex/TexLive24/installer/install-tl-20240717/tlpkg/installer/curl/curl-ca-bundle.crt
>     DCC_ETC_PROFILE_LOADED=1
>     PATH_modshare=/bin:1:/apps9/dcc/bin:1:/usr/bin:1:/appl9/latex/TexLive24/bin/x86_64-linux:1:/appl/Modules/4.8.0/bin:1:/usr/local/bin:1
>     MODULEPATH_modshare=/appl/Modules/versions:1:/apps/dcc/etc/Modules$DCC_MODULE_SUFFIX/modulefiles:1:/appl/Modules/$MODULE_VERSION/modulefiles:1
>     XDG_SESSION_CLASS=user
>     MODULES_LMALTNAME_modshare=latex/TexLive24&as|latex/default&as|latex/latest:1
>     LOADEDMODULES_modshare=latex/TexLive24:1
>     LESSOPEN=||/usr/bin/lesspipe.sh %s
>     USER=s183220
>     CPUTYPE=XeonGold6226R
>     DCC_MODULE_SUFFIX=Alma92
>     MODULES_RUN_QUARANTINE=LD_LIBRARY_PATH LD_PRELOAD
>     LOADEDMODULES=latex/TexLive24
>     VISUAL=emacs
>     CUDA_MPS_LOG_DIRECTORY=/tmp
>     SHLVL=2
>     BASH_ENV=/appl/Modules/4.8.0/init/bash
>     PAGER=less
>     CVS_RSH=ssh
>     MAILUSER=s183220
>     XDG_SESSION_ID=12176
>     LSF_LIBDIR=/lsf/10.1/linux3.10-glibc2.17-x86_64/lib
>     LD_LIBRARY_PATH=/lsf/10.1/linux3.10-glibc2.17-x86_64/lib
>     LC_CTYPE=en_US.utf8
>     BLACKHOLE=/dtu/blackhole/17/136247
>     XDG_RUNTIME_DIR=/run/user/236247
>     S_COLORS=auto
>     SSH_CLIENT=10.209.188.192 47114 22
>     DEBUGINFOD_URLS=https://debuginfod.centos.org/ 
>     MAILADDR=s183220@student.dtu.dk
>     OMP_NUM_THREADS=1
>     which_declare=declare -f
>     LC_ALL=en_US.utf-8
>     NODE_EXTRA=
>     LSF_BINDIR=/lsf/10.1/linux3.10-glibc2.17-x86_64/bin
>     MAILHOST=student.dtu.dk
>     PATH=/usr/share/Modules/bin:/lsf/local/bin/:/lsf/10.1/linux3.10-glibc2.17-x86_64/etc:/lsf/10.1/linux3.10-glibc2.17-x86_64/bin:/appl9/latex/TexLive24/bin/x86_64-linux:/appl/Modules/4.8.0/bin:/apps9/dcc/bin:/usr/bin:/bin:/usr/local/bin:/opt/puppetlabs/bin:.
>     LSB_BJOBS_FORMAT=jobid: user: queue: name: slots:- stat: start_time: time_left:
>     MODULEPATH=/etc/scl/modulefiles:/appl/Modules/versions:/appl/Modules/$MODULE_VERSION/modulefiles:/apps/dcc/etc/Modules$DCC_MODULE_SUFFIX/modulefiles
>     _LMFILES_=/apps/dcc/etc/ModulesAlma92/modulefiles/latex/TexLive24
>     DBUS_SESSION_BUS_ADDRESS=unix:path=/run/user/236247/bus
>     LSF_ENVDIR=/lsf/conf
>     MODULE_VERSION_STACK=4.8.0
>     MAIL=/zhome/1a/4/136247/Maildir/
>     CVSEDITOR=nano -w
>     DCC_PROFILE=20100806
>     BINARY_TYPE_HPC=
>     MODULES_PAGER=
>     MODULES_CMD=/appl/Modules/4.8.0/libexec/modulecmd.tcl
>     I_MPI_FABRICS_LIST=ofa
>     BASH_FUNC_ml%%=() {  module ml "$@"
>     }
>     BASH_FUNC_which%%=() {  ( alias;
>      eval ${which_declare} ) | /usr/bin/which --tty-only --read-alias --read-functions --show-tilde --show-dot $@
>     }
>     BASH_FUNC_module%%=() {  unset _mlshdbg;
>      if [ "${MODULES_SILENT_SHELL_DEBUG:-0}" = '1' ]; then
>      case "$-" in 
>      *v*x*)
>      set +vx;
>      _mlshdbg='vx'
>      ;;
>      *v*)
>      set +v;
>      _mlshdbg='v'
>      ;;
>      *x*)
>      set +x;
>      _mlshdbg='x'
>      ;;
>      *)
>      _mlshdbg=''
>      ;;
>      esac;
>      fi;
>      unset _mlre _mlIFS;
>      if [ -n "${IFS+x}" ]; then
>      _mlIFS=$IFS;
>      fi;
>      IFS=' ';
>      for _mlv in ${MODULES_RUN_QUARANTINE:-};
>      do
>      if [ "${_mlv}" = "${_mlv##*[!A-Za-z0-9_]}" -a "${_mlv}" = "${_mlv#[0-9]}" ]; then
>      if [ -n "`eval 'echo ${'$_mlv'+x}'`" ]; then
>      _mlre="${_mlre:-}${_mlv}_modquar='`eval 'echo ${'$_mlv'}'`' ";
>      fi;
>      _mlrv="MODULES_RUNENV_${_mlv}";
>      _mlre="${_mlre:-}${_mlv}='`eval 'echo ${'$_mlrv':-}'`' ";
>      fi;
>      done;
>      if [ -n "${_mlre:-}" ]; then
>      eval `eval ${_mlre} /usr/bin/tclsh /appl/Modules/4.8.0/libexec/modulecmd.tcl bash '"$@"'`;
>      else
>      eval `/usr/bin/tclsh /appl/Modules/4.8.0/libexec/modulecmd.tcl bash "$@"`;
>      fi;
>      _mlstatus=$?;
>      if [ -n "${_mlIFS+x}" ]; then
>      IFS=$_mlIFS;
>      else
>      unset IFS;
>      fi;
>      unset _mlre _mlv _mlrv _mlIFS;
>      if [ -n "${_mlshdbg:-}" ]; then
>      set -$_mlshdbg;
>      fi;
>      unset _mlshdbg;
>      return $_mlstatus
>     }
>     BASH_FUNC_scl%%=() {  if [ "$1" = "load" -o "$1" = "unload" ]; then
>      eval "module $@";
>      else
>      /usr/bin/scl "$@";
>      fi
>     }
>     BASH_FUNC__module_raw%%=() {  eval "$(/usr/bin/tclsh '/usr/share/Modules/libexec/modulecmd.tcl' bash "$@")";
>      _mlstatus=$?;
>      return $_mlstatus
>     }
>     _=/usr/bin/printenv
[13:35:59.948] > Removing old logfile at /zhome/1a/4/136247/.vscode-server/.cli.d78a74bcdfad14d5d3b1b782f87255d802b57511.log
[13:36:00.064] > Spawned remote CLI: 3783259
> Waiting for server log...
> Waiting for server log...
> ef9bc367c3ae: start
> listeningOn==127.0.0.1:38649==
> osReleaseId==almalinux==
> arch==x86_64==
> vscodeArch==x64==
> bitness==64==
> tmpDir==/run/user/236247==
> platform==linux==
> unpackResult====
> didLocalDownload==0==
> downloadTime====
> installTime====
> serverStartTime==82==
> execServerToken==1a1a11aa-11a1-1111-a1a1-1111aa1a1a11==
> platformDownloadPath==cli-alpine-x64==
> ef9bc367c3ae: end
[13:36:00.064] Received install output: 
listeningOn==127.0.0.1:38649==
osReleaseId==almalinux==
arch==x86_64==
vscodeArch==x64==
bitness==64==
tmpDir==/run/user/236247==
platform==linux==
unpackResult====
didLocalDownload==0==
downloadTime====
installTime====
serverStartTime==82==
execServerToken==1a1a11aa-11a1-1111-a1a1-1111aa1a1a11==
platformDownloadPath==cli-alpine-x64==

[13:36:00.065] Remote server is listening on port 38649
[13:36:00.065] Parsed server configuration: {"serverConfiguration":{"remoteListeningOn":{"port":38649},"osReleaseId":"almalinux","arch":"x86_64","tmpDir":"/run/user/236247","platform":"linux","execServerToken":"1a1a11aa-11a1-1111-a1a1-1111aa1a1a11"},"serverStartTime":82,"installUnpackCode":""}
[13:36:00.066] Persisting server connection details to /home/aws/.config/Code/User/globalStorage/ms-vscode-remote.remote-ssh/vscode-ssh-host-55237ef1-d78a74bcdfad14d5d3b1b782f87255d802b57511-0.114.3-es/data.json
[13:36:00.071] Starting forwarding server. local port 41715 -> socksPort 33241 -> remotePort 38649
[13:36:00.071] Forwarding server listening on port 41715
[13:36:00.071] Waiting for ssh tunnel to be ready
[13:36:00.072] [Forwarding server port 41715] Got connection 0
[13:36:00.074] Tunneled port 38649 to local port 41715
[13:36:00.074] Resolved "ssh-remote+dtuhpc" to "port 41715"
[13:36:00.088] Initizing new exec server for ssh-remote+dtuhpc
[13:36:00.088] Resolving exec server at port 41715
[13:36:00.114] [Forwarding server port 41715] Got connection 1
[13:36:00.283] Exec server for ssh-remote+dtuhpc created and cached
[13:36:00.292] ------




[13:36:00.320] [server] Checking /zhome/1a/4/136247/.vscode-server/cli/servers/Stable-d78a74bcdfad14d5d3b1b782f87255d802b57511/log.txt and /zhome/1a/4/136247/.vscode-server/cli/servers/Stable-d78a74bcdfad14d5d3b1b782f87255d802b57511/pid.txt for a running server...
[13:36:00.366] [server] Installing and setting up Visual Studio Code Server...
[13:36:00.367] [server] Server setup complete
[13:36:00.368] [server] Starting server...
[13:36:00.368] [server] Starting server with command... Command { std: "/zhome/1a/4/136247/.vscode-server/cli/servers/Stable-d78a74bcdfad14d5d3b1b782f87255d802b57511/server/bin/code-server" "--connection-token=remotessh" "--accept-server-license-terms" "--start-server" "--enable-remote-auto-shutdown" "--socket-path=/tmp/code-62f2c1e3-f7ee-4a0d-b09c-2637c6d8b488", kill_on_drop: false }
[13:36:00.382] [server] *
[13:36:00.382] [server] * Visual Studio Code Server
[13:36:00.382] [server] *
[13:36:00.382] [server] * By using the software, you agree to
[13:36:00.383] [server] * the Visual Studio Code Server License Terms (https://aka.ms/vscode-server-license) and
[13:36:00.383] [server] * the Microsoft Privacy Statement (https://privacy.microsoft.com/en-US/privacystatement).
[13:36:00.383] [server] *
[13:36:00.384] [server] Server bound to /tmp/code-62f2c1e3-f7ee-4a0d-b09c-2637c6d8b488
[13:36:00.384] [server] Extension host agent listening on /tmp/code-62f2c1e3-f7ee-4a0d-b09c-2637c6d8b488
[13:36:00.384] [server] parsed location: "/tmp/code-62f2c1e3-f7ee-4a0d-b09c-2637c6d8b488"
[13:36:00.384] [server] 
[13:36:00.384] [server] Server started
[13:36:00.504] [server] [13:36:00] 
[13:36:00.549] [server] 
[13:36:00.550] [server] 
[13:36:00.550] [server] 
[13:36:00.722] [server] [13:36:00] Extension host agent started.
[13:36:00.752] [server] [13:36:00] [<unknown>][f7e9315c][ManagementConnection] New connection established.
[13:36:00.794] [server] [13:36:00] [<unknown>][4c737d83][ExtensionHostConnection] New connection established.
[13:36:01.042] [server] [13:36:00] [<unknown>][4c737d83][ExtensionHostConnection] <3783488> Launched Extension Host Process.
