2024-10-08 16:46:28.018 [info] Added views:outline in workbench.view.explorer
2024-10-08 16:46:28.018 [info] Added views:workbench.view.search in workbench.view.search
2024-10-08 16:46:28.018 [info] Added views:workbench.scm in workbench.view.scm
2024-10-08 16:46:28.018 [info] Added views:workbench.panel.markers.view in workbench.panel.markers
2024-10-08 16:46:28.018 [info] Added views:workbench.panel.output in workbench.panel.output
2024-10-08 16:46:28.018 [info] Added views:terminal in terminal
2024-10-08 16:46:28.018 [info] Added views:timeline in workbench.view.explorer
2024-10-08 16:46:28.018 [info] Added views:workbench.debug.welcome in workbench.view.debug
2024-10-08 16:46:28.019 [info] Added views:workbench.explorer.fileView in workbench.view.explorer
2024-10-08 16:46:30.067 [info] Added views:~remote.forwardedPorts in ~remote.forwardedPortsContainer
2024-10-08 16:46:46.879 [info] Added views:workbench.views.extensions.local.installed,workbench.views.extensions.remote.installed,workbench.views.extensions.popular,extensions.recommendedList in workbench.view.extensions
2024-10-08 16:46:46.882 [info] Removed views:workbench.views.extensions.popular from workbench.view.extensions
2024-10-08 16:46:58.028 [info] Added views:~remote.helpPanel in workbench.view.remote
2024-10-08 16:46:58.058 [info] Added views:remoteTargets in workbench.view.remote
2024-10-08 16:47:02.945 [info] Added views:outline in workbench.view.explorer
2024-10-08 16:47:02.945 [info] Added views:workbench.view.search in workbench.view.search
2024-10-08 16:47:02.945 [info] Added views:workbench.scm in workbench.view.scm
2024-10-08 16:47:02.945 [info] Added views:workbench.panel.markers.view in workbench.panel.markers
2024-10-08 16:47:02.945 [info] Added views:workbench.panel.output in workbench.panel.output
2024-10-08 16:47:02.945 [info] Added views:terminal in terminal
2024-10-08 16:47:02.945 [info] Added views:timeline in workbench.view.explorer
2024-10-08 16:47:02.945 [info] Added views:workbench.explorer.emptyView in workbench.view.explorer
2024-10-08 16:47:03.311 [info] Added views:workbench.debug.variablesView,workbench.debug.watchExpressionsView,workbench.debug.callStackView,workbench.debug.breakPointsView in workbench.view.debug
2024-10-08 16:47:03.345 [info] Added views:remoteTargets in workbench.view.remote
2024-10-08 16:47:03.463 [info] Added views:workbench.panel.repl.view in workbench.panel.repl
2024-10-08 16:47:03.464 [info] Removed views:workbench.debug.breakPointsView,workbench.debug.callStackView,workbench.debug.watchExpressionsView,workbench.debug.variablesView from workbench.view.debug
2024-10-08 16:47:03.464 [info] Added views:workbench.debug.welcome in workbench.view.debug
2024-10-08 16:47:03.481 [info] Added views:~remote.forwardedPorts in ~remote.forwardedPortsContainer
2024-10-08 16:47:13.497 [info] Added views:outline in workbench.view.explorer
2024-10-08 16:47:13.497 [info] Added views:workbench.view.search in workbench.view.search
2024-10-08 16:47:13.497 [info] Added views:workbench.scm in workbench.view.scm
2024-10-08 16:47:13.497 [info] Added views:workbench.panel.markers.view in workbench.panel.markers
2024-10-08 16:47:13.497 [info] Added views:workbench.panel.output in workbench.panel.output
2024-10-08 16:47:13.497 [info] Added views:terminal in terminal
2024-10-08 16:47:13.497 [info] Added views:timeline in workbench.view.explorer
2024-10-08 16:47:13.497 [info] Added views:workbench.explorer.fileView in workbench.view.explorer
2024-10-08 16:47:13.625 [info] Added views:workbench.debug.variablesView,workbench.debug.watchExpressionsView,workbench.debug.callStackView,workbench.debug.breakPointsView in workbench.view.debug
2024-10-08 16:47:13.828 [info] Added views:remoteTargets in workbench.view.remote
2024-10-08 16:47:13.980 [info] Added views:workbench.panel.repl.view in workbench.panel.repl
2024-10-08 16:47:13.981 [info] Removed views:workbench.debug.breakPointsView,workbench.debug.callStackView,workbench.debug.watchExpressionsView,workbench.debug.variablesView from workbench.view.debug
2024-10-08 16:47:13.982 [info] Added views:workbench.debug.welcome in workbench.view.debug
2024-10-08 16:47:14.021 [info] Added views:~remote.forwardedPorts in ~remote.forwardedPortsContainer
2024-10-08 16:47:38.347 [info] Added views:workbench.views.extensions.installed,workbench.views.extensions.popular,extensions.recommendedList in workbench.view.extensions
2024-10-08 16:47:38.351 [info] Removed views:workbench.views.extensions.popular from workbench.view.extensions
2024-10-08 16:47:38.934 [info] Removed views:extensions.recommendedList,workbench.views.extensions.installed from workbench.view.extensions
2024-10-08 16:47:38.946 [info] Added views:workbench.views.extensions.marketplace in workbench.view.extensions
2024-10-08 16:47:49.048 [info] Added views:workbench.view.testing in workbench.view.extension.test
