2024-10-04 12:53:45.963 [info] [main] Log level: Info
2024-10-04 12:53:45.963 [info] [main] Validating found git in: "git"
2024-10-04 12:53:45.963 [info] [main] Using git "2.46.2" from "git"
2024-10-04 12:53:45.963 [info] [Model][doInitialScan] Initial repository scan started
2024-10-04 12:53:45.963 [info] > git rev-parse --show-toplevel [7ms]
2024-10-04 12:53:45.963 [info] fatal: not a git repository (or any parent up to mount point /)
Stopping at filesystem boundary (GIT_DISCOVERY_ACROSS_FILESYSTEM not set).
2024-10-04 12:53:45.963 [info] > git rev-parse --show-toplevel [95ms]
2024-10-04 12:53:45.963 [info] fatal: not a git repository (or any parent up to mount point /)
Stopping at filesystem boundary (GIT_DISCOVERY_ACROSS_FILESYSTEM not set).
2024-10-04 12:53:45.964 [info] > git rev-parse --show-toplevel [10ms]
2024-10-04 12:53:45.964 [info] fatal: not a git repository (or any parent up to mount point /)
Stopping at filesystem boundary (GIT_DISCOVERY_ACROSS_FILESYSTEM not set).
2024-10-04 12:53:45.981 [info] > git rev-parse --show-toplevel [3ms]
2024-10-04 12:53:45.981 [info] fatal: not a git repository (or any parent up to mount point /)
Stopping at filesystem boundary (GIT_DISCOVERY_ACROSS_FILESYSTEM not set).
2024-10-04 12:53:45.992 [info] > git rev-parse --show-toplevel [2ms]
2024-10-04 12:53:45.992 [info] fatal: not a git repository (or any parent up to mount point /)
Stopping at filesystem boundary (GIT_DISCOVERY_ACROSS_FILESYSTEM not set).
2024-10-04 12:53:46.006 [info] > git rev-parse --show-toplevel [2ms]
2024-10-04 12:53:46.020 [info] > git rev-parse --git-dir --git-common-dir [2ms]
2024-10-04 12:53:46.032 [info] [Model][openRepository] Opened repository: /home/aws/Documents/DeepLearning
2024-10-04 12:53:46.055 [info] > git rev-parse --show-toplevel [3ms]
2024-10-04 12:53:46.055 [info] fatal: not a git repository (or any parent up to mount point /)
Stopping at filesystem boundary (GIT_DISCOVERY_ACROSS_FILESYSTEM not set).
2024-10-04 12:53:46.056 [info] > git config --get commit.template [11ms]
2024-10-04 12:53:46.078 [info] > git rev-parse --show-toplevel [13ms]
2024-10-04 12:53:46.078 [info] fatal: not a git repository (or any parent up to mount point /)
Stopping at filesystem boundary (GIT_DISCOVERY_ACROSS_FILESYSTEM not set).
2024-10-04 12:53:46.089 [info] > git for-each-ref --format=%(refname)%00%(upstream:short)%00%(objectname)%00%(upstream:track)%00%(upstream:remotename)%00%(upstream:remoteref) refs/heads/master refs/remotes/master [12ms]
2024-10-04 12:53:46.098 [warning] [Git][revParse] Unable to read file: ENOENT: no such file or directory, open '/home/aws/Documents/DeepLearning/.git/refs/remotes/origin/master'
2024-10-04 12:53:46.099 [info] > git rev-parse --show-toplevel [11ms]
2024-10-04 12:53:46.099 [info] fatal: not a git repository (or any parent up to mount point /)
Stopping at filesystem boundary (GIT_DISCOVERY_ACROSS_FILESYSTEM not set).
2024-10-04 12:53:46.110 [info] > git rev-parse refs/remotes/origin/master [12ms]
2024-10-04 12:53:46.131 [info] > git rev-parse --show-toplevel [22ms]
2024-10-04 12:53:46.131 [info] fatal: not a git repository (or any parent up to mount point /)
Stopping at filesystem boundary (GIT_DISCOVERY_ACROSS_FILESYSTEM not set).
2024-10-04 12:53:46.150 [info] > git status -z -uall [30ms]
2024-10-04 12:53:46.150 [info] > git for-each-ref --sort -committerdate --format %(refname) %(objectname) %(*objectname) [21ms]
2024-10-04 12:53:46.153 [info] > git rev-parse --show-toplevel [3ms]
2024-10-04 12:53:46.153 [info] fatal: not a git repository (or any parent up to mount point /)
Stopping at filesystem boundary (GIT_DISCOVERY_ACROSS_FILESYSTEM not set).
2024-10-04 12:53:46.188 [info] > git for-each-ref --format=%(refname)%00%(upstream:short)%00%(objectname)%00%(upstream:track)%00%(upstream:remotename)%00%(upstream:remoteref) refs/heads/master refs/remotes/master [21ms]
2024-10-04 12:53:46.202 [info] > git config --local branch.master.vscode-merge-base [3ms]
2024-10-04 12:53:46.212 [info] > git config --get commit.template [26ms]
2024-10-04 12:53:46.212 [info] > git rev-parse --show-toplevel [33ms]
2024-10-04 12:53:46.212 [info] fatal: not a git repository (or any parent up to mount point /)
Stopping at filesystem boundary (GIT_DISCOVERY_ACROSS_FILESYSTEM not set).
2024-10-04 12:53:46.216 [info] [Model][doInitialScan] Initial repository scan completed - repositories (1), closed repositories (0), parent repositories (0), unsafe repositories (0)
2024-10-04 12:53:46.217 [info] > git for-each-ref --format=%(refname)%00%(upstream:short)%00%(objectname)%00%(upstream:track)%00%(upstream:remotename)%00%(upstream:remoteref) refs/heads/origin/master refs/remotes/origin/master [6ms]
2024-10-04 12:53:46.296 [info] > git merge-base refs/heads/master refs/remotes/origin/master [68ms]
2024-10-04 12:53:46.335 [info] > git diff --name-status -z --diff-filter=ADMR 56a1e7a2f56858588ff7c3ed0b355c7478b97d22...refs/remotes/origin/master [28ms]
2024-10-04 12:53:46.336 [info] > git for-each-ref --format=%(refname)%00%(upstream:short)%00%(objectname)%00%(upstream:track)%00%(upstream:remotename)%00%(upstream:remoteref) refs/heads/master refs/remotes/master [46ms]
2024-10-04 12:53:46.347 [warning] [Git][revParse] Unable to read file: ENOENT: no such file or directory, open '/home/aws/Documents/DeepLearning/.git/refs/remotes/origin/master'
2024-10-04 12:53:46.349 [info] > git rev-parse refs/remotes/origin/master [2ms]
2024-10-04 12:53:46.370 [info] > git for-each-ref --sort -committerdate --format %(refname) %(objectname) %(*objectname) [3ms]
2024-10-04 12:53:46.386 [info] > git status -z -uall [28ms]
2024-10-04 12:53:46.658 [info] > git check-ignore -v -z --stdin [2ms]
2024-10-04 12:53:46.849 [info] > git rev-parse --show-toplevel [3ms]
2024-10-04 12:53:46.849 [info] fatal: not a git repository (or any parent up to mount point /)
Stopping at filesystem boundary (GIT_DISCOVERY_ACROSS_FILESYSTEM not set).
2024-10-04 12:54:45.712 [info] > git rev-parse --show-toplevel [12ms]
2024-10-04 12:54:45.712 [info] fatal: not a git repository (or any parent up to mount point /)
Stopping at filesystem boundary (GIT_DISCOVERY_ACROSS_FILESYSTEM not set).
2024-10-04 13:26:30.632 [info] [main] Log level: Info
2024-10-04 13:26:30.632 [info] [main] Validating found git in: "git"
2024-10-04 13:26:30.632 [info] [main] Using git "2.46.2" from "git"
2024-10-04 13:26:30.632 [info] [Model][doInitialScan] Initial repository scan started
2024-10-04 13:26:30.632 [info] [Model][doInitialScan] Initial repository scan completed - repositories (0), closed repositories (0), parent repositories (0), unsafe repositories (0)
2024-10-04 13:40:30.957 [info] [main] Log level: Info
2024-10-04 13:40:30.957 [info] [main] Validating found git in: "git"
2024-10-04 13:40:30.957 [info] [main] Using git "2.46.2" from "git"
2024-10-04 13:40:30.957 [info] [Model][doInitialScan] Initial repository scan started
2024-10-04 13:40:30.957 [info] [Model][doInitialScan] Initial repository scan completed - repositories (0), closed repositories (0), parent repositories (0), unsafe repositories (0)
