2024-10-04 12:53:44.329 [info] Started local extension host with pid 65027.
2024-10-04 12:53:46.957 [error] ENOENT: no such file or directory, open '/home/aws/.config/Code/User/globalStorage/vscodevim.vim/.registers': Error: ENOENT: no such file or directory, open '/home/aws/.config/Code/User/globalStorage/vscodevim.vim/.registers'
2024-10-04 12:53:47.183 [info] [perf] Render performance baseline is 41ms
2024-10-04 12:53:51.090 [error] [network] #8: https://marketplace.visualstudio.com/_apis/public/gallery/extensionquery - error POST Canceled
2024-10-04 12:55:01.866 [info] Invoking resolveAuthority(ssh-remote)...
2024-10-04 12:55:01.866 [info] [LocalProcess0][resolveAuthority(ssh-remote,1)][0ms] obtaining proxy...
2024-10-04 12:55:01.895 [info] Started local extension host with pid 65277.
2024-10-04 12:55:02.516 [info] [LocalProcess0][resolveAuthority(ssh-remote,1)][656ms] invoking...
2024-10-04 12:55:03.517 [info] [LocalProcess0][resolveAuthority(ssh-remote,1)][1656ms] waiting...
2024-10-04 12:55:04.517 [info] [LocalProcess0][resolveAuthority(ssh-remote,1)][2656ms] waiting...
2024-10-04 12:55:05.517 [info] [LocalProcess0][resolveAuthority(ssh-remote,1)][3656ms] waiting...
2024-10-04 12:55:06.517 [info] [LocalProcess0][resolveAuthority(ssh-remote,1)][4656ms] waiting...
2024-10-04 12:55:07.517 [info] [LocalProcess0][resolveAuthority(ssh-remote,1)][5656ms] waiting...
2024-10-04 12:55:08.518 [info] [LocalProcess0][resolveAuthority(ssh-remote,1)][6657ms] waiting...
2024-10-04 12:55:09.518 [info] [LocalProcess0][resolveAuthority(ssh-remote,1)][7656ms] waiting...
2024-10-04 12:55:10.517 [info] [LocalProcess0][resolveAuthority(ssh-remote,1)][8656ms] waiting...
2024-10-04 12:55:11.517 [info] [LocalProcess0][resolveAuthority(ssh-remote,1)][9656ms] waiting...
2024-10-04 12:55:12.517 [info] [LocalProcess0][resolveAuthority(ssh-remote,1)][10656ms] waiting...
2024-10-04 12:55:13.517 [info] [LocalProcess0][resolveAuthority(ssh-remote,1)][11656ms] waiting...
2024-10-04 12:55:14.517 [info] [LocalProcess0][resolveAuthority(ssh-remote,1)][12656ms] waiting...
2024-10-04 12:55:15.517 [info] [LocalProcess0][resolveAuthority(ssh-remote,1)][13656ms] waiting...
2024-10-04 12:55:16.517 [info] [LocalProcess0][resolveAuthority(ssh-remote,1)][14656ms] waiting...
2024-10-04 12:55:17.517 [info] [LocalProcess0][resolveAuthority(ssh-remote,1)][15656ms] waiting...
2024-10-04 12:55:18.517 [info] [LocalProcess0][resolveAuthority(ssh-remote,1)][16656ms] waiting...
2024-10-04 12:55:19.517 [info] [LocalProcess0][resolveAuthority(ssh-remote,1)][17656ms] waiting...
2024-10-04 12:55:19.864 [info] [LocalProcess0][resolveAuthority(ssh-remote,1)][18003ms] returned Managed(1)
2024-10-04 12:55:19.864 [info] resolveAuthority(ssh-remote) returned 'Managed(1)' after 18005 ms
2024-10-04 12:55:19.866 [info] Creating a socket (renderer-Management-8dfba93a-e731-466a-ba48-ed8e845c6e19)...
2024-10-04 12:55:19.867 [info] Creating a socket (renderer-ExtensionHost-e7ecb8d3-bee5-4522-954e-520b727ccdf2)...
2024-10-04 12:55:30.374 [info] Creating a socket (renderer-ExtensionHost-e7ecb8d3-bee5-4522-954e-520b727ccdf2) was successful after 10507 ms.
2024-10-04 12:55:30.375 [info] Creating a socket (renderer-Management-8dfba93a-e731-466a-ba48-ed8e845c6e19) was successful after 10509 ms.
2024-10-04 12:55:31.921 [info] [perf] Render performance baseline is 44ms
2024-10-04 12:55:32.529 [error] ENOENT: no such file or directory, open '/home/aws/.config/Code/User/globalStorage/vscodevim.vim/.registers': Error: ENOENT: no such file or directory, open '/home/aws/.config/Code/User/globalStorage/vscodevim.vim/.registers'
2024-10-04 12:55:58.074 [info] Extension host (Remote) is unresponsive.
2024-10-04 12:56:03.795 [info] Extension host (Remote) is responsive.
2024-10-04 12:56:33.166 [info] Started local extension host with pid 65396.
2024-10-04 12:56:33.990 [info] Invoking resolveAuthority(ssh-remote)...
2024-10-04 12:56:33.990 [info] [LocalProcess0][resolveAuthority(ssh-remote,1)][0ms] obtaining proxy...
2024-10-04 12:56:33.991 [info] [LocalProcess0][resolveAuthority(ssh-remote,1)][0ms] invoking...
2024-10-04 12:56:34.191 [info] [LocalProcess0][resolveAuthority(ssh-remote,1)][201ms] returned Managed(1)
2024-10-04 12:56:34.192 [info] resolveAuthority(ssh-remote) returned 'Managed(1)' after 202 ms
2024-10-04 12:56:34.192 [info] Creating a socket (renderer-Management-83b1bdb3-14f2-45f0-9746-783e12a972d1)...
2024-10-04 12:56:34.193 [info] Creating a socket (renderer-ExtensionHost-8013db7b-3e21-4876-b7ed-414474da44a7)...
2024-10-04 12:56:34.321 [info] Creating a socket (renderer-Management-83b1bdb3-14f2-45f0-9746-783e12a972d1) was successful after 128 ms.
2024-10-04 12:56:34.340 [info] Creating a socket (renderer-ExtensionHost-8013db7b-3e21-4876-b7ed-414474da44a7) was successful after 140 ms.
2024-10-04 12:56:36.021 [info] [perf] Render performance baseline is 46ms
2024-10-04 12:56:36.440 [error] ENOENT: no such file or directory, open '/home/aws/.config/Code/User/globalStorage/vscodevim.vim/.registers': Error: ENOENT: no such file or directory, open '/home/aws/.config/Code/User/globalStorage/vscodevim.vim/.registers'
2024-10-04 12:56:51.211 [info] Not activating extension 'vscode.npm': Timed out while searching for 'workspaceContains' pattern package.json
2024-10-04 12:57:13.433 [error] [network] #9: https://marketplace.visualstudio.com/_apis/public/gallery/extensionquery - error POST Canceled
2024-10-04 12:58:59.110 [info] Extension host (Remote) is unresponsive.
2024-10-04 12:59:04.562 [info] Extension host (Remote) is responsive.
2024-10-04 13:00:04.050 [error] EntryNotFound (FileSystemError): Error: ENOENT: no such file or directory, stat '/zhome/1a/4/136247/code/test.py'
    at q6.create (file:///zhome/1a/4/136247/.vscode-server/cli/servers/Stable-d78a74bcdfad14d5d3b1b782f87255d802b57511/server/out/vs/server/node/server.main.js:48:71130)
    at Ii (file:///zhome/1a/4/136247/.vscode-server/cli/servers/Stable-d78a74bcdfad14d5d3b1b782f87255d802b57511/server/out/vs/server/node/server.main.js:48:71237)
    at Aa.ib (file:///zhome/1a/4/136247/.vscode-server/cli/servers/Stable-d78a74bcdfad14d5d3b1b782f87255d802b57511/server/out/vs/server/node/server.main.js:66:21556)
    at Aa.stat (file:///zhome/1a/4/136247/.vscode-server/cli/servers/Stable-d78a74bcdfad14d5d3b1b782f87255d802b57511/server/out/vs/server/node/server.main.js:66:14875)
2024-10-04 13:03:07.911 [info] Installing UI dependencies and packed extensions of 'ms-toolsai.jupyter' locally
2024-10-04 13:03:34.868 [error] [Extension Host] error 13:03:35.122: Jupyter Extension: Disposing kernel process due to an error Error: The kernel died. Error: /zhome/1a/4/136247/miniconda3/bin/python: No module named ipykernel_launcher... View Jupyter [log](command:jupyter.viewOutput) for further details.
    > Kernel Id = .jvsc74a57bd06ee3cc9331586ac741b4c0470c4d933f49b4d7043688c1581ab7f35fea4e83cb./zhome/1a/4/136247/miniconda3/python./zhome/1a/4/136247/miniconda3/python.-m#ipykernel_launcher
    > Interpreter Id = ~/miniconda3/bin/python
    > at ChildProcess.<anonymous> (/zhome/1a/4/136247/.vscode-server/extensions/ms-toolsai.jupyter-2024.9.1-linux-x64/dist/extension.node.js:299:44598)
    > stdErr = /zhome/1a/4/136247/miniconda3/bin/python: No module named ipykernel_launcher
2024-10-04 13:03:34.869 [error] [Extension Host] error 13:03:35.125: Jupyter Extension: Failed to connect raw kernel session: Error: The kernel died. Error: /zhome/1a/4/136247/miniconda3/bin/python: No module named ipykernel_launcher... View Jupyter [log](command:jupyter.viewOutput) for further details.
2024-10-04 13:03:34.870 [error] [Extension Host] error 13:03:35.125: Jupyter Extension: Failed to connect raw kernel session: Error: The kernel died. Error: /zhome/1a/4/136247/miniconda3/bin/python: No module named ipykernel_launcher... View Jupyter [log](command:jupyter.viewOutput) for further details.
2024-10-04 13:04:38.934 [info] Extension host (Remote) is unresponsive.
2024-10-04 13:04:42.238 [info] Extension host (Remote) is responsive.
2024-10-04 13:06:04.156 [info] Extension host (Remote) is unresponsive.
2024-10-04 13:06:15.581 [info] Extension host (Remote) is responsive.
2024-10-04 13:26:28.540 [warning] [backup tracker] suspended, ignoring dirty change event vscode-remote://ssh-remote%2Bdtuhpc/zhome/1a/4/136247/DeepLearning/02456-deep-learning-with-PyTorch/5_Transformers/5_1_EXE_deep_learning_with_transformers.ipynb notebook/jupyter-notebook/jupyter-notebook
2024-10-04 13:26:29.544 [info] Started local extension host with pid 67127.
2024-10-04 13:26:31.896 [error] ENOENT: no such file or directory, open '/home/aws/.config/Code/User/globalStorage/vscodevim.vim/.registers': Error: ENOENT: no such file or directory, open '/home/aws/.config/Code/User/globalStorage/vscodevim.vim/.registers'
2024-10-04 13:26:32.371 [info] [perf] Render performance baseline is 40ms
2024-10-04 13:35:58.296 [info] Started local extension host with pid 67452.
2024-10-04 13:35:58.733 [info] Invoking resolveAuthority(ssh-remote)...
2024-10-04 13:35:58.733 [info] [LocalProcess0][resolveAuthority(ssh-remote,1)][0ms] obtaining proxy...
2024-10-04 13:35:58.733 [info] [LocalProcess0][resolveAuthority(ssh-remote,1)][1ms] invoking...
2024-10-04 13:35:59.734 [info] [LocalProcess0][resolveAuthority(ssh-remote,1)][1001ms] waiting...
2024-10-04 13:36:00.315 [info] [LocalProcess0][resolveAuthority(ssh-remote,1)][1583ms] returned Managed(1)
2024-10-04 13:36:00.316 [info] resolveAuthority(ssh-remote) returned 'Managed(1)' after 1583 ms
2024-10-04 13:36:00.316 [info] Creating a socket (renderer-Management-f7e9315c-057e-4fd0-a800-07a0a42c330e)...
2024-10-04 13:36:00.316 [info] Creating a socket (renderer-ExtensionHost-4c737d83-4e77-43fd-9de2-2fafaf5ea952)...
2024-10-04 13:36:00.724 [info] Creating a socket (renderer-Management-f7e9315c-057e-4fd0-a800-07a0a42c330e) was successful after 407 ms.
2024-10-04 13:36:00.725 [info] Creating a socket (renderer-ExtensionHost-4c737d83-4e77-43fd-9de2-2fafaf5ea952) was successful after 408 ms.
2024-10-04 13:36:03.600 [info] [perf] Render performance baseline is 31ms
2024-10-04 13:40:29.639 [warning] [backup tracker] suspended, ignoring unregister event vscode-remote://ssh-remote%2Bdtuhpc/zhome/1a/4/136247/.vscode-server/cli/servers/Stable-d78a74bcdfad14d5d3b1b782f87255d802b57511/server/extensions/github-authentication/package.json 
2024-10-04 13:40:29.640 [warning] [backup tracker] suspended, ignoring unregister event vscode-remote://ssh-remote%2Bdtuhpc/zhome/1a/4/136247/.vscode-server/cli/servers/Stable-d78a74bcdfad14d5d3b1b782f87255d802b57511/server/extensions/extension-editing/package.json 
2024-10-04 13:40:29.640 [warning] [backup tracker] suspended, ignoring unregister event vscode-remote://ssh-remote%2Bdtuhpc/zhome/1a/4/136247/.vscode-server/cli/servers/Stable-d78a74bcdfad14d5d3b1b782f87255d802b57511/server/extensions/git/package.json 
2024-10-04 13:40:29.640 [warning] [backup tracker] suspended, ignoring unregister event vscode-remote://ssh-remote%2Bdtuhpc/zhome/1a/4/136247/.vscode-server/cli/servers/Stable-d78a74bcdfad14d5d3b1b782f87255d802b57511/server/extensions/css-language-features/server/package.json 
2024-10-04 13:40:29.640 [warning] [backup tracker] suspended, ignoring unregister event vscode-remote://ssh-remote%2Bdtuhpc/zhome/1a/4/136247/.vscode-server/cli/servers/Stable-d78a74bcdfad14d5d3b1b782f87255d802b57511/server/extensions/media-preview/package.json 
2024-10-04 13:40:29.641 [warning] [backup tracker] suspended, ignoring unregister event vscode-remote://ssh-remote%2Bdtuhpc/zhome/1a/4/136247/.vscode-server/cli/servers/Stable-d78a74bcdfad14d5d3b1b782f87255d802b57511/server/extensions/debug-auto-launch/package.json 
2024-10-04 13:40:29.641 [warning] [backup tracker] suspended, ignoring unregister event vscode-remote://ssh-remote%2Bdtuhpc/zhome/1a/4/136247/.vscode-server/cli/servers/Stable-d78a74bcdfad14d5d3b1b782f87255d802b57511/server/extensions/typescript-language-features/package.json 
2024-10-04 13:40:29.641 [warning] [backup tracker] suspended, ignoring unregister event vscode-remote://ssh-remote%2Bdtuhpc/zhome/1a/4/136247/miniconda3/pkgs/notebook-7.2.2-py310h06a4308_1/share/jupyter/labextensions/%40jupyter-notebook/lab-extension/package.json 
2024-10-04 13:40:29.642 [warning] [backup tracker] suspended, ignoring unregister event vscode-remote://ssh-remote%2Bdtuhpc/zhome/1a/4/136247/miniconda3/pkgs/jupyterlab-4.2.5-py310h06a4308_0/lib/python3.10/site-packages/jupyterlab/tests/mock_packages/mimeextension/package.json 
2024-10-04 13:40:29.642 [warning] [backup tracker] suspended, ignoring unregister event vscode-remote://ssh-remote%2Bdtuhpc/zhome/1a/4/136247/miniconda3/pkgs/jupyterlab-4.2.5-py310h06a4308_0/lib/python3.10/site-packages/jupyterlab/tests/mock_packages/test_no_hyphens/package.json 
2024-10-04 13:40:29.643 [warning] [backup tracker] suspended, ignoring unregister event vscode-remote://ssh-remote%2Bdtuhpc/zhome/1a/4/136247/miniconda3/pkgs/jupyterlab-4.2.5-py310h06a4308_0/lib/python3.10/site-packages/jupyterlab/tests/mock_packages/test-hyphens/package.json 
2024-10-04 13:40:29.643 [warning] [backup tracker] suspended, ignoring unregister event vscode-remote://ssh-remote%2Bdtuhpc/zhome/1a/4/136247/miniconda3/pkgs/jupyterlab-4.2.5-py310h06a4308_0/lib/python3.10/site-packages/jupyterlab/tests/mock_packages/package/package.json 
2024-10-04 13:40:29.644 [warning] [backup tracker] suspended, ignoring unregister event vscode-remote://ssh-remote%2Bdtuhpc/zhome/1a/4/136247/miniconda3/pkgs/jupyterlab-4.2.5-py310h06a4308_0/lib/python3.10/site-packages/jupyterlab/tests/mock_packages/interop/provider/package.json 
2024-10-04 13:40:29.644 [warning] [backup tracker] suspended, ignoring unregister event vscode-remote://ssh-remote%2Bdtuhpc/zhome/1a/4/136247/miniconda3/pkgs/jupyterlab-4.2.5-py310h06a4308_0/lib/python3.10/site-packages/jupyterlab/staging/package.json 
2024-10-04 13:40:29.645 [warning] [backup tracker] suspended, ignoring unregister event vscode-remote://ssh-remote%2Bdtuhpc/zhome/1a/4/136247/miniconda3/pkgs/jupyterlab-4.2.5-py310h06a4308_0/lib/python3.10/site-packages/jupyterlab/static/package.json 
2024-10-04 13:40:29.645 [warning] [backup tracker] suspended, ignoring unregister event vscode-remote://ssh-remote%2Bdtuhpc/zhome/1a/4/136247/miniconda3/envs/myenv/share/jupyter/labextensions/%40jupyter-notebook/lab-extension/package.json 
2024-10-04 13:40:29.646 [warning] [backup tracker] suspended, ignoring unregister event vscode-remote://ssh-remote%2Bdtuhpc/zhome/1a/4/136247/miniconda3/envs/myenv/share/jupyter/lab/static/package.json 
2024-10-04 13:40:29.646 [warning] [backup tracker] suspended, ignoring unregister event vscode-remote://ssh-remote%2Bdtuhpc/zhome/1a/4/136247/miniconda3/envs/myenv/lib/python3.1/site-packages/jupyterlab/galata/%40jupyterlab/galata-extension/package.json 
2024-10-04 13:40:29.646 [warning] [backup tracker] suspended, ignoring unregister event vscode-remote://ssh-remote%2Bdtuhpc/zhome/1a/4/136247/miniconda3/envs/myenv/lib/python3.1/site-packages/jupyterlab/tests/mock_packages/extension/package.json 
2024-10-04 13:40:29.647 [warning] [backup tracker] suspended, ignoring unregister event vscode-remote://ssh-remote%2Bdtuhpc/zhome/1a/4/136247/miniconda3/envs/myenv/lib/python3.1/site-packages/jupyterlab/tests/mock_packages/mimeextension/package.json 
2024-10-04 13:40:29.647 [warning] [backup tracker] suspended, ignoring unregister event vscode-remote://ssh-remote%2Bdtuhpc/zhome/1a/4/136247/miniconda3/envs/myenv/lib/python3.1/site-packages/jupyterlab/tests/mock_packages/test-hyphens/package.json 
2024-10-04 13:40:29.647 [warning] [backup tracker] suspended, ignoring unregister event vscode-remote://ssh-remote%2Bdtuhpc/zhome/1a/4/136247/miniconda3/envs/myenv/lib/python3.1/site-packages/jupyterlab/tests/mock_packages/package/package.json 
2024-10-04 13:40:29.648 [warning] [backup tracker] suspended, ignoring unregister event vscode-remote://ssh-remote%2Bdtuhpc/zhome/1a/4/136247/miniconda3/envs/myenv/lib/python3.1/site-packages/jupyterlab/tests/mock_packages/interop/provider/package.json 
2024-10-04 13:40:29.648 [warning] [backup tracker] suspended, ignoring unregister event vscode-remote://ssh-remote%2Bdtuhpc/zhome/1a/4/136247/miniconda3/envs/myenv/lib/python3.10/site-packages/jupyterlab/galata/%40jupyterlab/galata-extension/package.json 
2024-10-04 13:40:29.648 [warning] [backup tracker] suspended, ignoring unregister event vscode-remote://ssh-remote%2Bdtuhpc/zhome/1a/4/136247/miniconda3/envs/myenv/lib/python3.10/site-packages/jupyterlab/staging/package.json 
2024-10-04 13:40:29.649 [warning] [backup tracker] suspended, ignoring unregister event vscode-remote://ssh-remote%2Bdtuhpc/zhome/1a/4/136247/miniconda3/envs/myenv/lib/python3.10/site-packages/jupyterlab/tests/mock_packages/mimeextension/package.json 
2024-10-04 13:40:29.649 [warning] [backup tracker] suspended, ignoring unregister event vscode-remote://ssh-remote%2Bdtuhpc/zhome/1a/4/136247/miniconda3/envs/myenv/lib/python3.10/site-packages/jupyterlab/tests/mock_packages/extension/package.json 
2024-10-04 13:40:29.649 [warning] [backup tracker] suspended, ignoring unregister event vscode-remote://ssh-remote%2Bdtuhpc/zhome/1a/4/136247/miniconda3/envs/myenv/lib/python3.10/site-packages/jupyterlab/tests/mock_packages/incompat/package.json 
2024-10-04 13:40:29.650 [warning] [backup tracker] suspended, ignoring unregister event vscode-remote://ssh-remote%2Bdtuhpc/zhome/1a/4/136247/miniconda3/envs/myenv/lib/python3.10/site-packages/jupyterlab/tests/mock_packages/interop/provider/package.json 
2024-10-04 13:40:29.650 [warning] [backup tracker] suspended, ignoring unregister event vscode-remote://ssh-remote%2Bdtuhpc/zhome/1a/4/136247/miniconda3/envs/myenv/lib/python3.10/site-packages/jupyterlab/tests/mock_packages/interop/consumer/package.json 
2024-10-04 13:40:30.112 [info] Started local extension host with pid 67810.
2024-10-04 13:40:32.797 [info] [perf] Render performance baseline is 33ms
2024-10-04 13:41:46.727 [info] Started local extension host with pid 67890.
2024-10-04 13:41:47.201 [info] Invoking resolveAuthority(ssh-remote)...
2024-10-04 13:41:47.201 [info] [LocalProcess0][resolveAuthority(ssh-remote,1)][0ms] obtaining proxy...
2024-10-04 13:41:47.202 [info] [LocalProcess0][resolveAuthority(ssh-remote,1)][0ms] invoking...
2024-10-04 13:41:48.202 [info] [LocalProcess0][resolveAuthority(ssh-remote,1)][1000ms] waiting...
2024-10-04 13:41:48.868 [info] [LocalProcess0][resolveAuthority(ssh-remote,1)][1666ms] returned Managed(1)
2024-10-04 13:41:48.868 [info] resolveAuthority(ssh-remote) returned 'Managed(1)' after 1668 ms
2024-10-04 13:41:48.869 [info] Creating a socket (renderer-Management-1e6c1e2f-c93e-45d0-96e6-982dd5226356)...
2024-10-04 13:41:48.869 [info] Creating a socket (renderer-ExtensionHost-b0e3d24e-3c8d-4fb1-8fde-82773e9b6c9a)...
2024-10-04 13:41:49.016 [info] Creating a socket (renderer-Management-1e6c1e2f-c93e-45d0-96e6-982dd5226356) was successful after 147 ms.
2024-10-04 13:41:49.049 [info] Creating a socket (renderer-ExtensionHost-b0e3d24e-3c8d-4fb1-8fde-82773e9b6c9a) was successful after 179 ms.
2024-10-04 13:41:51.383 [info] [perf] Render performance baseline is 26ms
