2024-10-04 12:53:44.131 [info] Added views:outline in workbench.view.explorer
2024-10-04 12:53:44.131 [info] Added views:workbench.view.search in workbench.view.search
2024-10-04 12:53:44.132 [info] Added views:workbench.scm in workbench.view.scm
2024-10-04 12:53:44.132 [info] Added views:workbench.panel.markers.view in workbench.panel.markers
2024-10-04 12:53:44.132 [info] Added views:workbench.panel.output in workbench.panel.output
2024-10-04 12:53:44.132 [info] Added views:terminal in terminal
2024-10-04 12:53:44.132 [info] Added views:timeline in workbench.view.explorer
2024-10-04 12:53:44.132 [info] Added views:workbench.explorer.fileView in workbench.view.explorer
2024-10-04 12:53:44.388 [info] Added views:workbench.debug.welcome in workbench.view.debug
2024-10-04 12:53:45.113 [info] Added views:workbench.panel.repl.view in workbench.panel.repl
2024-10-04 12:53:45.740 [info] Added views:~remote.forwardedPorts in ~remote.forwardedPortsContainer
2024-10-04 12:53:46.080 [info] Added views:workbench.scm.history in workbench.view.scm
2024-10-04 12:53:48.534 [info] Added views:workbench.views.extensions.installed,workbench.views.extensions.popular,extensions.recommendedList in workbench.view.extensions
2024-10-04 12:53:48.537 [info] Removed views:workbench.views.extensions.popular from workbench.view.extensions
2024-10-04 12:53:50.403 [info] Removed views:extensions.recommendedList,workbench.views.extensions.installed from workbench.view.extensions
2024-10-04 12:53:50.417 [info] Added views:workbench.views.extensions.marketplace in workbench.view.extensions
2024-10-04 12:53:56.383 [info] Removed views:workbench.views.extensions.marketplace from workbench.view.extensions
2024-10-04 12:53:56.401 [info] Added views:workbench.views.extensions.installed,extensions.recommendedList in workbench.view.extensions
2024-10-04 12:53:58.654 [info] Removed views:extensions.recommendedList,workbench.views.extensions.installed from workbench.view.extensions
2024-10-04 12:53:58.667 [info] Added views:workbench.views.extensions.marketplace in workbench.view.extensions
2024-10-04 12:54:45.675 [info] Added views:remoteTargets in workbench.view.remote
2024-10-04 12:54:51.671 [info] Added views:~remote.helpPanel in workbench.view.remote
2024-10-04 12:55:01.141 [info] Removed views:workbench.scm.history from workbench.view.scm
2024-10-04 12:55:01.830 [info] Added views:outline in workbench.view.explorer
2024-10-04 12:55:01.830 [info] Added views:workbench.view.search in workbench.view.search
2024-10-04 12:55:01.830 [info] Added views:workbench.scm in workbench.view.scm
2024-10-04 12:55:01.830 [info] Added views:workbench.panel.markers.view in workbench.panel.markers
2024-10-04 12:55:01.830 [info] Added views:workbench.panel.output in workbench.panel.output
2024-10-04 12:55:01.830 [info] Added views:terminal in terminal
2024-10-04 12:55:01.830 [info] Added views:timeline in workbench.view.explorer
2024-10-04 12:55:01.830 [info] Added views:workbench.explorer.emptyView in workbench.view.explorer
2024-10-04 12:55:02.361 [info] Added views:workbench.debug.variablesView,workbench.debug.watchExpressionsView,workbench.debug.callStackView,workbench.debug.breakPointsView in workbench.view.debug
2024-10-04 12:55:02.703 [info] Added views:~remote.forwardedPorts in ~remote.forwardedPortsContainer
2024-10-04 12:55:31.067 [info] Added views:remoteTargets in workbench.view.remote
2024-10-04 12:55:31.324 [info] Removed views:workbench.debug.breakPointsView,workbench.debug.callStackView,workbench.debug.watchExpressionsView,workbench.debug.variablesView from workbench.view.debug
2024-10-04 12:55:31.325 [info] Added views:workbench.debug.welcome in workbench.view.debug
2024-10-04 12:55:31.969 [info] Added views:workbench.panel.repl.view in workbench.panel.repl
2024-10-04 12:55:45.062 [info] Added views:~remote.helpPanel in workbench.view.remote
2024-10-04 12:56:33.099 [info] Added views:outline in workbench.view.explorer
2024-10-04 12:56:33.099 [info] Added views:workbench.view.search in workbench.view.search
2024-10-04 12:56:33.099 [info] Added views:workbench.scm in workbench.view.scm
2024-10-04 12:56:33.100 [info] Added views:workbench.panel.markers.view in workbench.panel.markers
2024-10-04 12:56:33.100 [info] Added views:workbench.panel.output in workbench.panel.output
2024-10-04 12:56:33.100 [info] Added views:terminal in terminal
2024-10-04 12:56:33.100 [info] Added views:timeline in workbench.view.explorer
2024-10-04 12:56:33.100 [info] Added views:workbench.explorer.fileView in workbench.view.explorer
2024-10-04 12:56:33.648 [info] Added views:workbench.debug.variablesView,workbench.debug.watchExpressionsView,workbench.debug.callStackView,workbench.debug.breakPointsView in workbench.view.debug
2024-10-04 12:56:33.999 [info] Added views:~remote.forwardedPorts in ~remote.forwardedPortsContainer
2024-10-04 12:56:34.998 [info] Added views:remoteTargets in workbench.view.remote
2024-10-04 12:56:35.256 [info] Removed views:workbench.debug.breakPointsView,workbench.debug.callStackView,workbench.debug.watchExpressionsView,workbench.debug.variablesView from workbench.view.debug
2024-10-04 12:56:35.256 [info] Added views:workbench.debug.welcome in workbench.view.debug
2024-10-04 12:56:44.205 [info] Added views:workbench.panel.repl.view in workbench.panel.repl
2024-10-04 12:57:12.606 [info] Added views:workbench.views.extensions.local.installed,workbench.views.extensions.remote.installed,workbench.views.extensions.popular,extensions.recommendedList in workbench.view.extensions
2024-10-04 12:57:12.613 [info] Removed views:workbench.views.extensions.popular from workbench.view.extensions
2024-10-04 12:57:13.257 [info] Removed views:extensions.recommendedList,workbench.views.extensions.remote.installed,workbench.views.extensions.local.installed from workbench.view.extensions
2024-10-04 12:57:13.271 [info] Added views:workbench.views.extensions.marketplace in workbench.view.extensions
2024-10-04 12:57:38.299 [info] Added views:workbench.view.testing in workbench.view.extension.test
2024-10-04 13:03:07.647 [info] Added views:jupyterViewVariables,cell-tag in workbench.view.extension.jupyter-variables
2024-10-04 13:21:12.188 [info] Added views:~remote.helpPanel in workbench.view.remote
2024-10-04 13:26:28.737 [info] Removed views:workbench.view.testing from workbench.view.extension.test
2024-10-04 13:26:29.474 [info] Added views:outline in workbench.view.explorer
2024-10-04 13:26:29.474 [info] Added views:workbench.view.search in workbench.view.search
2024-10-04 13:26:29.474 [info] Added views:workbench.scm in workbench.view.scm
2024-10-04 13:26:29.474 [info] Added views:workbench.panel.markers.view in workbench.panel.markers
2024-10-04 13:26:29.474 [info] Added views:workbench.panel.output in workbench.panel.output
2024-10-04 13:26:29.474 [info] Added views:terminal in terminal
2024-10-04 13:26:29.474 [info] Added views:timeline in workbench.view.explorer
2024-10-04 13:26:29.474 [info] Added views:workbench.explorer.emptyView in workbench.view.explorer
2024-10-04 13:26:30.079 [info] Added views:remoteTargets in workbench.view.remote
2024-10-04 13:26:30.242 [info] Added views:workbench.debug.variablesView,workbench.debug.watchExpressionsView,workbench.debug.callStackView,workbench.debug.breakPointsView in workbench.view.debug
2024-10-04 13:26:30.267 [info] Added views:workbench.panel.repl.view in workbench.panel.repl
2024-10-04 13:26:30.268 [info] Removed views:workbench.debug.breakPointsView,workbench.debug.callStackView,workbench.debug.watchExpressionsView,workbench.debug.variablesView from workbench.view.debug
2024-10-04 13:26:30.269 [info] Added views:workbench.debug.welcome in workbench.view.debug
2024-10-04 13:26:30.460 [info] Added views:~remote.forwardedPorts in ~remote.forwardedPortsContainer
2024-10-04 13:35:48.517 [info] Added views:~remote.helpPanel in workbench.view.remote
2024-10-04 13:35:58.242 [info] Added views:outline in workbench.view.explorer
2024-10-04 13:35:58.242 [info] Added views:workbench.view.search in workbench.view.search
2024-10-04 13:35:58.242 [info] Added views:workbench.scm in workbench.view.scm
2024-10-04 13:35:58.242 [info] Added views:workbench.panel.markers.view in workbench.panel.markers
2024-10-04 13:35:58.242 [info] Added views:workbench.panel.output in workbench.panel.output
2024-10-04 13:35:58.242 [info] Added views:terminal in terminal
2024-10-04 13:35:58.242 [info] Added views:timeline in workbench.view.explorer
2024-10-04 13:35:58.242 [info] Added views:workbench.debug.welcome in workbench.view.debug
2024-10-04 13:35:58.242 [info] Added views:workbench.explorer.fileView in workbench.view.explorer
2024-10-04 13:36:00.293 [info] Added views:~remote.forwardedPorts in ~remote.forwardedPortsContainer
2024-10-04 13:36:01.283 [info] Added views:remoteTargets in workbench.view.remote
2024-10-04 13:36:02.049 [info] Added views:workbench.panel.repl.view in workbench.panel.repl
2024-10-04 13:36:03.638 [info] Added views:workbench.view.testing in workbench.view.extension.test
2024-10-04 13:36:04.072 [info] Added views:jupyterViewVariables,cell-tag in workbench.view.extension.jupyter-variables
2024-10-04 13:36:14.801 [info] Removed views:cell-tag,jupyterViewVariables from workbench.view.extension.jupyter-variables
2024-10-04 13:36:22.383 [info] Added views:jupyterViewVariables,cell-tag in workbench.view.extension.jupyter-variables
2024-10-04 13:37:42.239 [info] Removed views:cell-tag,jupyterViewVariables from workbench.view.extension.jupyter-variables
2024-10-04 13:37:42.412 [info] Added views:jupyterViewVariables,cell-tag in workbench.view.extension.jupyter-variables
2024-10-04 13:40:29.637 [info] Removed views:workbench.view.testing from workbench.view.extension.test
2024-10-04 13:40:30.060 [info] Added views:outline in workbench.view.explorer
2024-10-04 13:40:30.060 [info] Added views:workbench.view.search in workbench.view.search
2024-10-04 13:40:30.060 [info] Added views:workbench.scm in workbench.view.scm
2024-10-04 13:40:30.060 [info] Added views:workbench.panel.markers.view in workbench.panel.markers
2024-10-04 13:40:30.060 [info] Added views:workbench.panel.output in workbench.panel.output
2024-10-04 13:40:30.060 [info] Added views:terminal in terminal
2024-10-04 13:40:30.060 [info] Added views:timeline in workbench.view.explorer
2024-10-04 13:40:30.060 [info] Added views:workbench.explorer.emptyView in workbench.view.explorer
2024-10-04 13:40:30.402 [info] Added views:workbench.debug.variablesView,workbench.debug.watchExpressionsView,workbench.debug.callStackView,workbench.debug.breakPointsView in workbench.view.debug
2024-10-04 13:40:30.449 [info] Added views:remoteTargets in workbench.view.remote
2024-10-04 13:40:30.487 [info] Added views:~remote.forwardedPorts in ~remote.forwardedPortsContainer
2024-10-04 13:40:30.654 [info] Added views:workbench.panel.repl.view in workbench.panel.repl
2024-10-04 13:40:30.655 [info] Removed views:workbench.debug.breakPointsView,workbench.debug.callStackView,workbench.debug.watchExpressionsView,workbench.debug.variablesView from workbench.view.debug
2024-10-04 13:40:30.655 [info] Added views:workbench.debug.welcome in workbench.view.debug
2024-10-04 13:40:32.133 [info] Added views:~remote.helpPanel in workbench.view.remote
2024-10-04 13:41:46.674 [info] Added views:outline in workbench.view.explorer
2024-10-04 13:41:46.674 [info] Added views:workbench.view.search in workbench.view.search
2024-10-04 13:41:46.674 [info] Added views:workbench.scm in workbench.view.scm
2024-10-04 13:41:46.674 [info] Added views:workbench.panel.markers.view in workbench.panel.markers
2024-10-04 13:41:46.674 [info] Added views:workbench.panel.output in workbench.panel.output
2024-10-04 13:41:46.674 [info] Added views:terminal in terminal
2024-10-04 13:41:46.674 [info] Added views:timeline in workbench.view.explorer
2024-10-04 13:41:46.674 [info] Added views:workbench.explorer.fileView in workbench.view.explorer
2024-10-04 13:41:46.940 [info] Added views:workbench.debug.welcome in workbench.view.debug
2024-10-04 13:41:48.726 [info] Added views:~remote.forwardedPorts in ~remote.forwardedPortsContainer
2024-10-04 13:41:49.456 [info] Added views:remoteTargets in workbench.view.remote
2024-10-04 13:41:50.440 [info] Added views:workbench.panel.repl.view in workbench.panel.repl
2024-10-04 13:41:51.696 [info] Added views:workbench.view.testing in workbench.view.extension.test
2024-10-04 13:46:54.957 [info] Removed views:workbench.view.testing from workbench.view.extension.test
