2024-10-08 16:46:28.490 [info] Extension host with pid 3009 started
2024-10-08 16:46:28.490 [info] Skipping acquiring lock for /home/aws/.config/Code/User/workspaceStorage/0f1e620c603228c2139229eda45173b8.
2024-10-08 16:46:28.490 [info] $getCanonicalURI invoked for authority (ssh-remote)
2024-10-08 16:46:28.499 [info] ExtensionService#_doActivateExtension ms-vscode-remote.remote-ssh, startup: false, activationEvent: 'onResolveRemoteAuthority:ssh-remote'
2024-10-08 16:46:28.644 [info] [resolveAuthority(ssh-remote,1)][0ms] activating remote resolvers ssh-remote+dtuhpc
2024-10-08 16:46:28.644 [info] [resolveAuthority(ssh-remote,1)][0ms] activating resolver for ssh-remote+dtuhpc...
2024-10-08 16:46:28.644 [info] [resolveAuthority(ssh-remote,1)][0ms] invoking final resolve()...
2024-10-08 16:46:29.644 [info] [resolveAuthority(ssh-remote,1)][1000ms] waiting...
2024-10-08 16:46:30.646 [info] [resolveAuthority(ssh-remote,1)][2002ms] waiting...
2024-10-08 16:46:31.646 [info] [resolveAuthority(ssh-remote,1)][3002ms] waiting...
2024-10-08 16:46:32.647 [info] [resolveAuthority(ssh-remote,1)][4002ms] waiting...
2024-10-08 16:46:33.647 [info] [resolveAuthority(ssh-remote,1)][5003ms] waiting...
2024-10-08 16:46:34.648 [info] [resolveAuthority(ssh-remote,1)][6004ms] waiting...
2024-10-08 16:46:35.650 [info] [resolveAuthority(ssh-remote,1)][7006ms] waiting...
2024-10-08 16:46:36.651 [info] [resolveAuthority(ssh-remote,1)][8007ms] waiting...
2024-10-08 16:46:37.652 [info] [resolveAuthority(ssh-remote,1)][9008ms] waiting...
2024-10-08 16:46:38.652 [info] [resolveAuthority(ssh-remote,1)][10008ms] waiting...
2024-10-08 16:46:39.653 [info] [resolveAuthority(ssh-remote,1)][11009ms] waiting...
2024-10-08 16:46:40.655 [info] [resolveAuthority(ssh-remote,1)][12011ms] waiting...
2024-10-08 16:46:41.655 [info] [resolveAuthority(ssh-remote,1)][13011ms] waiting...
2024-10-08 16:46:42.656 [info] [resolveAuthority(ssh-remote,1)][14012ms] waiting...
2024-10-08 16:46:43.657 [info] [resolveAuthority(ssh-remote,1)][15013ms] waiting...
2024-10-08 16:46:44.658 [info] [resolveAuthority(ssh-remote,1)][16014ms] waiting...
2024-10-08 16:46:45.659 [info] [resolveAuthority(ssh-remote,1)][17015ms] waiting...
2024-10-08 16:46:46.660 [info] [resolveAuthority(ssh-remote,1)][18016ms] waiting...
2024-10-08 16:46:47.661 [info] [resolveAuthority(ssh-remote,1)][19017ms] waiting...
2024-10-08 16:46:48.661 [info] [resolveAuthority(ssh-remote,1)][20017ms] waiting...
2024-10-08 16:46:49.662 [info] [resolveAuthority(ssh-remote,1)][21018ms] waiting...
2024-10-08 16:46:50.662 [info] [resolveAuthority(ssh-remote,1)][22018ms] waiting...
2024-10-08 16:46:51.663 [info] [resolveAuthority(ssh-remote,1)][23019ms] waiting...
2024-10-08 16:46:52.664 [info] [resolveAuthority(ssh-remote,1)][24020ms] waiting...
2024-10-08 16:46:53.665 [info] [resolveAuthority(ssh-remote,1)][25021ms] waiting...
2024-10-08 16:46:54.665 [info] [resolveAuthority(ssh-remote,1)][26021ms] waiting...
2024-10-08 16:46:55.666 [info] [resolveAuthority(ssh-remote,1)][27022ms] waiting...
2024-10-08 16:46:56.667 [info] [resolveAuthority(ssh-remote,1)][28022ms] waiting...
2024-10-08 16:46:57.667 [info] [resolveAuthority(ssh-remote,1)][29023ms] waiting...
2024-10-08 16:46:57.952 [error] [resolveAuthority(ssh-remote,1)][29306ms] returned an error Permission denied (password).
2024-10-08 16:46:58.085 [info] Eager extensions activated
2024-10-08 16:46:58.168 [info] ExtensionService#_doActivateExtension vscodevim.vim, startup: false, activationEvent: 'onStartupFinished'
2024-10-08 16:46:58.279 [info] ExtensionService#_doActivateExtension vscode.ipynb, startup: false, activationEvent: 'onNotebookSerializer:jupyter-notebook'
2024-10-08 16:46:58.292 [info] ExtensionService#_doActivateExtension ms-vscode.remote-explorer, startup: false, activationEvent: 'onCommand:remote-internal.setActiveFolders'
2024-10-08 16:46:58.446 [error] No tree item with id '0/0:SSH/0:dtuhpc' found.
2024-10-08 16:47:02.601 [info] Extension host terminating: renderer closed the MessagePort
2024-10-08 16:47:02.605 [error] Canceled: Canceled
	at new eA (file:///opt/visual-studio-code/resources/app/out/vs/workbench/api/node/extensionHostProcess.js:31:109321)
	at Zb.U (file:///opt/visual-studio-code/resources/app/out/vs/workbench/api/node/extensionHostProcess.js:31:113933)
	at s.<computed>.n.charCodeAt.s.<computed> (file:///opt/visual-studio-code/resources/app/out/vs/workbench/api/node/extensionHostProcess.js:31:111427)
	at T0.g (file:///opt/visual-studio-code/resources/app/out/vs/workbench/api/node/extensionHostProcess.js:114:32325)
	at T0.executeCommand (file:///opt/visual-studio-code/resources/app/out/vs/workbench/api/node/extensionHostProcess.js:114:31826)
	at r.registerCommand.description (file:///opt/visual-studio-code/resources/app/out/vs/workbench/api/node/extensionHostProcess.js:114:31156)
	at T0.h (file:///opt/visual-studio-code/resources/app/out/vs/workbench/api/node/extensionHostProcess.js:114:32845)
	at T0.g (file:///opt/visual-studio-code/resources/app/out/vs/workbench/api/node/extensionHostProcess.js:114:31919)
	at T0.executeCommand (file:///opt/visual-studio-code/resources/app/out/vs/workbench/api/node/extensionHostProcess.js:114:31826)
	at Object.executeCommand (file:///opt/visual-studio-code/resources/app/out/vs/workbench/api/node/extensionHostProcess.js:156:37049)
	at t.shutdown (/home/aws/.vscode/extensions/ms-vscode-remote.remote-ssh-0.115.0/out/extension.js:2:570757)
	at e.deactivate (/home/aws/.vscode/extensions/ms-vscode-remote.remote-ssh-0.115.0/out/extension.js:2:842216)
	at hB.eb (file:///opt/visual-studio-code/resources/app/out/vs/workbench/api/node/extensionHostProcess.js:118:11727)
	at file:///opt/visual-studio-code/resources/app/out/vs/workbench/api/node/extensionHostProcess.js:118:9877
	at Array.map (<anonymous>)
	at hB.$ (file:///opt/visual-studio-code/resources/app/out/vs/workbench/api/node/extensionHostProcess.js:118:9865)
	at hB.terminate (file:///opt/visual-studio-code/resources/app/out/vs/workbench/api/node/extensionHostProcess.js:118:10108)
	at M3.terminate (file:///opt/visual-studio-code/resources/app/out/vs/workbench/api/node/extensionHostProcess.js:119:1424)
	at ps (file:///opt/visual-studio-code/resources/app/out/vs/workbench/api/node/extensionHostProcess.js:174:15058)
	at MessagePortMain.<anonymous> (file:///opt/visual-studio-code/resources/app/out/vs/workbench/api/node/extensionHostProcess.js:174:11603)
	at MessagePortMain.emit (node:events:519:28)
	at MessagePortMain._internalPort.emit (node:electron/js2c/utility_init:2:2619) setContext undefined
2024-10-08 16:47:02.606 [info] Extension host with pid 3009 exiting with code 0
2024-10-08 16:47:03.451 [info] Extension host with pid 3158 started
2024-10-08 16:47:03.465 [info] ExtensionService#_doActivateExtension vscode.git-base, startup: true, activationEvent: '*', root cause: vscode.git
2024-10-08 16:47:03.546 [info] ExtensionService#_doActivateExtension vscode.git, startup: true, activationEvent: '*'
2024-10-08 16:47:03.617 [info] ExtensionService#_doActivateExtension vscode.github, startup: true, activationEvent: '*'
2024-10-08 16:47:03.721 [info] Eager extensions activated
2024-10-08 16:47:03.757 [info] ExtensionService#_doActivateExtension vscode.debug-auto-launch, startup: false, activationEvent: 'onStartupFinished'
2024-10-08 16:47:03.759 [info] ExtensionService#_doActivateExtension vscode.merge-conflict, startup: false, activationEvent: 'onStartupFinished'
2024-10-08 16:47:03.776 [info] ExtensionService#_doActivateExtension vscodevim.vim, startup: false, activationEvent: 'onStartupFinished'
2024-10-08 16:47:13.107 [info] Extension host terminating: renderer closed the MessagePort
2024-10-08 16:47:13.118 [info] Extension host with pid 3158 exiting with code 0
2024-10-08 16:47:13.968 [info] Extension host with pid 3227 started
2024-10-08 16:47:13.968 [info] Skipping acquiring lock for /home/aws/.config/Code/User/workspaceStorage/7a701c0051e6af3b91d6aae9e1eded25.
2024-10-08 16:47:13.988 [info] ExtensionService#_doActivateExtension vscode.git-base, startup: true, activationEvent: '*', root cause: vscode.git
2024-10-08 16:47:14.001 [info] ExtensionService#_doActivateExtension vscode.git, startup: true, activationEvent: '*'
2024-10-08 16:47:14.059 [info] ExtensionService#_doActivateExtension vscode.github, startup: true, activationEvent: '*'
2024-10-08 16:47:14.163 [info] Eager extensions activated
2024-10-08 16:47:14.173 [info] ExtensionService#_doActivateExtension vscode.debug-auto-launch, startup: false, activationEvent: 'onStartupFinished'
2024-10-08 16:47:14.175 [info] ExtensionService#_doActivateExtension vscode.merge-conflict, startup: false, activationEvent: 'onStartupFinished'
2024-10-08 16:47:14.191 [info] ExtensionService#_doActivateExtension vscodevim.vim, startup: false, activationEvent: 'onStartupFinished'
2024-10-08 16:47:18.469 [info] ExtensionService#_doActivateExtension vscode.emmet, startup: false, activationEvent: 'onLanguage'
2024-10-08 16:47:48.739 [info] ExtensionService#_doActivateExtension ms-python.python, startup: false, activationEvent: 'onLanguage:python', root cause: ms-python.debugpy
2024-10-08 16:47:49.115 [info] ExtensionService#_doActivateExtension ms-python.debugpy, startup: false, activationEvent: 'onLanguage:python'
2024-10-08 16:47:49.169 [info] ExtensionService#_doActivateExtension ms-python.vscode-pylance, startup: false, activationEvent: 'onLanguage:python'
