2024-09-24 11:32:19.835 [info] Added views:workbench.panel.markers.view in workbench.panel.markers
2024-09-24 11:32:19.835 [info] Added views:workbench.panel.output in workbench.panel.output
2024-09-24 11:32:19.835 [info] Added views:terminal in terminal
2024-09-24 11:32:19.835 [info] Added views:outline in workbench.view.explorer
2024-09-24 11:32:19.835 [info] Added views:workbench.scm in workbench.view.scm
2024-09-24 11:32:19.835 [info] Added views:workbench.view.search in workbench.view.search
2024-09-24 11:32:19.835 [info] Added views:timeline in workbench.view.explorer
2024-09-24 11:32:19.835 [info] Added views:workbench.explorer.emptyView in workbench.view.explorer
2024-09-24 11:32:19.979 [info] Added views:workbench.debug.variablesView,workbench.debug.watchExpressionsView,workbench.debug.callStackView,workbench.debug.breakPointsView in workbench.view.debug
2024-09-24 11:32:20.628 [info] Added views:workbench.panel.repl.view in workbench.panel.repl
2024-09-24 11:32:20.630 [info] Removed views:workbench.debug.breakPointsView,workbench.debug.callStackView,workbench.debug.watchExpressionsView,workbench.debug.variablesView from workbench.view.debug
2024-09-24 11:32:20.631 [info] Added views:workbench.debug.welcome in workbench.view.debug
2024-09-24 11:32:20.838 [info] Added views:~remote.forwardedPorts in ~remote.forwardedPortsContainer
2024-09-24 11:32:28.074 [info] Added views:workbench.views.extensions.installed,workbench.views.extensions.popular,extensions.recommendedList in workbench.view.extensions
2024-09-24 11:32:28.078 [info] Removed views:workbench.views.extensions.popular from workbench.view.extensions
2024-09-24 11:32:28.246 [info] Added views:workbench.views.extensions.popular in workbench.view.extensions
2024-09-24 11:32:30.592 [info] Removed views:extensions.recommendedList,workbench.views.extensions.popular,workbench.views.extensions.installed from workbench.view.extensions
2024-09-24 11:32:30.600 [info] Added views:workbench.views.extensions.marketplace in workbench.view.extensions
2024-09-24 11:32:34.324 [info] Removed views:workbench.views.extensions.marketplace from workbench.view.extensions
2024-09-24 11:32:34.335 [info] Added views:workbench.views.extensions.installed,workbench.views.extensions.popular,extensions.recommendedList in workbench.view.extensions
2024-09-24 11:32:36.114 [info] Removed views:extensions.recommendedList,workbench.views.extensions.popular,workbench.views.extensions.installed from workbench.view.extensions
2024-09-24 11:32:36.120 [info] Added views:workbench.views.extensions.marketplace in workbench.view.extensions
