2024-10-07 11:53:10.974 [info] Started local extension host with pid 3024.
2024-10-07 11:53:13.805 [info] [perf] Render performance baseline is 162ms
2024-10-07 11:53:17.783 [info] Started local extension host with pid 3078.
2024-10-07 11:53:18.361 [info] Invoking resolveAuthority(ssh-remote)...
2024-10-07 11:53:18.362 [info] [LocalProcess0][resolveAuthority(ssh-remote,1)][0ms] obtaining proxy...
2024-10-07 11:53:18.362 [info] [LocalProcess0][resolveAuthority(ssh-remote,1)][1ms] invoking...
2024-10-07 11:53:19.363 [info] [LocalProcess0][resolveAuthority(ssh-remote,1)][1001ms] waiting...
2024-10-07 11:53:20.363 [info] [LocalProcess0][resolveAuthority(ssh-remote,1)][2001ms] waiting...
2024-10-07 11:53:21.363 [info] [LocalProcess0][resolveAuthority(ssh-remote,1)][3001ms] waiting...
2024-10-07 11:53:22.363 [info] [LocalProcess0][resolveAuthority(ssh-remote,1)][4001ms] waiting...
2024-10-07 11:53:23.363 [info] [LocalProcess0][resolveAuthority(ssh-remote,1)][5001ms] waiting...
2024-10-07 11:53:24.363 [info] [LocalProcess0][resolveAuthority(ssh-remote,1)][6001ms] waiting...
2024-10-07 11:53:25.363 [info] [LocalProcess0][resolveAuthority(ssh-remote,1)][7001ms] waiting...
2024-10-07 11:53:26.363 [info] [LocalProcess0][resolveAuthority(ssh-remote,1)][8001ms] waiting...
2024-10-07 11:53:27.363 [info] [LocalProcess0][resolveAuthority(ssh-remote,1)][9001ms] waiting...
2024-10-07 11:53:28.143 [info] [LocalProcess0][resolveAuthority(ssh-remote,1)][9781ms] returned Managed(1)
2024-10-07 11:53:28.143 [info] resolveAuthority(ssh-remote) returned 'Managed(1)' after 9781 ms
2024-10-07 11:53:28.144 [info] Creating a socket (renderer-Management-2865a365-89db-4738-a29f-51630c177abf)...
2024-10-07 11:53:28.145 [info] Creating a socket (renderer-ExtensionHost-a7171d06-831d-4c06-93bc-e3ebfee262d8)...
2024-10-07 11:53:29.666 [info] Creating a socket (renderer-ExtensionHost-a7171d06-831d-4c06-93bc-e3ebfee262d8) was successful after 1521 ms.
2024-10-07 11:53:29.667 [info] Creating a socket (renderer-Management-2865a365-89db-4738-a29f-51630c177abf) was successful after 1523 ms.
2024-10-07 11:53:31.729 [info] [perf] Render performance baseline is 158ms
