2024-10-07 11:53:10.901 [info] Added views:outline in workbench.view.explorer
2024-10-07 11:53:10.902 [info] Added views:workbench.view.search in workbench.view.search
2024-10-07 11:53:10.902 [info] Added views:workbench.scm in workbench.view.scm
2024-10-07 11:53:10.902 [info] Added views:workbench.panel.markers.view in workbench.panel.markers
2024-10-07 11:53:10.902 [info] Added views:workbench.panel.output in workbench.panel.output
2024-10-07 11:53:10.902 [info] Added views:terminal in terminal
2024-10-07 11:53:10.902 [info] Added views:timeline in workbench.view.explorer
2024-10-07 11:53:10.902 [info] Added views:workbench.explorer.emptyView in workbench.view.explorer
2024-10-07 11:53:11.358 [info] Added views:remoteTargets in workbench.view.remote
2024-10-07 11:53:11.466 [info] Added views:workbench.debug.welcome in workbench.view.debug
2024-10-07 11:53:11.497 [info] Added views:workbench.panel.repl.view in workbench.panel.repl
2024-10-07 11:53:11.702 [info] Added views:~remote.forwardedPorts in ~remote.forwardedPortsContainer
2024-10-07 11:53:13.963 [info] Added views:~remote.helpPanel in workbench.view.remote
2024-10-07 11:53:17.729 [info] Added views:outline in workbench.view.explorer
2024-10-07 11:53:17.729 [info] Added views:workbench.view.search in workbench.view.search
2024-10-07 11:53:17.729 [info] Added views:workbench.scm in workbench.view.scm
2024-10-07 11:53:17.729 [info] Added views:workbench.panel.markers.view in workbench.panel.markers
2024-10-07 11:53:17.729 [info] Added views:workbench.panel.output in workbench.panel.output
2024-10-07 11:53:17.729 [info] Added views:terminal in terminal
2024-10-07 11:53:17.729 [info] Added views:timeline in workbench.view.explorer
2024-10-07 11:53:17.729 [info] Added views:workbench.explorer.fileView in workbench.view.explorer
2024-10-07 11:53:17.780 [info] Added views:workbench.debug.welcome in workbench.view.debug
2024-10-07 11:53:19.767 [info] Added views:~remote.forwardedPorts in ~remote.forwardedPortsContainer
2024-10-07 11:53:30.683 [info] Added views:remoteTargets in workbench.view.remote
2024-10-07 11:53:31.793 [info] Added views:workbench.panel.repl.view in workbench.panel.repl
2024-10-07 11:53:33.271 [info] Added views:workbench.view.testing in workbench.view.extension.test
2024-10-07 11:58:36.967 [info] Added views:jupyterViewVariables in workbench.view.extension.jupyter-variables
2024-10-07 11:58:36.989 [info] Added views:cell-tag in workbench.view.extension.jupyter-variables
2024-10-07 12:26:28.437 [info] Removed views:workbench.view.testing from workbench.view.extension.test
