2024-10-09 09:36:53.879 [info] Started local extension host with pid 2463.
2024-10-09 09:36:56.691 [info] [perf] Render performance baseline is 179ms
2024-10-09 12:47:56.885 [info] Invoking resolveAuthority(ssh-remote)...
2024-10-09 12:47:56.886 [info] [LocalProcess0][resolveAuthority(ssh-remote,1)][1ms] obtaining proxy...
2024-10-09 12:47:56.904 [info] Started local extension host with pid 7248.
2024-10-09 12:47:57.340 [info] [LocalProcess0][resolveAuthority(ssh-remote,1)][456ms] invoking...
2024-10-09 12:47:58.341 [info] [LocalProcess0][resolveAuthority(ssh-remote,1)][1456ms] waiting...
2024-10-09 12:47:59.340 [info] [LocalProcess0][resolveAuthority(ssh-remote,1)][2456ms] waiting...
2024-10-09 12:48:00.341 [info] [LocalProcess0][resolveAuthority(ssh-remote,1)][3456ms] waiting...
2024-10-09 12:48:01.341 [info] [LocalProcess0][resolveAuthority(ssh-remote,1)][4456ms] waiting...
2024-10-09 12:48:02.341 [info] [LocalProcess0][resolveAuthority(ssh-remote,1)][5456ms] waiting...
2024-10-09 12:48:03.340 [info] [LocalProcess0][resolveAuthority(ssh-remote,1)][6456ms] waiting...
2024-10-09 12:48:04.340 [info] [LocalProcess0][resolveAuthority(ssh-remote,1)][7456ms] waiting...
2024-10-09 12:48:05.340 [info] [LocalProcess0][resolveAuthority(ssh-remote,1)][8456ms] waiting...
2024-10-09 12:48:06.340 [info] [LocalProcess0][resolveAuthority(ssh-remote,1)][9456ms] waiting...
2024-10-09 12:48:07.340 [info] [LocalProcess0][resolveAuthority(ssh-remote,1)][10456ms] waiting...
2024-10-09 12:48:08.341 [info] [LocalProcess0][resolveAuthority(ssh-remote,1)][11456ms] waiting...
2024-10-09 12:48:09.341 [info] [LocalProcess0][resolveAuthority(ssh-remote,1)][12456ms] waiting...
2024-10-09 12:48:10.341 [info] [LocalProcess0][resolveAuthority(ssh-remote,1)][13456ms] waiting...
2024-10-09 12:48:11.341 [info] [LocalProcess0][resolveAuthority(ssh-remote,1)][14456ms] waiting...
2024-10-09 12:48:12.341 [info] [LocalProcess0][resolveAuthority(ssh-remote,1)][15456ms] waiting...
2024-10-09 12:48:13.340 [info] [LocalProcess0][resolveAuthority(ssh-remote,1)][16456ms] waiting...
2024-10-09 12:48:14.341 [info] [LocalProcess0][resolveAuthority(ssh-remote,1)][17456ms] waiting...
2024-10-09 12:48:15.340 [info] [LocalProcess0][resolveAuthority(ssh-remote,1)][18456ms] waiting...
2024-10-09 12:48:16.340 [info] [LocalProcess0][resolveAuthority(ssh-remote,1)][19456ms] waiting...
2024-10-09 12:48:17.341 [info] [LocalProcess0][resolveAuthority(ssh-remote,1)][20456ms] waiting...
2024-10-09 12:48:18.340 [info] [LocalProcess0][resolveAuthority(ssh-remote,1)][21456ms] waiting...
2024-10-09 12:48:19.340 [info] [LocalProcess0][resolveAuthority(ssh-remote,1)][22456ms] waiting...
2024-10-09 12:48:20.340 [info] [LocalProcess0][resolveAuthority(ssh-remote,1)][23456ms] waiting...
2024-10-09 12:48:21.341 [info] [LocalProcess0][resolveAuthority(ssh-remote,1)][24456ms] waiting...
2024-10-09 12:48:22.341 [info] [LocalProcess0][resolveAuthority(ssh-remote,1)][25456ms] waiting...
2024-10-09 12:48:23.341 [info] [LocalProcess0][resolveAuthority(ssh-remote,1)][26456ms] waiting...
2024-10-09 12:48:24.340 [info] [LocalProcess0][resolveAuthority(ssh-remote,1)][27456ms] waiting...
2024-10-09 12:48:25.340 [info] [LocalProcess0][resolveAuthority(ssh-remote,1)][28456ms] waiting...
2024-10-09 12:48:26.341 [info] [LocalProcess0][resolveAuthority(ssh-remote,1)][29456ms] waiting...
2024-10-09 12:48:27.340 [info] [LocalProcess0][resolveAuthority(ssh-remote,1)][30456ms] waiting...
2024-10-09 12:48:28.340 [info] [LocalProcess0][resolveAuthority(ssh-remote,1)][31456ms] waiting...
2024-10-09 12:48:29.340 [info] [LocalProcess0][resolveAuthority(ssh-remote,1)][32456ms] waiting...
2024-10-09 12:48:30.235 [error] [LocalProcess0][resolveAuthority(ssh-remote,1)][33350ms] returned an error Canceled
2024-10-09 12:48:30.237 [error] resolveAuthority(ssh-remote) returned an error after 33352 ms Canceled
2024-10-09 12:48:30.238 [error] Error received from starting extension host (kind: Remote)
2024-10-09 12:48:30.238 [error] CodeExpectedError: Canceled
    at Wnt.qb (vscode-file://vscode-app/opt/visual-studio-code/resources/app/out/vs/workbench/workbench.desktop.main.js:3114:15363)
    at async Wnt.pb (vscode-file://vscode-app/opt/visual-studio-code/resources/app/out/vs/workbench/workbench.desktop.main.js:3114:14729)
    at async Wnt.Nb (vscode-file://vscode-app/opt/visual-studio-code/resources/app/out/vs/workbench/workbench.desktop.main.js:3120:3437)
    at async Wnt.ib (vscode-file://vscode-app/opt/visual-studio-code/resources/app/out/vs/workbench/workbench.desktop.main.js:3114:12438)
2024-10-09 12:48:31.342 [info] Started local extension host with pid 7830.
2024-10-09 12:48:34.119 [info] [perf] Render performance baseline is 168ms
2024-10-09 12:48:37.302 [info] Invoking resolveAuthority(ssh-remote)...
2024-10-09 12:48:37.302 [info] [LocalProcess0][resolveAuthority(ssh-remote,1)][0ms] obtaining proxy...
2024-10-09 12:48:37.332 [info] Started local extension host with pid 7870.
2024-10-09 12:48:37.716 [info] [LocalProcess0][resolveAuthority(ssh-remote,1)][419ms] invoking...
2024-10-09 12:48:38.717 [info] [LocalProcess0][resolveAuthority(ssh-remote,1)][1420ms] waiting...
2024-10-09 12:48:39.716 [info] [LocalProcess0][resolveAuthority(ssh-remote,1)][2420ms] waiting...
2024-10-09 12:48:40.717 [info] [LocalProcess0][resolveAuthority(ssh-remote,1)][3420ms] waiting...
2024-10-09 12:48:41.717 [info] [LocalProcess0][resolveAuthority(ssh-remote,1)][4420ms] waiting...
2024-10-09 12:48:42.717 [info] [LocalProcess0][resolveAuthority(ssh-remote,1)][5420ms] waiting...
2024-10-09 12:48:43.717 [info] [LocalProcess0][resolveAuthority(ssh-remote,1)][6420ms] waiting...
2024-10-09 12:48:44.717 [info] [LocalProcess0][resolveAuthority(ssh-remote,1)][7420ms] waiting...
2024-10-09 12:48:45.717 [info] [LocalProcess0][resolveAuthority(ssh-remote,1)][8420ms] waiting...
2024-10-09 12:48:46.717 [info] [LocalProcess0][resolveAuthority(ssh-remote,1)][9420ms] waiting...
2024-10-09 12:48:47.717 [info] [LocalProcess0][resolveAuthority(ssh-remote,1)][10420ms] waiting...
2024-10-09 12:48:48.716 [info] [LocalProcess0][resolveAuthority(ssh-remote,1)][11420ms] waiting...
2024-10-09 12:48:49.717 [info] [LocalProcess0][resolveAuthority(ssh-remote,1)][12420ms] waiting...
2024-10-09 12:48:50.716 [info] [LocalProcess0][resolveAuthority(ssh-remote,1)][13420ms] waiting...
2024-10-09 12:48:51.717 [info] [LocalProcess0][resolveAuthority(ssh-remote,1)][14420ms] waiting...
2024-10-09 12:48:52.717 [info] [LocalProcess0][resolveAuthority(ssh-remote,1)][15420ms] waiting...
2024-10-09 12:48:53.717 [info] [LocalProcess0][resolveAuthority(ssh-remote,1)][16420ms] waiting...
2024-10-09 12:48:54.717 [info] [LocalProcess0][resolveAuthority(ssh-remote,1)][17420ms] waiting...
2024-10-09 12:48:55.717 [info] [LocalProcess0][resolveAuthority(ssh-remote,1)][18420ms] waiting...
2024-10-09 12:48:56.717 [info] [LocalProcess0][resolveAuthority(ssh-remote,1)][19420ms] waiting...
2024-10-09 12:48:57.717 [info] [LocalProcess0][resolveAuthority(ssh-remote,1)][20420ms] waiting...
2024-10-09 12:48:58.717 [info] [LocalProcess0][resolveAuthority(ssh-remote,1)][21420ms] waiting...
2024-10-09 12:48:59.717 [info] [LocalProcess0][resolveAuthority(ssh-remote,1)][22420ms] waiting...
2024-10-09 12:49:00.717 [info] [LocalProcess0][resolveAuthority(ssh-remote,1)][23420ms] waiting...
2024-10-09 12:49:01.717 [info] [LocalProcess0][resolveAuthority(ssh-remote,1)][24420ms] waiting...
2024-10-09 12:49:02.717 [info] [LocalProcess0][resolveAuthority(ssh-remote,1)][25420ms] waiting...
2024-10-09 12:49:03.717 [info] [LocalProcess0][resolveAuthority(ssh-remote,1)][26420ms] waiting...
2024-10-09 12:49:04.717 [info] [LocalProcess0][resolveAuthority(ssh-remote,1)][27420ms] waiting...
2024-10-09 12:49:05.717 [info] [LocalProcess0][resolveAuthority(ssh-remote,1)][28420ms] waiting...
2024-10-09 12:49:06.717 [info] [LocalProcess0][resolveAuthority(ssh-remote,1)][29420ms] waiting...
2024-10-09 12:49:07.717 [info] [LocalProcess0][resolveAuthority(ssh-remote,1)][30420ms] waiting...
2024-10-09 12:49:08.717 [info] [LocalProcess0][resolveAuthority(ssh-remote,1)][31420ms] waiting...
2024-10-09 12:49:09.717 [info] [LocalProcess0][resolveAuthority(ssh-remote,1)][32420ms] waiting...
2024-10-09 12:49:10.717 [info] [LocalProcess0][resolveAuthority(ssh-remote,1)][33420ms] waiting...
2024-10-09 12:49:11.717 [info] [LocalProcess0][resolveAuthority(ssh-remote,1)][34420ms] waiting...
2024-10-09 12:49:12.717 [info] [LocalProcess0][resolveAuthority(ssh-remote,1)][35420ms] waiting...
2024-10-09 12:49:13.717 [info] [LocalProcess0][resolveAuthority(ssh-remote,1)][36420ms] waiting...
2024-10-09 12:49:14.716 [info] [LocalProcess0][resolveAuthority(ssh-remote,1)][37419ms] waiting...
2024-10-09 12:49:15.717 [info] [LocalProcess0][resolveAuthority(ssh-remote,1)][38420ms] waiting...
2024-10-09 12:49:16.070 [info] [LocalProcess0][resolveAuthority(ssh-remote,1)][38774ms] returned Managed(1)
2024-10-09 12:49:16.070 [info] resolveAuthority(ssh-remote) returned 'Managed(1)' after 38774 ms
2024-10-09 12:49:16.072 [info] Creating a socket (renderer-Management-87762e33-c8ca-4077-aa36-6c93454178ab)...
2024-10-09 12:49:16.072 [info] Creating a socket (renderer-ExtensionHost-1c805b16-75e5-4604-83c2-21a91aaa338d)...
2024-10-09 12:49:28.284 [info] Creating a socket (renderer-Management-87762e33-c8ca-4077-aa36-6c93454178ab) was successful after 12212 ms.
2024-10-09 12:49:28.286 [info] Creating a socket (renderer-ExtensionHost-1c805b16-75e5-4604-83c2-21a91aaa338d) was successful after 12213 ms.
2024-10-09 12:49:29.548 [info] [perf] Render performance baseline is 159ms
2024-10-09 12:49:53.325 [info] Extension host (Remote) is unresponsive.
2024-10-09 12:50:04.384 [info] [remote-connection][Management   ][87762…][reconnect] received socket timeout event (unacknowledgedMsgCount: 3, timeSinceOldestUnacknowledgedMsg: 20000, timeSinceLastReceivedSomeData: 21097).
2024-10-09 12:50:04.385 [info] [remote-connection][Management   ][87762…][reconnect] starting reconnecting loop. You can get more information with the trace log level.
2024-10-09 12:50:04.387 [info] [remote-connection][Management   ][87762…][reconnect] resolving connection...
2024-10-09 12:50:04.388 [info] Invoking resolveAuthority(ssh-remote)...
2024-10-09 12:50:04.388 [info] [LocalProcess0][resolveAuthority(ssh-remote,2)][0ms] obtaining proxy...
2024-10-09 12:50:04.388 [info] [LocalProcess0][resolveAuthority(ssh-remote,2)][1ms] invoking...
2024-10-09 12:50:05.389 [info] [LocalProcess0][resolveAuthority(ssh-remote,2)][1001ms] waiting...
2024-10-09 12:50:05.902 [error] [LocalProcess0][resolveAuthority(ssh-remote,2)][1514ms] returned an error Canceled
2024-10-09 12:50:05.903 [error] resolveAuthority(ssh-remote) returned an error after 1516 ms Canceled
2024-10-09 12:50:05.904 [error] [remote-connection][Management   ][87762…][reconnect] A RemoteAuthorityResolverError occurred while trying to reconnect. Will give up now! Error:
2024-10-09 12:50:05.904 [error] CodeExpectedError: Canceled
    at Wnt.qb (vscode-file://vscode-app/opt/visual-studio-code/resources/app/out/vs/workbench/workbench.desktop.main.js:3114:15363)
    at async Wnt.pb (vscode-file://vscode-app/opt/visual-studio-code/resources/app/out/vs/workbench/workbench.desktop.main.js:3114:14729)
    at async Wnt.ob (vscode-file://vscode-app/opt/visual-studio-code/resources/app/out/vs/workbench/workbench.desktop.main.js:3114:14469)
2024-10-09 12:50:06.359 [info] Started local extension host with pid 8047.
2024-10-09 12:50:09.186 [info] [perf] Render performance baseline is 159ms
2024-10-09 12:50:24.762 [info] Started local extension host with pid 8124.
2024-10-09 12:50:27.568 [info] [perf] Render performance baseline is 159ms
