2024-10-09 09:36:53.680 [info] Added views:outline in workbench.view.explorer
2024-10-09 09:36:53.680 [info] Added views:workbench.view.search in workbench.view.search
2024-10-09 09:36:53.680 [info] Added views:workbench.scm in workbench.view.scm
2024-10-09 09:36:53.680 [info] Added views:workbench.panel.markers.view in workbench.panel.markers
2024-10-09 09:36:53.680 [info] Added views:workbench.panel.output in workbench.panel.output
2024-10-09 09:36:53.680 [info] Added views:terminal in terminal
2024-10-09 09:36:53.680 [info] Added views:timeline in workbench.view.explorer
2024-10-09 09:36:53.680 [info] Added views:workbench.explorer.fileView in workbench.view.explorer
2024-10-09 09:36:53.813 [info] Added views:workbench.debug.welcome in workbench.view.debug
2024-10-09 09:36:54.300 [info] Added views:remoteTargets in workbench.view.remote
2024-10-09 09:36:54.468 [info] Added views:workbench.panel.repl.view in workbench.panel.repl
2024-10-09 09:36:54.918 [info] Added views:workbench.view.testing in workbench.view.extension.test
2024-10-09 09:36:55.162 [info] Added views:~remote.forwardedPorts in ~remote.forwardedPortsContainer
2024-10-09 12:47:52.404 [info] Added views:~remote.helpPanel in workbench.view.remote
2024-10-09 12:47:56.399 [info] Removed views:workbench.view.testing from workbench.view.extension.test
2024-10-09 12:47:56.850 [info] Added views:outline in workbench.view.explorer
2024-10-09 12:47:56.851 [info] Added views:workbench.view.search in workbench.view.search
2024-10-09 12:47:56.851 [info] Added views:workbench.scm in workbench.view.scm
2024-10-09 12:47:56.851 [info] Added views:workbench.panel.markers.view in workbench.panel.markers
2024-10-09 12:47:56.851 [info] Added views:workbench.panel.output in workbench.panel.output
2024-10-09 12:47:56.851 [info] Added views:terminal in terminal
2024-10-09 12:47:56.851 [info] Added views:timeline in workbench.view.explorer
2024-10-09 12:47:56.851 [info] Added views:workbench.explorer.emptyView in workbench.view.explorer
2024-10-09 12:47:57.217 [info] Added views:workbench.debug.variablesView,workbench.debug.watchExpressionsView,workbench.debug.callStackView,workbench.debug.breakPointsView in workbench.view.debug
2024-10-09 12:47:57.545 [info] Added views:~remote.forwardedPorts in ~remote.forwardedPortsContainer
2024-10-09 12:48:31.288 [info] Added views:outline in workbench.view.explorer
2024-10-09 12:48:31.288 [info] Added views:workbench.view.search in workbench.view.search
2024-10-09 12:48:31.288 [info] Added views:workbench.scm in workbench.view.scm
2024-10-09 12:48:31.289 [info] Added views:workbench.panel.markers.view in workbench.panel.markers
2024-10-09 12:48:31.289 [info] Added views:workbench.panel.output in workbench.panel.output
2024-10-09 12:48:31.289 [info] Added views:terminal in terminal
2024-10-09 12:48:31.289 [info] Added views:timeline in workbench.view.explorer
2024-10-09 12:48:31.289 [info] Added views:workbench.explorer.emptyView in workbench.view.explorer
2024-10-09 12:48:31.701 [info] Added views:remoteTargets in workbench.view.remote
2024-10-09 12:48:31.792 [info] Added views:workbench.debug.variablesView,workbench.debug.watchExpressionsView,workbench.debug.callStackView,workbench.debug.breakPointsView in workbench.view.debug
2024-10-09 12:48:31.821 [info] Added views:workbench.panel.repl.view in workbench.panel.repl
2024-10-09 12:48:31.821 [info] Removed views:workbench.debug.breakPointsView,workbench.debug.callStackView,workbench.debug.watchExpressionsView,workbench.debug.variablesView from workbench.view.debug
2024-10-09 12:48:31.821 [info] Added views:workbench.debug.welcome in workbench.view.debug
2024-10-09 12:48:31.902 [info] Added views:~remote.forwardedPorts in ~remote.forwardedPortsContainer
2024-10-09 12:48:32.584 [info] Added views:~remote.helpPanel in workbench.view.remote
2024-10-09 12:48:37.263 [info] Added views:outline in workbench.view.explorer
2024-10-09 12:48:37.263 [info] Added views:workbench.view.search in workbench.view.search
2024-10-09 12:48:37.263 [info] Added views:workbench.scm in workbench.view.scm
2024-10-09 12:48:37.263 [info] Added views:workbench.panel.markers.view in workbench.panel.markers
2024-10-09 12:48:37.263 [info] Added views:workbench.panel.output in workbench.panel.output
2024-10-09 12:48:37.263 [info] Added views:terminal in terminal
2024-10-09 12:48:37.263 [info] Added views:timeline in workbench.view.explorer
2024-10-09 12:48:37.263 [info] Added views:workbench.explorer.emptyView in workbench.view.explorer
2024-10-09 12:48:37.623 [info] Added views:workbench.debug.variablesView,workbench.debug.watchExpressionsView,workbench.debug.callStackView,workbench.debug.breakPointsView in workbench.view.debug
2024-10-09 12:48:37.912 [info] Added views:~remote.forwardedPorts in ~remote.forwardedPortsContainer
2024-10-09 12:49:28.876 [info] Added views:remoteTargets in workbench.view.remote
2024-10-09 12:49:29.018 [info] Removed views:workbench.debug.breakPointsView,workbench.debug.callStackView,workbench.debug.watchExpressionsView,workbench.debug.variablesView from workbench.view.debug
2024-10-09 12:49:29.019 [info] Added views:workbench.debug.welcome in workbench.view.debug
2024-10-09 12:49:29.518 [info] Added views:workbench.panel.repl.view in workbench.panel.repl
2024-10-09 12:49:50.242 [info] Added views:~remote.helpPanel in workbench.view.remote
2024-10-09 12:50:06.306 [info] Added views:outline in workbench.view.explorer
2024-10-09 12:50:06.306 [info] Added views:workbench.view.search in workbench.view.search
2024-10-09 12:50:06.306 [info] Added views:workbench.scm in workbench.view.scm
2024-10-09 12:50:06.306 [info] Added views:workbench.panel.markers.view in workbench.panel.markers
2024-10-09 12:50:06.306 [info] Added views:workbench.panel.output in workbench.panel.output
2024-10-09 12:50:06.306 [info] Added views:terminal in terminal
2024-10-09 12:50:06.306 [info] Added views:timeline in workbench.view.explorer
2024-10-09 12:50:06.306 [info] Added views:workbench.explorer.emptyView in workbench.view.explorer
2024-10-09 12:50:06.718 [info] Added views:remoteTargets in workbench.view.remote
2024-10-09 12:50:06.815 [info] Added views:workbench.debug.variablesView,workbench.debug.watchExpressionsView,workbench.debug.callStackView,workbench.debug.breakPointsView in workbench.view.debug
2024-10-09 12:50:06.845 [info] Added views:workbench.panel.repl.view in workbench.panel.repl
2024-10-09 12:50:06.846 [info] Removed views:workbench.debug.breakPointsView,workbench.debug.callStackView,workbench.debug.watchExpressionsView,workbench.debug.variablesView from workbench.view.debug
2024-10-09 12:50:06.847 [info] Added views:workbench.debug.welcome in workbench.view.debug
2024-10-09 12:50:06.921 [info] Added views:~remote.forwardedPorts in ~remote.forwardedPortsContainer
2024-10-09 12:50:24.649 [info] Added views:outline in workbench.view.explorer
2024-10-09 12:50:24.649 [info] Added views:workbench.view.search in workbench.view.search
2024-10-09 12:50:24.649 [info] Added views:workbench.scm in workbench.view.scm
2024-10-09 12:50:24.649 [info] Added views:workbench.panel.markers.view in workbench.panel.markers
2024-10-09 12:50:24.649 [info] Added views:workbench.panel.output in workbench.panel.output
2024-10-09 12:50:24.649 [info] Added views:terminal in terminal
2024-10-09 12:50:24.649 [info] Added views:timeline in workbench.view.explorer
2024-10-09 12:50:24.649 [info] Added views:workbench.explorer.fileView in workbench.view.explorer
2024-10-09 12:50:24.799 [info] Added views:workbench.debug.welcome in workbench.view.debug
2024-10-09 12:50:25.148 [info] Added views:remoteTargets in workbench.view.remote
2024-10-09 12:50:25.277 [info] Added views:workbench.panel.repl.view in workbench.panel.repl
2024-10-09 12:50:25.655 [info] Added views:~remote.forwardedPorts in ~remote.forwardedPortsContainer
2024-10-09 12:50:25.719 [info] Added views:workbench.view.testing in workbench.view.extension.test
2024-10-09 13:18:43.071 [info] Removed views:workbench.view.testing from workbench.view.extension.test
