[12:55:02.673] Log Level: 2
[12:55:02.699] SSH Resolver called for "ssh-remote+dtuhpc", attempt 1
[12:55:02.701] "remote.SSH.useLocalServer": true
[12:55:02.701] "remote.SSH.useExecServer": true
[12:55:02.701] "remote.SSH.path": undefined
[12:55:02.701] "remote.SSH.configFile": undefined
[12:55:02.701] "remote.SSH.useFlock": true
[12:55:02.702] "remote.SSH.lockfilesInTmp": false
[12:55:02.702] "remote.SSH.localServerDownload": auto
[12:55:02.702] "remote.SSH.remoteServerListenOnSocket": false
[12:55:02.702] "remote.SSH.showLoginTerminal": false
[12:55:02.702] "remote.SSH.defaultExtensions": []
[12:55:02.702] "remote.SSH.loglevel": 2
[12:55:02.702] "remote.SSH.enableDynamicForwarding": true
[12:55:02.702] "remote.SSH.enableRemoteCommand": false
[12:55:02.702] "remote.SSH.serverPickPortsFromRange": {}
[12:55:02.703] "remote.SSH.serverInstallPath": {}
[12:55:02.703] "remote.SSH.permitPtyAllocation": false
[12:55:02.703] "remote.SSH.preferredLocalPortRange: undefined
[12:55:02.703] "remote.SSH.useCurlAndWgetConfigurationFiles: false
[12:55:02.712] VS Code version: 1.94.0
[12:55:02.712] Remote-SSH version: remote-ssh@0.114.3
[12:55:02.712] linux x64
[12:55:02.715] SSH Resolver called for host: dtuhpc
[12:55:02.715] Setting up SSH remote "dtuhpc"
[12:55:02.720] Acquiring local install lock: /tmp/vscode-remote-ssh-55237ef1-install.lock
[12:55:02.721] Looking for existing server data file at /home/aws/.config/Code/User/globalStorage/ms-vscode-remote.remote-ssh/vscode-ssh-host-55237ef1-d78a74bcdfad14d5d3b1b782f87255d802b57511-0.114.3-es/data.json
[12:55:02.722] No existing data file
[12:55:02.722] Using commit id "d78a74bcdfad14d5d3b1b782f87255d802b57511" and quality "stable" for server
[12:55:02.726] Script variables:
 {
  "InstallExitCode.24": "AlreadyInProgress",
  "InstallExitCode.25": "ServerDownloadFailed",
  "InstallExitCode.26": "NoDownloaderAvailable",
  "InstallExitCode.27": "UnsupportedArch",
  "InstallExitCode.28": "StatusCheckFailed",
  "InstallExitCode.29": "NeedInsidersArch",
  "InstallExitCode.30": "NoDownloaderAvailableForStatusCheck",
  "InstallExitCode.31": "ServerTransferFailed",
  "InstallExitCode.32": "ServerFailedToStart",
  "InstallExitCode.33": "NeedInsidersWindows",
  "InstallExitCode.34": "CreateInstallDirFailed",
  "InstallExitCode.35": "UnsupportedPlatform",
  "InstallExitCode.36": "ServerTerminatedCVE20201416",
  "InstallExitCode.37": "UnpackFailed",
  "InstallExitCode.38": "ChangeDirFailed",
  "InstallExitCode.AlreadyInProgress": "24",
  "InstallExitCode.ServerDownloadFailed": "25",
  "InstallExitCode.NoDownloaderAvailable": "26",
  "InstallExitCode.NoDownloaderAvailableForStatusCheck": "30",
  "InstallExitCode.UnsupportedArch": "27",
  "InstallExitCode.StatusCheckFailed": "28",
  "InstallExitCode.NeedInsidersArch": "29",
  "InstallExitCode.ServerTransferFailed": "31",
  "InstallExitCode.ServerFailedToStart": "32",
  "InstallExitCode.NeedInsidersWindows": "33",
  "InstallExitCode.CreateInstallDirFailed": "34",
  "InstallExitCode.UnsupportedPlatform": "35",
  "InstallExitCode.ServerTerminatedCVE20201416": "36",
  "InstallExitCode.UnpackFailed": "37",
  "InstallExitCode.ChangeDirFailed": "38",
  "InstallUnpackCode.Success": "success",
  "InstallUnpackCode.Error": "error",
  "InstallUnpackCode.MissingFiles": "missingFiles",
  "uuid": "67f661328a97",
  "startMarker": "67f661328a97: running",
  "commitId": "d78a74bcdfad14d5d3b1b782f87255d802b57511",
  "quality": "stable",
  "token": "1111aaaa-aa11-11a1-aa1a-1111a11a11a1",
  "vscodeAgentFolder": "$HOME/.vscode-server",
  "allowClientDownload": "1",
  "forceClientDownload": "0",
  "cliNameInArchive": "code",
  "ignoreWgetConfigFlag": " --no-config ",
  "ignoreCurlConfigFlag": " --disable ",
  "wgetTriesSegment": "--tries=1",
  "listenArgs": "--on-host=127.0.0.1 --on-port",
  "getDownloadServerStartTrigger": "67f661328a97:trigger_server_download",
  "getDownloadServerEndTrigger": "67f661328a97:trigger_server_download_end",
  "getProgressDownloading": "67f661328a97%%1%%",
  "getProgressInstalling": "67f661328a97%%2%%"
}
[12:55:02.730] Install and start server if needed
[12:55:02.734] PATH: /usr/local/sbin:/usr/local/bin:/usr/bin:/usr/bin/site_perl:/usr/bin/vendor_perl:/usr/bin/core_perl
[12:55:02.734] Checking ssh with "ssh -V"
[12:55:02.750] > OpenSSH_9.9p1, OpenSSL 3.3.2 3 Sep 2024

[12:55:02.755] askpass server listening on /run/user/1000/vscode-ssh-askpass-397565d9c8738e0ab875bb22c7ead3112df2aaf0.sock
[12:55:02.755] Spawning local server with {"serverId":1,"ipcHandlePath":"/run/user/1000/vscode-ssh-askpass-e966a3ad3af66f28dafa4f1daa1e36e46761cda1.sock","sshCommand":"ssh","sshArgs":["-v","-T","-D","39109","-o","ConnectTimeout=15","dtuhpc"],"serverDataFolderName":".vscode-server","dataFilePath":"/home/aws/.config/Code/User/globalStorage/ms-vscode-remote.remote-ssh/vscode-ssh-host-55237ef1-d78a74bcdfad14d5d3b1b782f87255d802b57511-0.114.3-es/data.json"}
[12:55:02.755] Local server env: {"SHELL":"/usr/bin/zsh","DISPLAY":":1","ELECTRON_RUN_AS_NODE":"1","SSH_ASKPASS":"/home/aws/.vscode/extensions/ms-vscode-remote.remote-ssh-0.114.3/out/local-server/askpass.sh","VSCODE_SSH_ASKPASS_NODE":"/opt/visual-studio-code/code","VSCODE_SSH_ASKPASS_EXTRA_ARGS":"","VSCODE_SSH_ASKPASS_MAIN":"/home/aws/.vscode/extensions/ms-vscode-remote.remote-ssh-0.114.3/out/askpass-main.js","VSCODE_SSH_ASKPASS_HANDLE":"/run/user/1000/vscode-ssh-askpass-397565d9c8738e0ab875bb22c7ead3112df2aaf0.sock"}
[12:55:02.766] Spawned 65309
[12:55:02.938] > local-server-1> Running ssh connection command: ssh -v -T -D 39109 -o ConnectTimeout=15 dtuhpc
[12:55:02.946] > local-server-1> Spawned ssh, pid=65318
[12:55:02.952] stderr> OpenSSH_9.9p1, OpenSSL 3.3.2 3 Sep 2024
[12:55:03.296] stderr> debug1: Server host key: ssh-ed25519 SHA256:vfc+kYH+/Vjgk9Ifq1ZsxPm2bOFfC/Z535T7sMSO1ps
[12:55:03.370] stderr> 
[12:55:03.370] stderr> When connecting from _outside_ of DTU (and not using DTU-VPN) one is 
[12:55:03.370] stderr> required to authenticate with a ssh-key + ssh-key-keyphrase + DTU-password.
[12:55:03.370] stderr> 
[12:55:03.371] stderr> From inside of DTU (or connecting via DTU-VPN) one can also connect 
[12:55:03.371] stderr> with password or ssh-key.
[12:55:03.371] stderr> 
[12:55:03.371] stderr> Info page on SSH: https://www.hpc.dtu.dk/?page_id=4317
[12:55:03.371] stderr> 
[12:55:03.371] stderr> ---
[12:55:03.371] stderr> For ThinLinc users: 
[12:55:03.371] stderr> Please make sure that your TL client is at least version 4.16 - else you 
[12:55:03.372] stderr> cannot connect to this system!
[12:55:03.372] stderr> 
[12:55:03.372] stderr> This is not an error-message, it's just a way to give you some information. 
[12:55:03.372] stderr> Click 'Close' to continue ...
[12:55:03.372] stderr> ---
[12:55:03.372] stderr> 
[12:55:03.372] stderr> Info page on the system update 08/2024: https://www.hpc.dtu.dk/?page_id=5209
[12:55:03.373] stderr> 
[12:55:03.373] stderr> 
[12:55:03.531] stderr> Authenticated to login.hpc.dtu.dk ([192.38.95.132]:22) using "publickey".
[12:55:04.117] > ready: 67f661328a97
[12:55:04.191] > Linux 6.1.112-1.el9.elrepo.x86_64 #1 SMP PREEMPT_DYNAMIC Mon Sep 30 13:59:36 EDT 2024
[12:55:04.192] Platform: linux
[12:55:04.195] > /bin/bash
[12:55:04.196] Parent Shell: bash
[12:55:04.196] Parent Shell pid: 65309
[12:55:04.201] > 3740209
[12:55:04.201] Waiting for pid of spawned 'sh' subshell: '3740209'...
[12:55:04.213] > 67f661328a97: running
> Script executing under PID: 3740209
[12:55:04.223] > Installing to /zhome/1a/4/136247/.vscode-server...
[12:55:04.224] > 67f661328a97%%1%%
> Downloading with wget
[12:55:04.225] > wget is from busybox: no
[12:55:04.229] stderr> Program 'wget' appears to support flag '--no-config'
[12:55:19.249] > Download complete
> 67f661328a97%%2%%
> tar --version: tar (GNU tar) 1.34
> Copyright (C) 2021 Free Software Foundation, Inc.
> License GPLv3+: GNU GPL version 3 or later <https://gnu.org/licenses/gpl.html>.
> This is free software: you are free to change and redistribute it.
> There is NO WARRANTY, to the extent permitted by law.
> 
> Written by John Gilmore and Jay Fenlason.
[12:55:19.380] > code 1.94.0 (commit d78a74bcdfad14d5d3b1b782f87255d802b57511)
[12:55:19.385] > Starting VS Code CLI...
> printenv:
[12:55:19.388] >     SHELL=/bin/bash
>     NODE_UMEMLMT=16G
>     I_MPI_SHM_LMT=shm
>     HEADNODE=hnode41
>     LESSCHARSET=latin1
>     HISTCONTROL=ignoredups
>     LSB_HMS_TIME_FORMAT=y
>     HOSTNAME=hpclogin1
>     HISTSIZE=1000
>     NODE_TYPE=login
>     DOTNET_CLI_TELEMETRY_OPTOUT=1
>     MAILNAME=Anton Wang Strandberg
>     _LMFILES__modshare=/apps/dcc/etc/ModulesAlma92/modulefiles/latex/TexLive24:1
>     MANPATH_modshare=:1:/appl9/latex/TexLive24/texmf/doc/man:1
>     ENV=/appl/Modules/4.8.0/init/profile.sh
>     PWD=/zhome/1a/4/136247
>     LOGNAME=s183220
>     XDG_SESSION_TYPE=tty
>     MODULESHOME=/appl/Modules/4.8.0
>     MANPATH=/lsf/10.1/man:/appl9/latex/TexLive24/texmf/doc/man:::/opt/puppetlabs/puppet/share/man
>     TEXLIVE_INSTALL_NO_DISKCHECK=1
>     OPENBLAS_NUM_THREADS=1
>     MOTD_SHOWN=pam
>     HOME=/zhome/1a/4/136247
>     CPUVENDOR=GenuineIntel
>     SSH_ASKPASS=/usr/libexec/openssh/gnome-ssh-askpass
>     LANG=C
>     MODULES_LMALTNAME=latex/TexLive24&as|latex/default&as|latex/latest
>     OPENBLAS_MAIN_FREE=1
>     CPUSOCKETS=1
>     MODULES_ADVANCED_VERSION_SPEC=1
>     SSH_CONNECTION=10.209.79.79 33432 192.38.95.132 22
>     MODULE_VERSION=4.8.0
>     CPUTYPEV=XeonGold6226R
>     ANS_IGNOREOS=1
>     LSF_SERVERDIR=/lsf/10.1/linux3.10-glibc2.17-x86_64/etc
>     HTTPS_CA_FILE=/appl9/latex/TexLive24/installer/install-tl-20240717/tlpkg/installer/curl/curl-ca-bundle.crt
>     DCC_ETC_PROFILE_LOADED=1
>     PATH_modshare=/bin:1:/apps9/dcc/bin:1:/usr/bin:1:/appl9/latex/TexLive24/bin/x86_64-linux:1:/appl/Modules/4.8.0/bin:1:/usr/local/bin:1
>     MODULEPATH_modshare=/appl/Modules/versions:1:/apps/dcc/etc/Modules$DCC_MODULE_SUFFIX/modulefiles:1:/appl/Modules/$MODULE_VERSION/modulefiles:1
>     XDG_SESSION_CLASS=user
>     MODULES_LMALTNAME_modshare=latex/TexLive24&as|latex/default&as|latex/latest:1
>     LOADEDMODULES_modshare=latex/TexLive24:1
>     LESSOPEN=||/usr/bin/lesspipe.sh %s
>     USER=s183220
>     CPUTYPE=XeonGold6226R
>     DCC_MODULE_SUFFIX=Alma92
>     MODULES_RUN_QUARANTINE=LD_LIBRARY_PATH LD_PRELOAD
>     LOADEDMODULES=latex/TexLive24
>     VISUAL=emacs
>     CUDA_MPS_LOG_DIRECTORY=/tmp
>     SHLVL=2
>     BASH_ENV=/appl/Modules/4.8.0/init/bash
>     PAGER=less
>     CVS_RSH=ssh
>     MAILUSER=s183220
>     XDG_SESSION_ID=12062
>     LSF_LIBDIR=/lsf/10.1/linux3.10-glibc2.17-x86_64/lib
>     LD_LIBRARY_PATH=/lsf/10.1/linux3.10-glibc2.17-x86_64/lib
>     LC_CTYPE=en_US.utf8
>     BLACKHOLE=/dtu/blackhole/17/136247
>     XDG_RUNTIME_DIR=/run/user/236247
>     S_COLORS=auto
>     SSH_CLIENT=10.209.79.79 33432 22
>     DEBUGINFOD_URLS=https://debuginfod.centos.org/ 
>     MAILADDR=s183220@student.dtu.dk
>     OMP_NUM_THREADS=1
>     which_declare=declare -f
>     LC_ALL=en_US.utf-8
>     NODE_EXTRA=
>     LSF_BINDIR=/lsf/10.1/linux3.10-glibc2.17-x86_64/bin
>     MAILHOST=student.dtu.dk
>     PATH=/usr/share/Modules/bin:/lsf/local/bin/:/lsf/10.1/linux3.10-glibc2.17-x86_64/etc:/lsf/10.1/linux3.10-glibc2.17-x86_64/bin:/appl9/latex/TexLive24/bin/x86_64-linux:/appl/Modules/4.8.0/bin:/apps9/dcc/bin:/usr/bin:/bin:/usr/local/bin:/opt/puppetlabs/bin:.
>     LSB_BJOBS_FORMAT=jobid: user: queue: name: slots:- stat: start_time: time_left:
>     MODULEPATH=/etc/scl/modulefiles:/appl/Modules/versions:/appl/Modules/$MODULE_VERSION/modulefiles:/apps/dcc/etc/Modules$DCC_MODULE_SUFFIX/modulefiles
>     _LMFILES_=/apps/dcc/etc/ModulesAlma92/modulefiles/latex/TexLive24
>     DBUS_SESSION_BUS_ADDRESS=unix:path=/run/user/236247/bus
>     LSF_ENVDIR=/lsf/conf
>     MODULE_VERSION_STACK=4.8.0
>     MAIL=/zhome/1a/4/136247/Maildir/
>     CVSEDITOR=nano -w
>     DCC_PROFILE=20100806
>     BINARY_TYPE_HPC=
>     MODULES_PAGER=
>     MODULES_CMD=/appl/Modules/4.8.0/libexec/modulecmd.tcl
>     I_MPI_FABRICS_LIST=ofa
>     BASH_FUNC_ml%%=() {  module ml "$@"
>     }
>     BASH_FUNC_which%%=() {  ( alias;
>      eval ${which_declare} ) | /usr/bin/which --tty-only --read-alias --read-functions --show-tilde --show-dot $@
>     }
>     BASH_FUNC_module%%=() {  unset _mlshdbg;
>      if [ "${MODULES_SILENT_SHELL_DEBUG:-0}" = '1' ]; then
>      case "$-" in 
>      *v*x*)
>      set +vx;
>      _mlshdbg='vx'
>      ;;
>      *v*)
>      set +v;
>      _mlshdbg='v'
>      ;;
>      *x*)
>      set +x;
>      _mlshdbg='x'
>      ;;
>      *)
>      _mlshdbg=''
>      ;;
>      esac;
>      fi;
>      unset _mlre _mlIFS;
>      if [ -n "${IFS+x}" ]; then
>      _mlIFS=$IFS;
>      fi;
>      IFS=' ';
>      for _mlv in ${MODULES_RUN_QUARANTINE:-};
>      do
>      if [ "${_mlv}" = "${_mlv##*[!A-Za-z0-9_]}" -a "${_mlv}" = "${_mlv#[0-9]}" ]; then
>      if [ -n "`eval 'echo ${'$_mlv'+x}'`" ]; then
>      _mlre="${_mlre:-}${_mlv}_modquar='`eval 'echo ${'$_mlv'}'`' ";
>      fi;
>      _mlrv="MODULES_RUNENV_${_mlv}";
>      _mlre="${_mlre:-}${_mlv}='`eval 'echo ${'$_mlrv':-}'`' ";
>      fi;
>      done;
>      if [ -n "${_mlre:-}" ]; then
>      eval `eval ${_mlre} /usr/bin/tclsh /appl/Modules/4.8.0/libexec/modulecmd.tcl bash '"$@"'`;
>      else
>      eval `/usr/bin/tclsh /appl/Modules/4.8.0/libexec/modulecmd.tcl bash "$@"`;
>      fi;
>      _mlstatus=$?;
>      if [ -n "${_mlIFS+x}" ]; then
>      IFS=$_mlIFS;
>      else
>      unset IFS;
>      fi;
>      unset _mlre _mlv _mlrv _mlIFS;
>      if [ -n "${_mlshdbg:-}" ]; then
>      set -$_mlshdbg;
>      fi;
>      unset _mlshdbg;
>      return $_mlstatus
>     }
>     BASH_FUNC_scl%%=() {  if [ "$1" = "load" -o "$1" = "unload" ]; then
>      eval "module $@";
>      else
>      /usr/bin/scl "$@";
>      fi
>     }
>     BASH_FUNC__module_raw%%=() {  eval "$(/usr/bin/tclsh '/usr/share/Modules/libexec/modulecmd.tcl' bash "$@")";
>      _mlstatus=$?;
>      return $_mlstatus
>     }
>     _=/usr/bin/printenv
>     OLDPWD=/zhome/1a/4/136247/.vscode-server
[12:55:19.390] > Spawned remote CLI: 3740322
[12:55:19.392] > Waiting for server log...
[12:55:19.425] > Waiting for server log...
[12:55:19.460] > Waiting for server log...
[12:55:19.588] > 67f661328a97: start
> listeningOn==127.0.0.1:36051==
> osReleaseId==almalinux==
> arch==x86_64==
> vscodeArch==x64==
> bitness==64==
> tmpDir==/run/user/236247==
> platform==linux==
> unpackResult==success==
> didLocalDownload==0==
> downloadTime==14847==
> installTime==266==
> serverStartTime==106==
> execServerToken==1111aaaa-aa11-11a1-aa1a-1111a11a11a1==
> platformDownloadPath==cli-alpine-x64==
> 67f661328a97: end
[12:55:19.589] Received install output: 
listeningOn==127.0.0.1:36051==
osReleaseId==almalinux==
arch==x86_64==
vscodeArch==x64==
bitness==64==
tmpDir==/run/user/236247==
platform==linux==
unpackResult==success==
didLocalDownload==0==
downloadTime==14847==
installTime==266==
serverStartTime==106==
execServerToken==1111aaaa-aa11-11a1-aa1a-1111a11a11a1==
platformDownloadPath==cli-alpine-x64==

[12:55:19.590] Remote server is listening on port 36051
[12:55:19.590] Parsed server configuration: {"serverConfiguration":{"remoteListeningOn":{"port":36051},"osReleaseId":"almalinux","arch":"x86_64","tmpDir":"/run/user/236247","platform":"linux","execServerToken":"1111aaaa-aa11-11a1-aa1a-1111a11a11a1"},"downloadTime":14847,"installTime":266,"serverStartTime":106,"installUnpackCode":"success"}
[12:55:19.592] Persisting server connection details to /home/aws/.config/Code/User/globalStorage/ms-vscode-remote.remote-ssh/vscode-ssh-host-55237ef1-d78a74bcdfad14d5d3b1b782f87255d802b57511-0.114.3-es/data.json
[12:55:19.596] Starting forwarding server. local port 33593 -> socksPort 39109 -> remotePort 36051
[12:55:19.596] Forwarding server listening on port 33593
[12:55:19.597] Waiting for ssh tunnel to be ready
[12:55:19.598] [Forwarding server port 33593] Got connection 0
[12:55:19.600] Tunneled port 36051 to local port 33593
[12:55:19.600] Resolved "ssh-remote+dtuhpc" to "port 33593"
[12:55:19.617] Initizing new exec server for ssh-remote+dtuhpc
[12:55:19.617] Resolving exec server at port 33593
[12:55:19.652] [Forwarding server port 33593] Got connection 1
[12:55:19.826] Exec server for ssh-remote+dtuhpc created and cached
[12:55:19.844] ------




[12:55:19.873] [server] Checking /zhome/1a/4/136247/.vscode-server/cli/servers/Stable-d78a74bcdfad14d5d3b1b782f87255d802b57511/log.txt and /zhome/1a/4/136247/.vscode-server/cli/servers/Stable-d78a74bcdfad14d5d3b1b782f87255d802b57511/pid.txt for a running server...
[12:55:20.190] [server] Installing and setting up Visual Studio Code Server...
[12:55:21.132] [server] Downloading Visual Studio Code server -> /tmp/.tmpQxysxj/vscode-server-linux-x64.tar.gz
[12:55:21.132] [server] server download progress: 0/59655618 (0%)
[12:55:21.157] [server] server download progress: 2105344/59655618 (4%)
[12:55:21.169] [server] server download progress: 4210687/59655618 (7%)
[12:55:21.177] [server] server download progress: 6316031/59655618 (11%)
[12:55:21.182] [server] server download progress: 8421374/59655618 (14%)
[12:55:21.191] [server] server download progress: 10526718/59655618 (18%)
[12:55:21.199] [server] server download progress: 12632061/59655618 (21%)
[12:55:21.205] [server] server download progress: 14737405/59655618 (25%)
[12:55:21.216] [server] server download progress: 16842748/59655618 (28%)
[12:55:21.221] [server] server download progress: 18948092/59655618 (32%)
[12:55:21.227] [server] server download progress: 21053435/59655618 (35%)
[12:55:21.233] [server] server download progress: 23158779/59655618 (39%)
[12:55:21.273] [server] server download progress: 25264122/59655618 (42%)
[12:55:21.274] [server] server download progress: 27369466/59655618 (46%)
[12:55:21.274] [server] server download progress: 29474809/59655618 (49%)
[12:55:21.275] [server] server download progress: 31580153/59655618 (53%)
[12:55:21.275] [server] server download progress: 33685496/59655618 (56%)
[12:55:21.351] [server] server download progress: 35790840/59655618 (60%)
[12:55:21.352] [server] server download progress: 37896183/59655618 (64%)
[12:55:21.352] [server] server download progress: 40001527/59655618 (67%)
[12:55:21.352] [server] server download progress: 42106870/59655618 (71%)
[12:55:21.352] [server] server download progress: 44212214/59655618 (74%)
[12:55:21.353] [server] server download progress: 46317557/59655618 (78%)
[12:55:21.353] [server] server download progress: 48422901/59655618 (81%)
[12:55:21.353] [server] server download progress: 50528244/59655618 (85%)
[12:55:21.353] [server] server download progress: 52633588/59655618 (88%)
[12:55:21.353] [server] server download progress: 54738931/59655618 (92%)
[12:55:21.354] [server] server download progress: 56844275/59655618 (95%)
[12:55:21.356] [server] server download progress: 58949618/59655618 (99%)
[12:55:21.361] [server] server download progress: 59655618/59655618 (100%)
[12:55:22.486] [server] server inflate progress: 89/1763 (5%)
[12:55:22.807] [server] server inflate progress: 179/1763 (10%)
[12:55:23.129] [server] server inflate progress: 269/1763 (15%)
[12:55:23.427] [server] server inflate progress: 359/1763 (20%)
[12:55:23.771] [server] server inflate progress: 449/1763 (25%)
[12:55:24.662] [server] server inflate progress: 539/1763 (31%)
[12:55:24.663] [server] server inflate progress: 629/1763 (36%)
[12:55:24.701] [server] server inflate progress: 719/1763 (41%)
[12:55:25.169] [server] server inflate progress: 809/1763 (46%)
[12:55:25.536] [server] server inflate progress: 899/1763 (51%)
[12:55:25.701] [server] server inflate progress: 989/1763 (56%)
[12:55:26.194] [server] server inflate progress: 1079/1763 (61%)
[12:55:27.116] [server] server inflate progress: 1169/1763 (66%)
[12:55:27.823] [server] server inflate progress: 1259/1763 (71%)
[12:55:28.174] [server] server inflate progress: 1349/1763 (77%)
[12:55:28.355] [server] server inflate progress: 1439/1763 (82%)
[12:55:28.676] [server] server inflate progress: 1529/1763 (87%)
[12:55:29.071] [server] server inflate progress: 1619/1763 (92%)
[12:55:29.333] [server] server inflate progress: 1709/1763 (97%)
[12:55:29.583] [server] server inflate progress: 1763/1763 (100%)
[12:55:30.007] [server] Server integrity verified, version: 1.94.0 / d78a74bcdfad14d5d3b1b782f87255d802b57511 / x64 / 
[12:55:30.020] [server] Server setup complete
[12:55:30.021] [server] Starting server...
[12:55:30.022] [server] Starting server with command... Command { std: "/zhome/1a/4/136247/.vscode-server/cli/servers/Stable-d78a74bcdfad14d5d3b1b782f87255d802b57511/server/bin/code-server" "--connection-token=remotessh" "--accept-server-license-terms" "--start-server" "--enable-remote-auto-shutdown" "--socket-path=/tmp/code-0df74cd6-6c2c-4031-918e-92cd7c93683c", kill_on_drop: false }
[12:55:30.152] [server] *
[12:55:30.152] [server] * Visual Studio Code Server
[12:55:30.152] [server] *
[12:55:30.152] [server] * By using the software, you agree to
[12:55:30.153] [server] * the Visual Studio Code Server License Terms (https://aka.ms/vscode-server-license) and
[12:55:30.153] [server] * the Microsoft Privacy Statement (https://privacy.microsoft.com/en-US/privacystatement).
[12:55:30.153] [server] *
[12:55:30.153] [server] Server bound to /tmp/code-0df74cd6-6c2c-4031-918e-92cd7c93683c
[12:55:30.154] [server] Extension host agent listening on /tmp/code-0df74cd6-6c2c-4031-918e-92cd7c93683c
[12:55:30.154] [server] parsed location: "/tmp/code-0df74cd6-6c2c-4031-918e-92cd7c93683c"
[12:55:30.154] [server] 
[12:55:30.154] [server] Server started
[12:55:30.182] [server] [12:55:30] 
[12:55:30.182] [server] 
[12:55:30.182] [server] 
[12:55:30.183] [server] 
[12:55:30.371] [server] [12:55:30] Extension host agent started.
[12:55:30.404] [server] [12:55:30] Started initializing default profile extensions in extensions installation folder. file:///zhome/1a/4/136247/.vscode-server/extensions
[12:55:30.417] [server] [12:55:30] [<unknown>][e7ecb8d3][ExtensionHostConnection] New connection established.
[12:55:30.459] [server] [12:55:30] [<unknown>][8dfba93a][ManagementConnection] New connection established.
[12:55:30.459] [server] [12:55:30] Completed initializing default profile extensions in extensions installation folder. file:///zhome/1a/4/136247/.vscode-server/extensions
[12:55:30.688] [server] [12:55:30] [<unknown>][e7ecb8d3][ExtensionHostConnection] <3740877> Launched Extension Host Process.
