2024-10-04 13:47:03.118 [info] Added views:outline in workbench.view.explorer
2024-10-04 13:47:03.118 [info] Added views:workbench.view.search in workbench.view.search
2024-10-04 13:47:03.118 [info] Added views:workbench.scm in workbench.view.scm
2024-10-04 13:47:03.118 [info] Added views:workbench.panel.markers.view in workbench.panel.markers
2024-10-04 13:47:03.118 [info] Added views:workbench.panel.output in workbench.panel.output
2024-10-04 13:47:03.118 [info] Added views:terminal in terminal
2024-10-04 13:47:03.118 [info] Added views:timeline in workbench.view.explorer
2024-10-04 13:47:03.118 [info] Added views:workbench.explorer.fileView in workbench.view.explorer
2024-10-04 13:47:03.401 [info] Added views:workbench.debug.welcome in workbench.view.debug
2024-10-04 13:47:05.198 [info] Added views:~remote.forwardedPorts in ~remote.forwardedPortsContainer
2024-10-04 13:47:05.752 [info] Added views:remoteTargets in workbench.view.remote
2024-10-04 13:47:06.613 [info] Added views:workbench.panel.repl.view in workbench.panel.repl
2024-10-04 13:47:08.018 [info] Added views:workbench.view.testing in workbench.view.extension.test
2024-10-04 13:47:12.546 [info] Removed views:workbench.view.testing from workbench.view.extension.test
2024-10-04 13:47:12.855 [info] Added views:outline in workbench.view.explorer
2024-10-04 13:47:12.855 [info] Added views:workbench.view.search in workbench.view.search
2024-10-04 13:47:12.855 [info] Added views:workbench.scm in workbench.view.scm
2024-10-04 13:47:12.855 [info] Added views:workbench.panel.markers.view in workbench.panel.markers
2024-10-04 13:47:12.855 [info] Added views:workbench.panel.output in workbench.panel.output
2024-10-04 13:47:12.855 [info] Added views:terminal in terminal
2024-10-04 13:47:12.855 [info] Added views:timeline in workbench.view.explorer
2024-10-04 13:47:12.855 [info] Added views:workbench.explorer.emptyView in workbench.view.explorer
2024-10-04 13:47:13.040 [info] Added views:workbench.debug.variablesView,workbench.debug.watchExpressionsView,workbench.debug.callStackView,workbench.debug.breakPointsView in workbench.view.debug
2024-10-04 13:47:13.252 [info] Added views:remoteTargets in workbench.view.remote
2024-10-04 13:47:13.279 [info] Added views:~remote.forwardedPorts in ~remote.forwardedPortsContainer
2024-10-04 13:47:13.415 [info] Added views:workbench.panel.repl.view in workbench.panel.repl
2024-10-04 13:47:13.415 [info] Removed views:workbench.debug.breakPointsView,workbench.debug.callStackView,workbench.debug.watchExpressionsView,workbench.debug.variablesView from workbench.view.debug
2024-10-04 13:47:13.416 [info] Added views:workbench.debug.welcome in workbench.view.debug
