2024-10-09 09:36:54.283 [info] Extension host with pid 2463 started
2024-10-09 09:36:54.283 [info] Skipping acquiring lock for /home/aws/.config/Code/User/workspaceStorage/7a701c0051e6af3b91d6aae9e1eded25.
2024-10-09 09:36:54.467 [info] ExtensionService#_doActivateExtension vscode.emmet, startup: false, activationEvent: 'onLanguage'
2024-10-09 09:36:54.484 [info] ExtensionService#_doActivateExtension ms-python.python, startup: false, activationEvent: 'onLanguage:python', root cause: ms-python.debugpy
2024-10-09 09:36:54.998 [info] ExtensionService#_doActivateExtension ms-python.debugpy, startup: false, activationEvent: 'onLanguage:python'
2024-10-09 09:36:55.067 [info] ExtensionService#_doActivateExtension ms-python.vscode-pylance, startup: false, activationEvent: 'onLanguage:python'
2024-10-09 09:36:55.461 [info] ExtensionService#_doActivateExtension vscode.git-base, startup: true, activationEvent: '*', root cause: vscode.git
2024-10-09 09:36:55.479 [info] ExtensionService#_doActivateExtension vscode.git, startup: true, activationEvent: '*'
2024-10-09 09:36:55.534 [info] ExtensionService#_doActivateExtension vscode.github, startup: true, activationEvent: '*'
2024-10-09 09:36:55.648 [info] Eager extensions activated
2024-10-09 09:36:55.718 [info] ExtensionService#_doActivateExtension vscode.debug-auto-launch, startup: false, activationEvent: 'onStartupFinished'
2024-10-09 09:36:55.726 [info] ExtensionService#_doActivateExtension vscode.merge-conflict, startup: false, activationEvent: 'onStartupFinished'
2024-10-09 09:36:55.750 [info] ExtensionService#_doActivateExtension vscodevim.vim, startup: false, activationEvent: 'onStartupFinished'
2024-10-09 10:37:50.231 [info] ExtensionService#_doActivateExtension vscode.configuration-editing, startup: false, activationEvent: 'onLanguage:jsonc'
2024-10-09 10:37:50.253 [info] ExtensionService#_doActivateExtension vscode.json-language-features, startup: false, activationEvent: 'onLanguage:jsonc'
2024-10-09 10:37:50.312 [info] ExtensionService#_doActivateExtension vscode.typescript-language-features, startup: false, activationEvent: 'onLanguage:jsonc'
2024-10-09 10:41:33.324 [warning] TextEditor is closed/disposed
2024-10-09 10:41:33.324 [warning] TextEditor is closed/disposed
2024-10-09 10:41:33.338 [warning] ExtHostTextEditorOptions 'setCursorStyle' failed:'
2024-10-09 10:41:33.338 [warning] Illegal argument: TextEditor(vs.editor.ICodeEditor:1,$model3)
2024-10-09 10:42:36.908 [warning] TextEditor is closed/disposed
2024-10-09 10:42:36.909 [warning] TextEditor is closed/disposed
2024-10-09 10:42:36.924 [warning] ExtHostTextEditorOptions 'setCursorStyle' failed:'
2024-10-09 10:42:36.924 [warning] Illegal argument: TextEditor(vs.editor.ICodeEditor:1,$model4)
2024-10-09 12:47:52.471 [info] ExtensionService#_doActivateExtension ms-vscode.remote-explorer, startup: false, activationEvent: 'onView:remoteTargets'
2024-10-09 12:47:52.492 [info] ExtensionService#_doActivateExtension ms-vscode-remote.remote-ssh, startup: false, activationEvent: 'onCommand:remote-internal.getActiveSshRemote'
2024-10-09 12:47:56.385 [info] Extension host terminating: renderer closed the MessagePort
2024-10-09 12:47:56.410 [error] Canceled: Canceled
	at new eA (file:///opt/visual-studio-code/resources/app/out/vs/workbench/api/node/extensionHostProcess.js:31:109321)
	at Zb.U (file:///opt/visual-studio-code/resources/app/out/vs/workbench/api/node/extensionHostProcess.js:31:113933)
	at s.<computed>.n.charCodeAt.s.<computed> (file:///opt/visual-studio-code/resources/app/out/vs/workbench/api/node/extensionHostProcess.js:31:111427)
	at T0.g (file:///opt/visual-studio-code/resources/app/out/vs/workbench/api/node/extensionHostProcess.js:114:32325)
	at T0.executeCommand (file:///opt/visual-studio-code/resources/app/out/vs/workbench/api/node/extensionHostProcess.js:114:31826)
	at r.registerCommand.description (file:///opt/visual-studio-code/resources/app/out/vs/workbench/api/node/extensionHostProcess.js:114:31156)
	at T0.h (file:///opt/visual-studio-code/resources/app/out/vs/workbench/api/node/extensionHostProcess.js:114:32845)
	at T0.g (file:///opt/visual-studio-code/resources/app/out/vs/workbench/api/node/extensionHostProcess.js:114:31919)
	at T0.executeCommand (file:///opt/visual-studio-code/resources/app/out/vs/workbench/api/node/extensionHostProcess.js:114:31826)
	at Object.executeCommand (file:///opt/visual-studio-code/resources/app/out/vs/workbench/api/node/extensionHostProcess.js:156:37049)
	at t.shutdown (/home/aws/.vscode/extensions/ms-vscode-remote.remote-ssh-0.115.0/out/extension.js:2:570757)
	at e.deactivate (/home/aws/.vscode/extensions/ms-vscode-remote.remote-ssh-0.115.0/out/extension.js:2:842216)
	at hB.eb (file:///opt/visual-studio-code/resources/app/out/vs/workbench/api/node/extensionHostProcess.js:118:11727)
	at file:///opt/visual-studio-code/resources/app/out/vs/workbench/api/node/extensionHostProcess.js:118:9877
	at Array.map (<anonymous>)
	at hB.$ (file:///opt/visual-studio-code/resources/app/out/vs/workbench/api/node/extensionHostProcess.js:118:9865)
	at hB.terminate (file:///opt/visual-studio-code/resources/app/out/vs/workbench/api/node/extensionHostProcess.js:118:10108)
	at M3.terminate (file:///opt/visual-studio-code/resources/app/out/vs/workbench/api/node/extensionHostProcess.js:119:1424)
	at ps (file:///opt/visual-studio-code/resources/app/out/vs/workbench/api/node/extensionHostProcess.js:174:15058)
	at MessagePortMain.<anonymous> (file:///opt/visual-studio-code/resources/app/out/vs/workbench/api/node/extensionHostProcess.js:174:11603)
	at MessagePortMain.emit (node:events:519:28)
	at MessagePortMain._internalPort.emit (node:electron/js2c/utility_init:2:2619) setContext undefined
2024-10-09 12:47:56.412 [info] Extension host with pid 2463 exiting with code 0
2024-10-09 12:47:57.377 [info] Extension host with pid 7248 started
2024-10-09 12:47:57.378 [info] [resolveAuthority(ssh-remote,1)][1ms] activating remote resolvers ssh-remote+computerome
2024-10-09 12:47:57.378 [info] [resolveAuthority(ssh-remote,1)][1ms] activating resolver for ssh-remote+computerome...
2024-10-09 12:47:57.404 [info] ExtensionService#_doActivateExtension ms-vscode-remote.remote-ssh, startup: false, activationEvent: 'onResolveRemoteAuthority:ssh-remote'
2024-10-09 12:47:57.541 [info] [resolveAuthority(ssh-remote,1)][167ms] invoking final resolve()...
2024-10-09 12:47:58.542 [info] [resolveAuthority(ssh-remote,1)][1168ms] waiting...
2024-10-09 12:47:59.543 [info] [resolveAuthority(ssh-remote,1)][2169ms] waiting...
2024-10-09 12:48:00.544 [info] [resolveAuthority(ssh-remote,1)][3170ms] waiting...
2024-10-09 12:48:01.546 [info] [resolveAuthority(ssh-remote,1)][4172ms] waiting...
2024-10-09 12:48:02.547 [info] [resolveAuthority(ssh-remote,1)][5172ms] waiting...
2024-10-09 12:48:03.547 [info] [resolveAuthority(ssh-remote,1)][6173ms] waiting...
2024-10-09 12:48:04.547 [info] [resolveAuthority(ssh-remote,1)][7173ms] waiting...
2024-10-09 12:48:05.548 [info] [resolveAuthority(ssh-remote,1)][8174ms] waiting...
2024-10-09 12:48:06.549 [info] [resolveAuthority(ssh-remote,1)][9175ms] waiting...
2024-10-09 12:48:07.549 [info] [resolveAuthority(ssh-remote,1)][10175ms] waiting...
2024-10-09 12:48:08.550 [info] [resolveAuthority(ssh-remote,1)][11176ms] waiting...
2024-10-09 12:48:09.552 [info] [resolveAuthority(ssh-remote,1)][12178ms] waiting...
2024-10-09 12:48:10.553 [info] [resolveAuthority(ssh-remote,1)][13179ms] waiting...
2024-10-09 12:48:11.554 [info] [resolveAuthority(ssh-remote,1)][14180ms] waiting...
2024-10-09 12:48:12.554 [info] [resolveAuthority(ssh-remote,1)][15180ms] waiting...
2024-10-09 12:48:13.556 [info] [resolveAuthority(ssh-remote,1)][16182ms] waiting...
2024-10-09 12:48:14.557 [info] [resolveAuthority(ssh-remote,1)][17183ms] waiting...
2024-10-09 12:48:15.557 [info] [resolveAuthority(ssh-remote,1)][18183ms] waiting...
2024-10-09 12:48:16.558 [info] [resolveAuthority(ssh-remote,1)][19184ms] waiting...
2024-10-09 12:48:17.559 [info] [resolveAuthority(ssh-remote,1)][20185ms] waiting...
2024-10-09 12:48:18.559 [info] [resolveAuthority(ssh-remote,1)][21185ms] waiting...
2024-10-09 12:48:19.560 [info] [resolveAuthority(ssh-remote,1)][22186ms] waiting...
2024-10-09 12:48:20.561 [info] [resolveAuthority(ssh-remote,1)][23187ms] waiting...
2024-10-09 12:48:21.561 [info] [resolveAuthority(ssh-remote,1)][24187ms] waiting...
2024-10-09 12:48:22.562 [info] [resolveAuthority(ssh-remote,1)][25188ms] waiting...
2024-10-09 12:48:23.563 [info] [resolveAuthority(ssh-remote,1)][26189ms] waiting...
2024-10-09 12:48:24.563 [info] [resolveAuthority(ssh-remote,1)][27189ms] waiting...
2024-10-09 12:48:25.564 [info] [resolveAuthority(ssh-remote,1)][28190ms] waiting...
2024-10-09 12:48:26.564 [info] [resolveAuthority(ssh-remote,1)][29190ms] waiting...
2024-10-09 12:48:27.564 [info] [resolveAuthority(ssh-remote,1)][30190ms] waiting...
2024-10-09 12:48:28.565 [info] [resolveAuthority(ssh-remote,1)][31191ms] waiting...
2024-10-09 12:48:29.566 [info] [resolveAuthority(ssh-remote,1)][32192ms] waiting...
2024-10-09 12:48:30.234 [info] Extension host terminating: renderer closed the MessagePort
2024-10-09 12:48:30.235 [info] Extension host with pid 7248 exiting with code 0
2024-10-09 12:48:31.798 [info] Extension host with pid 7830 started
2024-10-09 12:48:31.822 [info] ExtensionService#_doActivateExtension vscode.git-base, startup: true, activationEvent: '*', root cause: vscode.git
2024-10-09 12:48:31.839 [info] ExtensionService#_doActivateExtension vscode.git, startup: true, activationEvent: '*'
2024-10-09 12:48:31.901 [info] ExtensionService#_doActivateExtension vscode.github, startup: true, activationEvent: '*'
2024-10-09 12:48:31.996 [info] Eager extensions activated
2024-10-09 12:48:32.035 [info] ExtensionService#_doActivateExtension vscode.debug-auto-launch, startup: false, activationEvent: 'onStartupFinished'
2024-10-09 12:48:32.037 [info] ExtensionService#_doActivateExtension vscode.merge-conflict, startup: false, activationEvent: 'onStartupFinished'
2024-10-09 12:48:32.059 [info] ExtensionService#_doActivateExtension vscodevim.vim, startup: false, activationEvent: 'onStartupFinished'
2024-10-09 12:48:32.634 [info] ExtensionService#_doActivateExtension ms-vscode.remote-explorer, startup: false, activationEvent: 'onView:remoteTargets'
2024-10-09 12:48:32.648 [info] ExtensionService#_doActivateExtension ms-vscode-remote.remote-ssh, startup: false, activationEvent: 'onCommand:remote-internal.getActiveSshRemote'
2024-10-09 12:48:36.940 [info] Extension host terminating: renderer closed the MessagePort
2024-10-09 12:48:36.955 [error] Canceled: Canceled
	at new eA (file:///opt/visual-studio-code/resources/app/out/vs/workbench/api/node/extensionHostProcess.js:31:109321)
	at Zb.U (file:///opt/visual-studio-code/resources/app/out/vs/workbench/api/node/extensionHostProcess.js:31:113933)
	at s.<computed>.n.charCodeAt.s.<computed> (file:///opt/visual-studio-code/resources/app/out/vs/workbench/api/node/extensionHostProcess.js:31:111427)
	at T0.g (file:///opt/visual-studio-code/resources/app/out/vs/workbench/api/node/extensionHostProcess.js:114:32325)
	at T0.executeCommand (file:///opt/visual-studio-code/resources/app/out/vs/workbench/api/node/extensionHostProcess.js:114:31826)
	at r.registerCommand.description (file:///opt/visual-studio-code/resources/app/out/vs/workbench/api/node/extensionHostProcess.js:114:31156)
	at T0.h (file:///opt/visual-studio-code/resources/app/out/vs/workbench/api/node/extensionHostProcess.js:114:32845)
	at T0.g (file:///opt/visual-studio-code/resources/app/out/vs/workbench/api/node/extensionHostProcess.js:114:31919)
	at T0.executeCommand (file:///opt/visual-studio-code/resources/app/out/vs/workbench/api/node/extensionHostProcess.js:114:31826)
	at Object.executeCommand (file:///opt/visual-studio-code/resources/app/out/vs/workbench/api/node/extensionHostProcess.js:156:37049)
	at t.shutdown (/home/aws/.vscode/extensions/ms-vscode-remote.remote-ssh-0.115.0/out/extension.js:2:570757)
	at e.deactivate (/home/aws/.vscode/extensions/ms-vscode-remote.remote-ssh-0.115.0/out/extension.js:2:842216)
	at hB.eb (file:///opt/visual-studio-code/resources/app/out/vs/workbench/api/node/extensionHostProcess.js:118:11727)
	at file:///opt/visual-studio-code/resources/app/out/vs/workbench/api/node/extensionHostProcess.js:118:9877
	at Array.map (<anonymous>)
	at hB.$ (file:///opt/visual-studio-code/resources/app/out/vs/workbench/api/node/extensionHostProcess.js:118:9865)
	at hB.terminate (file:///opt/visual-studio-code/resources/app/out/vs/workbench/api/node/extensionHostProcess.js:118:10108)
	at M3.terminate (file:///opt/visual-studio-code/resources/app/out/vs/workbench/api/node/extensionHostProcess.js:119:1424)
	at ps (file:///opt/visual-studio-code/resources/app/out/vs/workbench/api/node/extensionHostProcess.js:174:15058)
	at MessagePortMain.<anonymous> (file:///opt/visual-studio-code/resources/app/out/vs/workbench/api/node/extensionHostProcess.js:174:11603)
	at MessagePortMain.emit (node:events:519:28)
	at MessagePortMain._internalPort.emit (node:electron/js2c/utility_init:2:2619) setContext undefined
2024-10-09 12:48:36.956 [info] Extension host with pid 7830 exiting with code 0
2024-10-09 12:48:37.745 [info] Extension host with pid 7870 started
2024-10-09 12:48:37.745 [info] [resolveAuthority(ssh-remote,1)][0ms] activating remote resolvers ssh-remote+computerome
2024-10-09 12:48:37.745 [info] [resolveAuthority(ssh-remote,1)][0ms] activating resolver for ssh-remote+computerome...
2024-10-09 12:48:37.772 [info] ExtensionService#_doActivateExtension ms-vscode-remote.remote-ssh, startup: false, activationEvent: 'onResolveRemoteAuthority:ssh-remote'
2024-10-09 12:48:37.909 [info] [resolveAuthority(ssh-remote,1)][166ms] invoking final resolve()...
2024-10-09 12:48:38.909 [info] [resolveAuthority(ssh-remote,1)][1166ms] waiting...
2024-10-09 12:48:39.909 [info] [resolveAuthority(ssh-remote,1)][2166ms] waiting...
2024-10-09 12:48:40.910 [info] [resolveAuthority(ssh-remote,1)][3167ms] waiting...
2024-10-09 12:48:41.910 [info] [resolveAuthority(ssh-remote,1)][4167ms] waiting...
2024-10-09 12:48:42.911 [info] [resolveAuthority(ssh-remote,1)][5168ms] waiting...
2024-10-09 12:48:43.911 [info] [resolveAuthority(ssh-remote,1)][6168ms] waiting...
2024-10-09 12:48:44.912 [info] [resolveAuthority(ssh-remote,1)][7169ms] waiting...
2024-10-09 12:48:45.912 [info] [resolveAuthority(ssh-remote,1)][8169ms] waiting...
2024-10-09 12:48:46.913 [info] [resolveAuthority(ssh-remote,1)][9170ms] waiting...
2024-10-09 12:48:47.914 [info] [resolveAuthority(ssh-remote,1)][10171ms] waiting...
2024-10-09 12:48:48.914 [info] [resolveAuthority(ssh-remote,1)][11171ms] waiting...
2024-10-09 12:48:49.916 [info] [resolveAuthority(ssh-remote,1)][12173ms] waiting...
2024-10-09 12:48:50.918 [info] [resolveAuthority(ssh-remote,1)][13175ms] waiting...
2024-10-09 12:48:51.918 [info] [resolveAuthority(ssh-remote,1)][14175ms] waiting...
2024-10-09 12:48:52.918 [info] [resolveAuthority(ssh-remote,1)][15175ms] waiting...
2024-10-09 12:48:53.919 [info] [resolveAuthority(ssh-remote,1)][16176ms] waiting...
2024-10-09 12:48:54.920 [info] [resolveAuthority(ssh-remote,1)][17177ms] waiting...
2024-10-09 12:48:55.921 [info] [resolveAuthority(ssh-remote,1)][18178ms] waiting...
2024-10-09 12:48:56.922 [info] [resolveAuthority(ssh-remote,1)][19179ms] waiting...
2024-10-09 12:48:57.923 [info] [resolveAuthority(ssh-remote,1)][20180ms] waiting...
2024-10-09 12:48:58.924 [info] [resolveAuthority(ssh-remote,1)][21181ms] waiting...
2024-10-09 12:48:59.925 [info] [resolveAuthority(ssh-remote,1)][22182ms] waiting...
2024-10-09 12:49:00.924 [info] [resolveAuthority(ssh-remote,1)][23181ms] waiting...
2024-10-09 12:49:01.926 [info] [resolveAuthority(ssh-remote,1)][24183ms] waiting...
2024-10-09 12:49:02.927 [info] [resolveAuthority(ssh-remote,1)][25184ms] waiting...
2024-10-09 12:49:03.928 [info] [resolveAuthority(ssh-remote,1)][26185ms] waiting...
2024-10-09 12:49:04.929 [info] [resolveAuthority(ssh-remote,1)][27186ms] waiting...
2024-10-09 12:49:05.931 [info] [resolveAuthority(ssh-remote,1)][28188ms] waiting...
2024-10-09 12:49:06.933 [info] [resolveAuthority(ssh-remote,1)][29190ms] waiting...
2024-10-09 12:49:07.934 [info] [resolveAuthority(ssh-remote,1)][30190ms] waiting...
2024-10-09 12:49:08.934 [info] [resolveAuthority(ssh-remote,1)][31191ms] waiting...
2024-10-09 12:49:09.935 [info] [resolveAuthority(ssh-remote,1)][32192ms] waiting...
2024-10-09 12:49:10.936 [info] [resolveAuthority(ssh-remote,1)][33193ms] waiting...
2024-10-09 12:49:11.937 [info] [resolveAuthority(ssh-remote,1)][34194ms] waiting...
2024-10-09 12:49:12.938 [info] [resolveAuthority(ssh-remote,1)][35194ms] waiting...
2024-10-09 12:49:13.938 [info] [resolveAuthority(ssh-remote,1)][36195ms] waiting...
2024-10-09 12:49:14.938 [info] [resolveAuthority(ssh-remote,1)][37195ms] waiting...
2024-10-09 12:49:15.939 [info] [resolveAuthority(ssh-remote,1)][38196ms] waiting...
2024-10-09 12:49:16.057 [info] [resolveAuthority(ssh-remote,1)][38314ms] setting tunnel factory...
2024-10-09 12:49:16.057 [info] [resolveAuthority(ssh-remote,1)][38314ms] returned managed authority
2024-10-09 12:49:28.956 [info] Eager extensions activated
2024-10-09 12:49:29.020 [info] ExtensionService#_doActivateExtension vscodevim.vim, startup: false, activationEvent: 'onStartupFinished'
2024-10-09 12:49:29.148 [info] ExtensionService#_doActivateExtension ms-vscode.remote-explorer, startup: false, activationEvent: 'onCommand:remote-explorer.refresh'
2024-10-09 12:50:04.389 [info] [resolveAuthority(ssh-remote,2)][1ms] activating remote resolvers ssh-remote+computerome
2024-10-09 12:50:04.389 [info] [resolveAuthority(ssh-remote,2)][1ms] activating resolver for ssh-remote+computerome...
2024-10-09 12:50:04.389 [info] [resolveAuthority(ssh-remote,2)][1ms] invoking final resolve()...
2024-10-09 12:50:05.390 [info] [resolveAuthority(ssh-remote,2)][1002ms] waiting...
2024-10-09 12:50:05.894 [info] Extension host terminating: renderer closed the MessagePort
2024-10-09 12:50:05.912 [error] Canceled: Canceled
	at new eA (file:///opt/visual-studio-code/resources/app/out/vs/workbench/api/node/extensionHostProcess.js:31:109321)
	at Zb.U (file:///opt/visual-studio-code/resources/app/out/vs/workbench/api/node/extensionHostProcess.js:31:113933)
	at s.<computed>.n.charCodeAt.s.<computed> (file:///opt/visual-studio-code/resources/app/out/vs/workbench/api/node/extensionHostProcess.js:31:111427)
	at T0.g (file:///opt/visual-studio-code/resources/app/out/vs/workbench/api/node/extensionHostProcess.js:114:32325)
	at T0.executeCommand (file:///opt/visual-studio-code/resources/app/out/vs/workbench/api/node/extensionHostProcess.js:114:31826)
	at r.registerCommand.description (file:///opt/visual-studio-code/resources/app/out/vs/workbench/api/node/extensionHostProcess.js:114:31156)
	at T0.h (file:///opt/visual-studio-code/resources/app/out/vs/workbench/api/node/extensionHostProcess.js:114:32845)
	at T0.g (file:///opt/visual-studio-code/resources/app/out/vs/workbench/api/node/extensionHostProcess.js:114:31919)
	at T0.executeCommand (file:///opt/visual-studio-code/resources/app/out/vs/workbench/api/node/extensionHostProcess.js:114:31826)
	at Object.executeCommand (file:///opt/visual-studio-code/resources/app/out/vs/workbench/api/node/extensionHostProcess.js:156:37049)
	at t.shutdown (/home/aws/.vscode/extensions/ms-vscode-remote.remote-ssh-0.115.0/out/extension.js:2:570757)
	at e.deactivate (/home/aws/.vscode/extensions/ms-vscode-remote.remote-ssh-0.115.0/out/extension.js:2:842216)
	at hB.eb (file:///opt/visual-studio-code/resources/app/out/vs/workbench/api/node/extensionHostProcess.js:118:11727)
	at file:///opt/visual-studio-code/resources/app/out/vs/workbench/api/node/extensionHostProcess.js:118:9877
	at Array.map (<anonymous>)
	at hB.$ (file:///opt/visual-studio-code/resources/app/out/vs/workbench/api/node/extensionHostProcess.js:118:9865)
	at hB.terminate (file:///opt/visual-studio-code/resources/app/out/vs/workbench/api/node/extensionHostProcess.js:118:10108)
	at M3.terminate (file:///opt/visual-studio-code/resources/app/out/vs/workbench/api/node/extensionHostProcess.js:119:1424)
	at ps (file:///opt/visual-studio-code/resources/app/out/vs/workbench/api/node/extensionHostProcess.js:174:15058)
	at MessagePortMain.<anonymous> (file:///opt/visual-studio-code/resources/app/out/vs/workbench/api/node/extensionHostProcess.js:174:11603)
	at MessagePortMain.emit (node:events:519:28)
	at MessagePortMain._internalPort.emit (node:electron/js2c/utility_init:2:2619) setContext undefined
2024-10-09 12:50:05.914 [info] Extension host with pid 7870 exiting with code 0
2024-10-09 12:50:06.819 [info] Extension host with pid 8047 started
2024-10-09 12:50:06.848 [info] ExtensionService#_doActivateExtension vscode.git-base, startup: true, activationEvent: '*', root cause: vscode.git
2024-10-09 12:50:06.874 [info] ExtensionService#_doActivateExtension vscode.git, startup: true, activationEvent: '*'
2024-10-09 12:50:06.937 [info] ExtensionService#_doActivateExtension vscode.github, startup: true, activationEvent: '*'
2024-10-09 12:50:07.030 [info] Eager extensions activated
2024-10-09 12:50:07.087 [info] ExtensionService#_doActivateExtension vscode.debug-auto-launch, startup: false, activationEvent: 'onStartupFinished'
2024-10-09 12:50:07.089 [info] ExtensionService#_doActivateExtension vscode.merge-conflict, startup: false, activationEvent: 'onStartupFinished'
2024-10-09 12:50:07.105 [info] ExtensionService#_doActivateExtension vscodevim.vim, startup: false, activationEvent: 'onStartupFinished'
2024-10-09 12:50:24.297 [info] Extension host terminating: renderer closed the MessagePort
2024-10-09 12:50:24.310 [info] Extension host with pid 8047 exiting with code 0
2024-10-09 12:50:25.143 [info] Extension host with pid 8124 started
2024-10-09 12:50:25.143 [info] Skipping acquiring lock for /home/aws/.config/Code/User/workspaceStorage/7a701c0051e6af3b91d6aae9e1eded25.
2024-10-09 12:50:25.275 [info] ExtensionService#_doActivateExtension vscode.emmet, startup: false, activationEvent: 'onLanguage'
2024-10-09 12:50:25.293 [info] ExtensionService#_doActivateExtension ms-python.python, startup: false, activationEvent: 'onLanguage:python', root cause: ms-python.debugpy
2024-10-09 12:50:25.762 [info] ExtensionService#_doActivateExtension ms-python.debugpy, startup: false, activationEvent: 'onLanguage:python'
2024-10-09 12:50:25.825 [info] ExtensionService#_doActivateExtension ms-python.vscode-pylance, startup: false, activationEvent: 'onLanguage:python'
2024-10-09 12:50:26.247 [info] ExtensionService#_doActivateExtension vscode.git-base, startup: true, activationEvent: '*', root cause: vscode.git
2024-10-09 12:50:26.257 [info] ExtensionService#_doActivateExtension vscode.git, startup: true, activationEvent: '*'
2024-10-09 12:50:26.315 [info] ExtensionService#_doActivateExtension vscode.github, startup: true, activationEvent: '*'
2024-10-09 12:50:26.415 [info] Eager extensions activated
2024-10-09 12:50:26.545 [info] ExtensionService#_doActivateExtension vscode.debug-auto-launch, startup: false, activationEvent: 'onStartupFinished'
2024-10-09 12:50:26.547 [info] ExtensionService#_doActivateExtension vscode.merge-conflict, startup: false, activationEvent: 'onStartupFinished'
2024-10-09 12:50:26.563 [info] ExtensionService#_doActivateExtension vscodevim.vim, startup: false, activationEvent: 'onStartupFinished'
2024-10-09 13:18:43.055 [info] Extension host terminating: renderer closed the MessagePort
2024-10-09 13:18:43.091 [info] Extension host with pid 8124 exiting with code 0
