2024-10-04 12:53:45.993 [info] Configuration changed
2024-10-04 12:53:46.828 [info] Configuration changed
2024-10-04 12:54:45.678 [info] Configuration changed
2024-10-04 12:55:31.540 [info] Configuration changed
2024-10-04 12:56:35.603 [info] Configuration changed
2024-10-04 12:56:43.867 [info] Configuration changed
2024-10-04 12:56:44.038 [info] Configuration changed
2024-10-04 12:56:44.183 [info] Configuration changed
2024-10-04 12:57:01.153 [info] Active editor: vscode-remote://ssh-remote%2Bdtuhpc/zhome/1a/4/136247/code/4_2_exe_cnn_cifar_10.py
2024-10-04 12:57:27.842 [info] Active editor: vscode-remote://ssh-remote%2Bdtuhpc/zhome/1a/4/136247/code/4_2_exe_cnn_cifar_10.py
2024-10-04 12:57:36.861 [info] Configuration changed
2024-10-04 12:57:36.947 [info] Configuration changed
2024-10-04 12:57:44.102 [info] Active editor: vscode-remote://ssh-remote%2Bdtuhpc/zhome/1a/4/136247/code/4_2_exe_cnn_cifar_10.py
2024-10-04 12:59:05.011 [info] /zhome/1a/4/136247/.vscode-server/extensions/ms-python.python-2024.16.0-linux-x64/package.json closed
2024-10-04 12:59:05.012 [info] /zhome/1a/4/136247/.vscode-server/extensions/ms-python.vscode-pylance-2024.9.2/package.json closed
2024-10-04 12:59:05.013 [info] /zhome/1a/4/136247/.vscode-server/extensions/ms-python.python-2024.16.0-linux-x64/out/client/package.json closed
2024-10-04 12:59:05.014 [info] /zhome/1a/4/136247/.vscode-server/extensions/ms-python.debugpy-2024.10.0-linux-x64/package.json closed
2024-10-04 12:59:05.014 [info] /zhome/1a/4/136247/miniconda3/pkgs/notebook-7.2.2-py310h06a4308_1/share/jupyter/labextensions/@jupyter-notebook/lab-extension/package.json closed
2024-10-04 12:59:05.015 [info] /zhome/1a/4/136247/miniconda3/pkgs/jupyterlab-4.2.5-py310h06a4308_0/lib/python3.10/site-packages/jupyterlab/tests/mock_packages/test-hyphens-underscore/package.json closed
2024-10-04 12:59:05.015 [info] /zhome/1a/4/136247/miniconda3/pkgs/jupyterlab-4.2.5-py310h06a4308_0/lib/python3.10/site-packages/jupyterlab/galata/@jupyterlab/galata-extension/package.json closed
2024-10-04 12:59:05.016 [info] /zhome/1a/4/136247/miniconda3/pkgs/jupyterlab-4.2.5-py310h06a4308_0/lib/python3.10/site-packages/jupyterlab/tests/mock_packages/mimeextension/package.json closed
2024-10-04 12:59:05.017 [info] /zhome/1a/4/136247/miniconda3/pkgs/jupyterlab-4.2.5-py310h06a4308_0/lib/python3.10/site-packages/jupyterlab/tests/mock_packages/test_no_hyphens/package.json closed
2024-10-04 12:59:05.017 [info] /zhome/1a/4/136247/miniconda3/pkgs/jupyterlab-4.2.5-py310h06a4308_0/lib/python3.10/site-packages/jupyterlab/tests/mock_packages/extension/package.json closed
2024-10-04 12:59:06.558 [info] /zhome/1a/4/136247/miniconda3/pkgs/jupyterlab-4.2.5-py310h06a4308_0/lib/python3.10/site-packages/jupyterlab/tests/mock_packages/test-hyphens/package.json closed
2024-10-04 12:59:06.559 [info] /zhome/1a/4/136247/miniconda3/pkgs/jupyterlab-4.2.5-py310h06a4308_0/lib/python3.10/site-packages/jupyterlab/tests/mock_packages/incompat/package.json closed
2024-10-04 12:59:06.560 [info] /zhome/1a/4/136247/miniconda3/pkgs/jupyterlab-4.2.5-py310h06a4308_0/lib/python3.10/site-packages/jupyterlab/tests/mock_packages/package/package.json closed
2024-10-04 12:59:06.561 [info] /zhome/1a/4/136247/miniconda3/pkgs/jupyterlab-4.2.5-py310h06a4308_0/lib/python3.10/site-packages/jupyterlab/staging/package.json closed
2024-10-04 12:59:06.562 [info] /zhome/1a/4/136247/miniconda3/pkgs/jupyterlab-4.2.5-py310h06a4308_0/lib/python3.10/site-packages/jupyterlab/tests/mock_packages/interop/token/package.json closed
2024-10-04 12:59:06.562 [info] /zhome/1a/4/136247/miniconda3/pkgs/jupyterlab-4.2.5-py310h06a4308_0/lib/python3.10/site-packages/jupyterlab/tests/mock_packages/interop/provider/package.json closed
2024-10-04 12:59:06.563 [info] /zhome/1a/4/136247/miniconda3/pkgs/jupyterlab-4.2.5-py310h06a4308_0/lib/python3.10/site-packages/jupyterlab/tests/mock_packages/interop/consumer/package.json closed
2024-10-04 12:59:06.564 [info] /zhome/1a/4/136247/miniconda3/pkgs/jupyterlab-4.2.5-py310h06a4308_0/share/jupyter/lab/static/package.json closed
2024-10-04 12:59:06.565 [info] /zhome/1a/4/136247/miniconda3/pkgs/jupyterlab-4.2.5-py310h06a4308_0/lib/python3.10/site-packages/jupyterlab/static/package.json closed
2024-10-04 12:59:06.565 [info] /zhome/1a/4/136247/miniconda3/pkgs/jupyterlab_widgets-3.0.10-py310h06a4308_0/share/jupyter/labextensions/@jupyter-widgets/jupyterlab-manager/package.json closed
2024-10-04 12:59:08.317 [info] /zhome/1a/4/136247/miniconda3/envs/myenv/share/jupyter/labextensions/@jupyter-notebook/lab-extension/package.json closed
2024-10-04 12:59:08.317 [info] /zhome/1a/4/136247/miniconda3/envs/myenv/share/jupyter/labextensions/@jupyter-widgets/jupyterlab-manager/package.json closed
2024-10-04 12:59:08.318 [info] /zhome/1a/4/136247/miniconda3/envs/myenv/share/jupyter/lab/static/package.json closed
2024-10-04 12:59:08.318 [info] /zhome/1a/4/136247/.vscode-server/cli/servers/Stable-d78a74bcdfad14d5d3b1b782f87255d802b57511/server/package.json closed
2024-10-04 12:59:08.319 [info] /zhome/1a/4/136247/.vscode-server/cli/servers/Stable-d78a74bcdfad14d5d3b1b782f87255d802b57511/server/extensions/search-result/package.json closed
2024-10-04 12:59:08.319 [info] /zhome/1a/4/136247/.vscode-server/cli/servers/Stable-d78a74bcdfad14d5d3b1b782f87255d802b57511/server/extensions/github/package.json closed
2024-10-04 12:59:08.320 [info] /zhome/1a/4/136247/.vscode-server/cli/servers/Stable-d78a74bcdfad14d5d3b1b782f87255d802b57511/server/extensions/gulp/package.json closed
2024-10-04 12:59:08.320 [info] /zhome/1a/4/136247/.vscode-server/cli/servers/Stable-d78a74bcdfad14d5d3b1b782f87255d802b57511/server/extensions/tunnel-forwarding/package.json closed
2024-10-04 12:59:08.321 [info] /zhome/1a/4/136247/.vscode-server/cli/servers/Stable-d78a74bcdfad14d5d3b1b782f87255d802b57511/server/extensions/git-base/package.json closed
2024-10-04 12:59:08.321 [info] /zhome/1a/4/136247/miniconda3/envs/myenv/lib/python3.1/site-packages/jupyterlab/static/package.json closed
2024-10-04 13:00:04.122 [info] Active editor: untitled://ssh-remote%2Bdtuhpc/zhome/1a/4/136247/code/test.py
2024-10-04 13:01:25.747 [info] /zhome/1a/4/136247/code/4_2_exe_cnn_cifar_10.py closed
2024-10-04 13:01:32.687 [info] Active editor: untitled://ssh-remote%2Bdtuhpc/zhome/1a/4/136247/code/test.py
2024-10-04 13:01:40.192 [info] Active editor: untitled://ssh-remote%2Bdtuhpc/zhome/1a/4/136247/code/test.py
2024-10-04 13:01:47.427 [info] Active editor: vscode-remote://ssh-remote%2Bdtuhpc/zhome/1a/4/136247/code/test.py
2024-10-04 13:01:47.803 [info] /zhome/1a/4/136247/miniconda3/envs/myenv/lib/python3.1/site-packages/jupyterlab/tests/mock_packages/test-hyphens-underscore/package.json closed
2024-10-04 13:01:48.022 [info] /zhome/1a/4/136247/miniconda3/envs/myenv/lib/python3.1/site-packages/jupyterlab/galata/@jupyterlab/galata-extension/package.json closed
2024-10-04 13:01:48.236 [info] /zhome/1a/4/136247/miniconda3/envs/myenv/lib/python3.1/site-packages/jupyterlab/tests/mock_packages/mimeextension/package.json closed
2024-10-04 13:01:48.466 [info] /zhome/1a/4/136247/miniconda3/envs/myenv/lib/python3.1/site-packages/jupyterlab/tests/mock_packages/test_no_hyphens/package.json closed
2024-10-04 13:01:48.897 [info] /zhome/1a/4/136247/miniconda3/envs/myenv/lib/python3.1/site-packages/jupyterlab/tests/mock_packages/extension/package.json closed
2024-10-04 13:01:48.936 [info] /zhome/1a/4/136247/miniconda3/envs/myenv/lib/python3.1/site-packages/jupyterlab/tests/mock_packages/test-hyphens/package.json closed
2024-10-04 13:01:49.339 [info] /zhome/1a/4/136247/miniconda3/envs/myenv/lib/python3.1/site-packages/jupyterlab/tests/mock_packages/interop/provider/package.json closed
2024-10-04 13:01:49.438 [info] /zhome/1a/4/136247/miniconda3/envs/myenv/lib/python3.1/site-packages/jupyterlab/tests/mock_packages/interop/consumer/package.json closed
2024-10-04 13:01:49.567 [info] /zhome/1a/4/136247/miniconda3/envs/myenv/lib/python3.1/site-packages/jupyterlab/tests/mock_packages/interop/token/package.json closed
2024-10-04 13:01:49.764 [info] /zhome/1a/4/136247/miniconda3/envs/myenv/lib/python3.1/site-packages/jupyterlab/tests/mock_packages/incompat/package.json closed
2024-10-04 13:01:49.870 [info] /zhome/1a/4/136247/miniconda3/envs/myenv/lib/python3.1/site-packages/jupyterlab/tests/mock_packages/package/package.json closed
2024-10-04 13:01:50.016 [info] /zhome/1a/4/136247/miniconda3/envs/myenv/lib/python3.1/site-packages/jupyterlab/staging/package.json closed
2024-10-04 13:01:50.394 [info] /zhome/1a/4/136247/miniconda3/envs/myenv/lib/python3.10/site-packages/jupyterlab/static/package.json closed
2024-10-04 13:01:50.874 [info] /zhome/1a/4/136247/miniconda3/envs/myenv/lib/python3.10/site-packages/jupyterlab/galata/@jupyterlab/galata-extension/package.json closed
2024-10-04 13:01:50.929 [info] /zhome/1a/4/136247/code/test.py closed
2024-10-04 13:01:50.968 [info] /zhome/1a/4/136247/miniconda3/envs/myenv/lib/python3.10/site-packages/jupyterlab/tests/mock_packages/test-hyphens-underscore/package.json closed
2024-10-04 13:01:51.376 [info] /zhome/1a/4/136247/miniconda3/envs/myenv/lib/python3.10/site-packages/jupyterlab/tests/mock_packages/mimeextension/package.json closed
2024-10-04 13:01:51.484 [info] /zhome/1a/4/136247/miniconda3/envs/myenv/lib/python3.10/site-packages/jupyterlab/tests/mock_packages/test_no_hyphens/package.json closed
2024-10-04 13:01:52.423 [info] /zhome/1a/4/136247/miniconda3/envs/myenv/lib/python3.10/site-packages/jupyterlab/tests/mock_packages/extension/package.json closed
2024-10-04 13:01:52.639 [info] /zhome/1a/4/136247/miniconda3/envs/myenv/lib/python3.10/site-packages/jupyterlab/tests/mock_packages/interop/token/package.json closed
2024-10-04 13:01:52.707 [info] /zhome/1a/4/136247/miniconda3/envs/myenv/lib/python3.10/site-packages/jupyterlab/tests/mock_packages/interop/provider/package.json closed
2024-10-04 13:01:52.870 [info] /zhome/1a/4/136247/miniconda3/envs/myenv/lib/python3.10/site-packages/jupyterlab/tests/mock_packages/interop/consumer/package.json closed
2024-10-04 13:01:52.934 [info] /zhome/1a/4/136247/miniconda3/envs/myenv/lib/python3.10/site-packages/jupyterlab/tests/mock_packages/test-hyphens/package.json closed
2024-10-04 13:01:53.380 [info] /zhome/1a/4/136247/miniconda3/envs/myenv/lib/python3.10/site-packages/jupyterlab/tests/mock_packages/incompat/package.json closed
2024-10-04 13:01:53.956 [info] /zhome/1a/4/136247/miniconda3/envs/myenv/lib/python3.10/site-packages/jupyterlab/tests/mock_packages/package/package.json closed
2024-10-04 13:01:54.096 [info] /zhome/1a/4/136247/miniconda3/envs/myenv/lib/python3.10/site-packages/jupyterlab/staging/package.json closed
2024-10-04 13:01:54.876 [info] /zhome/1a/4/136247/.vscode-server/cli/servers/Stable-d78a74bcdfad14d5d3b1b782f87255d802b57511/server/extensions/npm/package.json closed
2024-10-04 13:01:55.117 [info] /zhome/1a/4/136247/.vscode-server/cli/servers/Stable-d78a74bcdfad14d5d3b1b782f87255d802b57511/server/extensions/json-language-features/package.json closed
2024-10-04 13:02:04.671 [info] /zhome/1a/4/136247/.vscode-server/cli/servers/Stable-d78a74bcdfad14d5d3b1b782f87255d802b57511/server/extensions/microsoft-authentication/package.json closed
2024-10-04 13:02:04.813 [info] /zhome/1a/4/136247/.vscode-server/cli/servers/Stable-d78a74bcdfad14d5d3b1b782f87255d802b57511/server/extensions/grunt/package.json closed
2024-10-04 13:02:05.009 [info] /zhome/1a/4/136247/.vscode-server/cli/servers/Stable-d78a74bcdfad14d5d3b1b782f87255d802b57511/server/extensions/html-language-features/package.json closed
2024-10-04 13:02:05.228 [info] /zhome/1a/4/136247/.vscode-server/cli/servers/Stable-d78a74bcdfad14d5d3b1b782f87255d802b57511/server/extensions/ms-vscode.js-debug-companion/package.json closed
2024-10-04 13:02:05.293 [info] /zhome/1a/4/136247/.vscode-server/cli/servers/Stable-d78a74bcdfad14d5d3b1b782f87255d802b57511/server/extensions/html-language-features/server/package.json closed
2024-10-04 13:02:05.536 [info] /zhome/1a/4/136247/.vscode-server/cli/servers/Stable-d78a74bcdfad14d5d3b1b782f87255d802b57511/server/extensions/json-language-features/server/package.json closed
2024-10-04 13:02:05.760 [info] /zhome/1a/4/136247/.vscode-server/cli/servers/Stable-d78a74bcdfad14d5d3b1b782f87255d802b57511/server/extensions/php-language-features/package.json closed
2024-10-04 13:02:05.888 [info] /zhome/1a/4/136247/.vscode-server/cli/servers/Stable-d78a74bcdfad14d5d3b1b782f87255d802b57511/server/extensions/ipynb/package.json closed
2024-10-04 13:02:05.937 [info] /zhome/1a/4/136247/.vscode-server/cli/servers/Stable-d78a74bcdfad14d5d3b1b782f87255d802b57511/server/extensions/emmet/package.json closed
2024-10-04 13:02:06.107 [info] /zhome/1a/4/136247/.vscode-server/cli/servers/Stable-d78a74bcdfad14d5d3b1b782f87255d802b57511/server/extensions/merge-conflict/package.json closed
2024-10-04 13:02:06.210 [info] /zhome/1a/4/136247/.vscode-server/cli/servers/Stable-d78a74bcdfad14d5d3b1b782f87255d802b57511/server/extensions/ms-vscode.vscode-js-profile-table/package.json closed
2024-10-04 13:02:06.377 [info] /zhome/1a/4/136247/.vscode-server/cli/servers/Stable-d78a74bcdfad14d5d3b1b782f87255d802b57511/server/extensions/ms-vscode.js-debug/package.json closed
2024-10-04 13:02:06.559 [info] /zhome/1a/4/136247/.vscode-server/cli/servers/Stable-d78a74bcdfad14d5d3b1b782f87255d802b57511/server/extensions/markdown-language-features/package.json closed
2024-10-04 13:02:06.768 [info] /zhome/1a/4/136247/.vscode-server/cli/servers/Stable-d78a74bcdfad14d5d3b1b782f87255d802b57511/server/extensions/css-language-features/package.json closed
2024-10-04 13:02:06.968 [info] /zhome/1a/4/136247/.vscode-server/cli/servers/Stable-d78a74bcdfad14d5d3b1b782f87255d802b57511/server/extensions/github-authentication/package.json closed
2024-10-04 13:02:07.044 [info] /zhome/1a/4/136247/.vscode-server/cli/servers/Stable-d78a74bcdfad14d5d3b1b782f87255d802b57511/server/extensions/jake/package.json closed
2024-10-04 13:02:07.217 [info] /zhome/1a/4/136247/.vscode-server/cli/servers/Stable-d78a74bcdfad14d5d3b1b782f87255d802b57511/server/extensions/extension-editing/package.json closed
2024-10-04 13:02:07.427 [info] /zhome/1a/4/136247/.vscode-server/cli/servers/Stable-d78a74bcdfad14d5d3b1b782f87255d802b57511/server/extensions/debug-server-ready/package.json closed
2024-10-04 13:02:07.511 [info] /zhome/1a/4/136247/.vscode-server/cli/servers/Stable-d78a74bcdfad14d5d3b1b782f87255d802b57511/server/extensions/git/package.json closed
2024-10-04 13:02:07.717 [info] /zhome/1a/4/136247/.vscode-server/cli/servers/Stable-d78a74bcdfad14d5d3b1b782f87255d802b57511/server/extensions/css-language-features/server/package.json closed
2024-10-04 13:02:07.938 [info] /zhome/1a/4/136247/.vscode-server/cli/servers/Stable-d78a74bcdfad14d5d3b1b782f87255d802b57511/server/extensions/markdown-math/package.json closed
2024-10-04 13:02:08.142 [info] /zhome/1a/4/136247/.vscode-server/cli/servers/Stable-d78a74bcdfad14d5d3b1b782f87255d802b57511/server/extensions/simple-browser/package.json closed
2024-10-04 13:02:08.317 [info] /zhome/1a/4/136247/.vscode-server/cli/servers/Stable-d78a74bcdfad14d5d3b1b782f87255d802b57511/server/extensions/media-preview/package.json closed
2024-10-04 13:02:08.389 [info] /zhome/1a/4/136247/.vscode-server/cli/servers/Stable-d78a74bcdfad14d5d3b1b782f87255d802b57511/server/extensions/references-view/package.json closed
2024-10-04 13:02:08.537 [info] /zhome/1a/4/136247/.vscode-server/cli/servers/Stable-d78a74bcdfad14d5d3b1b782f87255d802b57511/server/extensions/configuration-editing/package.json closed
2024-10-04 13:02:08.710 [info] /zhome/1a/4/136247/.vscode-server/cli/servers/Stable-d78a74bcdfad14d5d3b1b782f87255d802b57511/server/extensions/debug-auto-launch/package.json closed
2024-10-04 13:02:08.809 [info] /zhome/1a/4/136247/.vscode-server/cli/servers/Stable-d78a74bcdfad14d5d3b1b782f87255d802b57511/server/extensions/typescript-language-features/package.json closed
2024-10-04 13:02:28.218 [info] Active editor: vscode-remote://ssh-remote%2Bdtuhpc/zhome/1a/4/136247/code/test.py
2024-10-04 13:02:53.100 [info] /zhome/1a/4/136247/code/test.py closed
2024-10-04 13:02:53.558 [info] Active editor: vscode-notebook-cell://ssh-remote%2Bdtuhpc/zhome/1a/4/136247/test.ipynb#W0sdnNjb2RlLXJlbW90ZQ%3D%3D
2024-10-04 13:03:06.806 [info] Configuration changed
2024-10-04 13:04:23.891 [info] Active editor: vscode-notebook-cell://ssh-remote%2Bdtuhpc/zhome/1a/4/136247/test.ipynb#W0sdnNjb2RlLXJlbW90ZQ%3D%3D
2024-10-04 13:04:46.054 [info] Active editor: vscode-notebook-cell://ssh-remote%2Bdtuhpc/zhome/1a/4/136247/test.ipynb#W0sdnNjb2RlLXJlbW90ZQ%3D%3D
2024-10-04 13:06:21.707 [info] Active editor: vscode-notebook-cell://ssh-remote%2Bdtuhpc/zhome/1a/4/136247/test.ipynb#W0sdnNjb2RlLXJlbW90ZQ%3D%3D
2024-10-04 13:07:47.974 [info] Active editor: vscode-notebook-cell://ssh-remote%2Bdtuhpc/zhome/1a/4/136247/DeepLearning/02456-deep-learning-with-PyTorch/5_Transformers/5_1_EXE_deep_learning_with_transformers.ipynb#W2sdnNjb2RlLXJlbW90ZQ%3D%3D
2024-10-04 13:08:47.485 [info] /zhome/1a/4/136247/DeepLearning/02456-deep-learning-with-PyTorch/5_Transformers/5_1_EXE_deep_learning_with_transformers.ipynb closed
2024-10-04 13:08:47.485 [info] /zhome/1a/4/136247/DeepLearning/02456-deep-learning-with-PyTorch/5_Transformers/5_1_EXE_deep_learning_with_transformers.ipynb closed
2024-10-04 13:08:47.485 [info] /zhome/1a/4/136247/DeepLearning/02456-deep-learning-with-PyTorch/5_Transformers/5_1_EXE_deep_learning_with_transformers.ipynb closed
2024-10-04 13:08:47.485 [info] /zhome/1a/4/136247/DeepLearning/02456-deep-learning-with-PyTorch/5_Transformers/5_1_EXE_deep_learning_with_transformers.ipynb closed
2024-10-04 13:08:47.485 [info] /zhome/1a/4/136247/DeepLearning/02456-deep-learning-with-PyTorch/5_Transformers/5_1_EXE_deep_learning_with_transformers.ipynb closed
2024-10-04 13:08:47.485 [info] /zhome/1a/4/136247/DeepLearning/02456-deep-learning-with-PyTorch/5_Transformers/5_1_EXE_deep_learning_with_transformers.ipynb closed
2024-10-04 13:08:47.485 [info] /zhome/1a/4/136247/DeepLearning/02456-deep-learning-with-PyTorch/5_Transformers/5_1_EXE_deep_learning_with_transformers.ipynb closed
2024-10-04 13:08:47.485 [info] /zhome/1a/4/136247/DeepLearning/02456-deep-learning-with-PyTorch/5_Transformers/5_1_EXE_deep_learning_with_transformers.ipynb closed
2024-10-04 13:08:47.485 [info] /zhome/1a/4/136247/DeepLearning/02456-deep-learning-with-PyTorch/5_Transformers/5_1_EXE_deep_learning_with_transformers.ipynb closed
2024-10-04 13:08:47.486 [info] /zhome/1a/4/136247/DeepLearning/02456-deep-learning-with-PyTorch/5_Transformers/5_1_EXE_deep_learning_with_transformers.ipynb closed
2024-10-04 13:08:47.486 [info] /zhome/1a/4/136247/DeepLearning/02456-deep-learning-with-PyTorch/5_Transformers/5_1_EXE_deep_learning_with_transformers.ipynb closed
2024-10-04 13:08:47.486 [info] /zhome/1a/4/136247/DeepLearning/02456-deep-learning-with-PyTorch/5_Transformers/5_1_EXE_deep_learning_with_transformers.ipynb closed
2024-10-04 13:08:47.486 [info] /zhome/1a/4/136247/DeepLearning/02456-deep-learning-with-PyTorch/5_Transformers/5_1_EXE_deep_learning_with_transformers.ipynb closed
2024-10-04 13:08:47.486 [info] /zhome/1a/4/136247/DeepLearning/02456-deep-learning-with-PyTorch/5_Transformers/5_1_EXE_deep_learning_with_transformers.ipynb closed
2024-10-04 13:08:47.486 [info] /zhome/1a/4/136247/DeepLearning/02456-deep-learning-with-PyTorch/5_Transformers/5_1_EXE_deep_learning_with_transformers.ipynb closed
2024-10-04 13:08:47.486 [info] /zhome/1a/4/136247/DeepLearning/02456-deep-learning-with-PyTorch/5_Transformers/5_1_EXE_deep_learning_with_transformers.ipynb closed
2024-10-04 13:08:47.486 [info] /zhome/1a/4/136247/DeepLearning/02456-deep-learning-with-PyTorch/5_Transformers/5_1_EXE_deep_learning_with_transformers.ipynb closed
2024-10-04 13:08:47.486 [info] /zhome/1a/4/136247/DeepLearning/02456-deep-learning-with-PyTorch/5_Transformers/5_1_EXE_deep_learning_with_transformers.ipynb closed
2024-10-04 13:08:47.486 [info] /zhome/1a/4/136247/DeepLearning/02456-deep-learning-with-PyTorch/5_Transformers/5_1_EXE_deep_learning_with_transformers.ipynb closed
2024-10-04 13:08:47.486 [info] /zhome/1a/4/136247/DeepLearning/02456-deep-learning-with-PyTorch/5_Transformers/5_1_EXE_deep_learning_with_transformers.ipynb closed
2024-10-04 13:08:47.486 [info] /zhome/1a/4/136247/DeepLearning/02456-deep-learning-with-PyTorch/5_Transformers/5_1_EXE_deep_learning_with_transformers.ipynb closed
2024-10-04 13:08:47.486 [info] /zhome/1a/4/136247/DeepLearning/02456-deep-learning-with-PyTorch/5_Transformers/5_1_EXE_deep_learning_with_transformers.ipynb closed
2024-10-04 13:08:47.486 [info] /zhome/1a/4/136247/DeepLearning/02456-deep-learning-with-PyTorch/5_Transformers/5_1_EXE_deep_learning_with_transformers.ipynb closed
2024-10-04 13:08:47.486 [info] /zhome/1a/4/136247/DeepLearning/02456-deep-learning-with-PyTorch/5_Transformers/5_1_EXE_deep_learning_with_transformers.ipynb closed
2024-10-04 13:08:47.486 [info] /zhome/1a/4/136247/DeepLearning/02456-deep-learning-with-PyTorch/5_Transformers/5_1_EXE_deep_learning_with_transformers.ipynb closed
2024-10-04 13:08:47.486 [info] /zhome/1a/4/136247/DeepLearning/02456-deep-learning-with-PyTorch/5_Transformers/5_1_EXE_deep_learning_with_transformers.ipynb closed
2024-10-04 13:08:47.486 [info] /zhome/1a/4/136247/DeepLearning/02456-deep-learning-with-PyTorch/5_Transformers/5_1_EXE_deep_learning_with_transformers.ipynb closed
2024-10-04 13:08:47.486 [info] /zhome/1a/4/136247/DeepLearning/02456-deep-learning-with-PyTorch/5_Transformers/5_1_EXE_deep_learning_with_transformers.ipynb closed
2024-10-04 13:08:47.486 [info] /zhome/1a/4/136247/DeepLearning/02456-deep-learning-with-PyTorch/5_Transformers/5_1_EXE_deep_learning_with_transformers.ipynb closed
2024-10-04 13:08:47.486 [info] /zhome/1a/4/136247/DeepLearning/02456-deep-learning-with-PyTorch/5_Transformers/5_1_EXE_deep_learning_with_transformers.ipynb closed
2024-10-04 13:08:47.486 [info] /zhome/1a/4/136247/DeepLearning/02456-deep-learning-with-PyTorch/5_Transformers/5_1_EXE_deep_learning_with_transformers.ipynb closed
2024-10-04 13:08:47.486 [info] /zhome/1a/4/136247/DeepLearning/02456-deep-learning-with-PyTorch/5_Transformers/5_1_EXE_deep_learning_with_transformers.ipynb closed
2024-10-04 13:08:47.486 [info] /zhome/1a/4/136247/DeepLearning/02456-deep-learning-with-PyTorch/5_Transformers/5_1_EXE_deep_learning_with_transformers.ipynb closed
2024-10-04 13:08:47.486 [info] /zhome/1a/4/136247/DeepLearning/02456-deep-learning-with-PyTorch/5_Transformers/5_1_EXE_deep_learning_with_transformers.ipynb closed
2024-10-04 13:08:47.486 [info] /zhome/1a/4/136247/DeepLearning/02456-deep-learning-with-PyTorch/5_Transformers/5_1_EXE_deep_learning_with_transformers.ipynb closed
2024-10-04 13:08:47.486 [info] /zhome/1a/4/136247/DeepLearning/02456-deep-learning-with-PyTorch/5_Transformers/5_1_EXE_deep_learning_with_transformers.ipynb closed
2024-10-04 13:08:47.486 [info] /zhome/1a/4/136247/DeepLearning/02456-deep-learning-with-PyTorch/5_Transformers/5_1_EXE_deep_learning_with_transformers.ipynb closed
2024-10-04 13:08:47.486 [info] /zhome/1a/4/136247/DeepLearning/02456-deep-learning-with-PyTorch/5_Transformers/5_1_EXE_deep_learning_with_transformers.ipynb closed
2024-10-04 13:08:47.486 [info] /zhome/1a/4/136247/DeepLearning/02456-deep-learning-with-PyTorch/5_Transformers/5_1_EXE_deep_learning_with_transformers.ipynb closed
2024-10-04 13:08:47.486 [info] /zhome/1a/4/136247/DeepLearning/02456-deep-learning-with-PyTorch/5_Transformers/5_1_EXE_deep_learning_with_transformers.ipynb closed
2024-10-04 13:08:47.486 [info] /zhome/1a/4/136247/DeepLearning/02456-deep-learning-with-PyTorch/5_Transformers/5_1_EXE_deep_learning_with_transformers.ipynb closed
2024-10-04 13:08:47.486 [info] /zhome/1a/4/136247/DeepLearning/02456-deep-learning-with-PyTorch/5_Transformers/5_1_EXE_deep_learning_with_transformers.ipynb closed
2024-10-04 13:08:47.486 [info] /zhome/1a/4/136247/DeepLearning/02456-deep-learning-with-PyTorch/5_Transformers/5_1_EXE_deep_learning_with_transformers.ipynb closed
2024-10-04 13:08:47.486 [info] /zhome/1a/4/136247/DeepLearning/02456-deep-learning-with-PyTorch/5_Transformers/5_1_EXE_deep_learning_with_transformers.ipynb closed
2024-10-04 13:08:47.486 [info] /zhome/1a/4/136247/DeepLearning/02456-deep-learning-with-PyTorch/5_Transformers/5_1_EXE_deep_learning_with_transformers.ipynb closed
2024-10-04 13:08:47.486 [info] /zhome/1a/4/136247/DeepLearning/02456-deep-learning-with-PyTorch/5_Transformers/5_1_EXE_deep_learning_with_transformers.ipynb closed
2024-10-04 13:08:47.486 [info] /zhome/1a/4/136247/DeepLearning/02456-deep-learning-with-PyTorch/5_Transformers/5_1_EXE_deep_learning_with_transformers.ipynb closed
2024-10-04 13:08:47.486 [info] /zhome/1a/4/136247/DeepLearning/02456-deep-learning-with-PyTorch/5_Transformers/5_1_EXE_deep_learning_with_transformers.ipynb closed
2024-10-04 13:08:47.486 [info] /zhome/1a/4/136247/DeepLearning/02456-deep-learning-with-PyTorch/5_Transformers/5_1_EXE_deep_learning_with_transformers.ipynb closed
2024-10-04 13:08:47.486 [info] /zhome/1a/4/136247/DeepLearning/02456-deep-learning-with-PyTorch/5_Transformers/5_1_EXE_deep_learning_with_transformers.ipynb closed
2024-10-04 13:08:47.486 [info] /zhome/1a/4/136247/DeepLearning/02456-deep-learning-with-PyTorch/5_Transformers/5_1_EXE_deep_learning_with_transformers.ipynb closed
2024-10-04 13:08:47.486 [info] /zhome/1a/4/136247/DeepLearning/02456-deep-learning-with-PyTorch/5_Transformers/5_1_EXE_deep_learning_with_transformers.ipynb closed
2024-10-04 13:08:47.486 [info] /zhome/1a/4/136247/DeepLearning/02456-deep-learning-with-PyTorch/5_Transformers/5_1_EXE_deep_learning_with_transformers.ipynb closed
2024-10-04 13:08:47.486 [info] /zhome/1a/4/136247/DeepLearning/02456-deep-learning-with-PyTorch/5_Transformers/5_1_EXE_deep_learning_with_transformers.ipynb closed
2024-10-04 13:08:47.486 [info] /zhome/1a/4/136247/DeepLearning/02456-deep-learning-with-PyTorch/5_Transformers/5_1_EXE_deep_learning_with_transformers.ipynb closed
2024-10-04 13:08:47.486 [info] /zhome/1a/4/136247/DeepLearning/02456-deep-learning-with-PyTorch/5_Transformers/5_1_EXE_deep_learning_with_transformers.ipynb closed
2024-10-04 13:08:47.486 [info] /zhome/1a/4/136247/DeepLearning/02456-deep-learning-with-PyTorch/5_Transformers/5_1_EXE_deep_learning_with_transformers.ipynb closed
2024-10-04 13:08:47.486 [info] /zhome/1a/4/136247/DeepLearning/02456-deep-learning-with-PyTorch/5_Transformers/5_1_EXE_deep_learning_with_transformers.ipynb closed
2024-10-04 13:08:47.486 [info] /zhome/1a/4/136247/DeepLearning/02456-deep-learning-with-PyTorch/5_Transformers/5_1_EXE_deep_learning_with_transformers.ipynb closed
2024-10-04 13:08:47.486 [info] /zhome/1a/4/136247/DeepLearning/02456-deep-learning-with-PyTorch/5_Transformers/5_1_EXE_deep_learning_with_transformers.ipynb closed
2024-10-04 13:08:47.486 [info] /zhome/1a/4/136247/DeepLearning/02456-deep-learning-with-PyTorch/5_Transformers/5_1_EXE_deep_learning_with_transformers.ipynb closed
2024-10-04 13:08:47.486 [info] /zhome/1a/4/136247/DeepLearning/02456-deep-learning-with-PyTorch/5_Transformers/5_1_EXE_deep_learning_with_transformers.ipynb closed
2024-10-04 13:08:47.486 [info] /zhome/1a/4/136247/DeepLearning/02456-deep-learning-with-PyTorch/5_Transformers/5_1_EXE_deep_learning_with_transformers.ipynb closed
2024-10-04 13:08:47.486 [info] /zhome/1a/4/136247/DeepLearning/02456-deep-learning-with-PyTorch/5_Transformers/5_1_EXE_deep_learning_with_transformers.ipynb closed
2024-10-04 13:09:19.297 [info] Active editor: vscode-notebook-cell://ssh-remote%2Bdtuhpc/zhome/1a/4/136247/DeepLearning/02456-deep-learning-with-PyTorch/5_Transformers/5_1_EXE_deep_learning_with_transformers.ipynb#W2sdnNjb2RlLXJlbW90ZQ%3D%3D
2024-10-04 13:09:57.834 [info] Active editor: vscode-remote://ssh-remote%2Bdtuhpc/zhome/1a/4/136247/code/test.py
2024-10-04 13:10:29.335 [info] Executing :w
2024-10-04 13:11:24.055 [info] Executing :w
2024-10-04 13:13:48.702 [info] Executing :w
2024-10-04 13:14:04.743 [info] Executing :w
2024-10-04 13:14:15.637 [info] Executing :w
2024-10-04 13:15:43.853 [info] Executing :w
2024-10-04 13:16:04.538 [info] Executing :w
2024-10-04 13:17:15.148 [info] Executing :w
2024-10-04 13:19:05.573 [info] Executing :w
2024-10-04 13:21:55.863 [info] Active editor: vscode-notebook-cell://ssh-remote%2Bdtuhpc/zhome/1a/4/136247/DeepLearning/02456-deep-learning-with-PyTorch/5_Transformers/5_1_EXE_deep_learning_with_transformers.ipynb#W2sdnNjb2RlLXJlbW90ZQ%3D%3D
2024-10-04 13:22:13.252 [info] Active editor: vscode-remote://ssh-remote%2Bdtuhpc/zhome/1a/4/136247/code/test.py
2024-10-04 13:22:28.609 [info] Executing :w
2024-10-04 13:22:57.210 [info] Executing :w
2024-10-04 13:23:54.080 [info] Executing :w
2024-10-04 13:25:04.865 [info] Active editor: vscode-notebook-cell://ssh-remote%2Bdtuhpc/zhome/1a/4/136247/DeepLearning/02456-deep-learning-with-PyTorch/5_Transformers/5_1_EXE_deep_learning_with_transformers.ipynb#W2sdnNjb2RlLXJlbW90ZQ%3D%3D
2024-10-04 13:26:31.997 [info] Configuration changed
2024-10-04 13:36:01.524 [info] Configuration changed
2024-10-04 13:36:02.867 [info] Configuration changed
2024-10-04 13:36:03.015 [info] Active editor: vscode-notebook-cell://ssh-remote%2Bdtuhpc/zhome/1a/4/136247/DeepLearning/02456-deep-learning-with-PyTorch/5_Transformers/5_1_EXE_deep_learning_with_transformers.ipynb#W2sdnNjb2RlLXJlbW90ZQ%3D%3D
2024-10-04 13:36:14.655 [info] /zhome/1a/4/136247/DeepLearning/02456-deep-learning-with-PyTorch/5_Transformers/5_1_EXE_deep_learning_with_transformers.ipynb closed
2024-10-04 13:36:14.656 [info] /zhome/1a/4/136247/DeepLearning/02456-deep-learning-with-PyTorch/5_Transformers/5_1_EXE_deep_learning_with_transformers.ipynb closed
2024-10-04 13:36:14.656 [info] /zhome/1a/4/136247/DeepLearning/02456-deep-learning-with-PyTorch/5_Transformers/5_1_EXE_deep_learning_with_transformers.ipynb closed
2024-10-04 13:36:14.656 [info] /zhome/1a/4/136247/DeepLearning/02456-deep-learning-with-PyTorch/5_Transformers/5_1_EXE_deep_learning_with_transformers.ipynb closed
2024-10-04 13:36:14.656 [info] /zhome/1a/4/136247/DeepLearning/02456-deep-learning-with-PyTorch/5_Transformers/5_1_EXE_deep_learning_with_transformers.ipynb closed
2024-10-04 13:36:14.656 [info] /zhome/1a/4/136247/DeepLearning/02456-deep-learning-with-PyTorch/5_Transformers/5_1_EXE_deep_learning_with_transformers.ipynb closed
2024-10-04 13:36:14.656 [info] /zhome/1a/4/136247/DeepLearning/02456-deep-learning-with-PyTorch/5_Transformers/5_1_EXE_deep_learning_with_transformers.ipynb closed
2024-10-04 13:36:14.656 [info] /zhome/1a/4/136247/DeepLearning/02456-deep-learning-with-PyTorch/5_Transformers/5_1_EXE_deep_learning_with_transformers.ipynb closed
2024-10-04 13:36:14.656 [info] /zhome/1a/4/136247/DeepLearning/02456-deep-learning-with-PyTorch/5_Transformers/5_1_EXE_deep_learning_with_transformers.ipynb closed
2024-10-04 13:36:14.656 [info] /zhome/1a/4/136247/DeepLearning/02456-deep-learning-with-PyTorch/5_Transformers/5_1_EXE_deep_learning_with_transformers.ipynb closed
2024-10-04 13:36:14.656 [info] /zhome/1a/4/136247/DeepLearning/02456-deep-learning-with-PyTorch/5_Transformers/5_1_EXE_deep_learning_with_transformers.ipynb closed
2024-10-04 13:36:14.656 [info] /zhome/1a/4/136247/DeepLearning/02456-deep-learning-with-PyTorch/5_Transformers/5_1_EXE_deep_learning_with_transformers.ipynb closed
2024-10-04 13:36:14.656 [info] /zhome/1a/4/136247/DeepLearning/02456-deep-learning-with-PyTorch/5_Transformers/5_1_EXE_deep_learning_with_transformers.ipynb closed
2024-10-04 13:36:14.656 [info] /zhome/1a/4/136247/DeepLearning/02456-deep-learning-with-PyTorch/5_Transformers/5_1_EXE_deep_learning_with_transformers.ipynb closed
2024-10-04 13:36:14.656 [info] /zhome/1a/4/136247/DeepLearning/02456-deep-learning-with-PyTorch/5_Transformers/5_1_EXE_deep_learning_with_transformers.ipynb closed
2024-10-04 13:36:14.656 [info] /zhome/1a/4/136247/DeepLearning/02456-deep-learning-with-PyTorch/5_Transformers/5_1_EXE_deep_learning_with_transformers.ipynb closed
2024-10-04 13:36:14.656 [info] /zhome/1a/4/136247/DeepLearning/02456-deep-learning-with-PyTorch/5_Transformers/5_1_EXE_deep_learning_with_transformers.ipynb closed
2024-10-04 13:36:14.656 [info] /zhome/1a/4/136247/DeepLearning/02456-deep-learning-with-PyTorch/5_Transformers/5_1_EXE_deep_learning_with_transformers.ipynb closed
2024-10-04 13:36:14.656 [info] /zhome/1a/4/136247/DeepLearning/02456-deep-learning-with-PyTorch/5_Transformers/5_1_EXE_deep_learning_with_transformers.ipynb closed
2024-10-04 13:36:14.656 [info] /zhome/1a/4/136247/DeepLearning/02456-deep-learning-with-PyTorch/5_Transformers/5_1_EXE_deep_learning_with_transformers.ipynb closed
2024-10-04 13:36:14.656 [info] /zhome/1a/4/136247/DeepLearning/02456-deep-learning-with-PyTorch/5_Transformers/5_1_EXE_deep_learning_with_transformers.ipynb closed
2024-10-04 13:36:14.656 [info] /zhome/1a/4/136247/DeepLearning/02456-deep-learning-with-PyTorch/5_Transformers/5_1_EXE_deep_learning_with_transformers.ipynb closed
2024-10-04 13:36:14.656 [info] /zhome/1a/4/136247/DeepLearning/02456-deep-learning-with-PyTorch/5_Transformers/5_1_EXE_deep_learning_with_transformers.ipynb closed
2024-10-04 13:36:14.656 [info] /zhome/1a/4/136247/DeepLearning/02456-deep-learning-with-PyTorch/5_Transformers/5_1_EXE_deep_learning_with_transformers.ipynb closed
2024-10-04 13:36:14.656 [info] /zhome/1a/4/136247/DeepLearning/02456-deep-learning-with-PyTorch/5_Transformers/5_1_EXE_deep_learning_with_transformers.ipynb closed
2024-10-04 13:36:14.656 [info] /zhome/1a/4/136247/DeepLearning/02456-deep-learning-with-PyTorch/5_Transformers/5_1_EXE_deep_learning_with_transformers.ipynb closed
2024-10-04 13:36:14.656 [info] /zhome/1a/4/136247/DeepLearning/02456-deep-learning-with-PyTorch/5_Transformers/5_1_EXE_deep_learning_with_transformers.ipynb closed
2024-10-04 13:36:14.656 [info] /zhome/1a/4/136247/DeepLearning/02456-deep-learning-with-PyTorch/5_Transformers/5_1_EXE_deep_learning_with_transformers.ipynb closed
2024-10-04 13:36:14.656 [info] /zhome/1a/4/136247/DeepLearning/02456-deep-learning-with-PyTorch/5_Transformers/5_1_EXE_deep_learning_with_transformers.ipynb closed
2024-10-04 13:36:14.656 [info] /zhome/1a/4/136247/DeepLearning/02456-deep-learning-with-PyTorch/5_Transformers/5_1_EXE_deep_learning_with_transformers.ipynb closed
2024-10-04 13:36:14.656 [info] /zhome/1a/4/136247/DeepLearning/02456-deep-learning-with-PyTorch/5_Transformers/5_1_EXE_deep_learning_with_transformers.ipynb closed
2024-10-04 13:36:14.656 [info] /zhome/1a/4/136247/DeepLearning/02456-deep-learning-with-PyTorch/5_Transformers/5_1_EXE_deep_learning_with_transformers.ipynb closed
2024-10-04 13:36:14.656 [info] /zhome/1a/4/136247/DeepLearning/02456-deep-learning-with-PyTorch/5_Transformers/5_1_EXE_deep_learning_with_transformers.ipynb closed
2024-10-04 13:36:14.656 [info] /zhome/1a/4/136247/DeepLearning/02456-deep-learning-with-PyTorch/5_Transformers/5_1_EXE_deep_learning_with_transformers.ipynb closed
2024-10-04 13:36:14.656 [info] /zhome/1a/4/136247/DeepLearning/02456-deep-learning-with-PyTorch/5_Transformers/5_1_EXE_deep_learning_with_transformers.ipynb closed
2024-10-04 13:36:14.656 [info] /zhome/1a/4/136247/DeepLearning/02456-deep-learning-with-PyTorch/5_Transformers/5_1_EXE_deep_learning_with_transformers.ipynb closed
2024-10-04 13:36:14.656 [info] /zhome/1a/4/136247/DeepLearning/02456-deep-learning-with-PyTorch/5_Transformers/5_1_EXE_deep_learning_with_transformers.ipynb closed
2024-10-04 13:36:14.656 [info] /zhome/1a/4/136247/DeepLearning/02456-deep-learning-with-PyTorch/5_Transformers/5_1_EXE_deep_learning_with_transformers.ipynb closed
2024-10-04 13:36:14.656 [info] /zhome/1a/4/136247/DeepLearning/02456-deep-learning-with-PyTorch/5_Transformers/5_1_EXE_deep_learning_with_transformers.ipynb closed
2024-10-04 13:36:14.656 [info] /zhome/1a/4/136247/DeepLearning/02456-deep-learning-with-PyTorch/5_Transformers/5_1_EXE_deep_learning_with_transformers.ipynb closed
2024-10-04 13:36:14.656 [info] /zhome/1a/4/136247/DeepLearning/02456-deep-learning-with-PyTorch/5_Transformers/5_1_EXE_deep_learning_with_transformers.ipynb closed
2024-10-04 13:36:14.656 [info] /zhome/1a/4/136247/DeepLearning/02456-deep-learning-with-PyTorch/5_Transformers/5_1_EXE_deep_learning_with_transformers.ipynb closed
2024-10-04 13:36:14.656 [info] /zhome/1a/4/136247/DeepLearning/02456-deep-learning-with-PyTorch/5_Transformers/5_1_EXE_deep_learning_with_transformers.ipynb closed
2024-10-04 13:36:14.656 [info] /zhome/1a/4/136247/DeepLearning/02456-deep-learning-with-PyTorch/5_Transformers/5_1_EXE_deep_learning_with_transformers.ipynb closed
2024-10-04 13:36:14.656 [info] /zhome/1a/4/136247/DeepLearning/02456-deep-learning-with-PyTorch/5_Transformers/5_1_EXE_deep_learning_with_transformers.ipynb closed
2024-10-04 13:36:14.656 [info] /zhome/1a/4/136247/DeepLearning/02456-deep-learning-with-PyTorch/5_Transformers/5_1_EXE_deep_learning_with_transformers.ipynb closed
2024-10-04 13:36:14.656 [info] /zhome/1a/4/136247/DeepLearning/02456-deep-learning-with-PyTorch/5_Transformers/5_1_EXE_deep_learning_with_transformers.ipynb closed
2024-10-04 13:36:14.656 [info] /zhome/1a/4/136247/DeepLearning/02456-deep-learning-with-PyTorch/5_Transformers/5_1_EXE_deep_learning_with_transformers.ipynb closed
2024-10-04 13:36:14.656 [info] /zhome/1a/4/136247/DeepLearning/02456-deep-learning-with-PyTorch/5_Transformers/5_1_EXE_deep_learning_with_transformers.ipynb closed
2024-10-04 13:36:14.656 [info] /zhome/1a/4/136247/DeepLearning/02456-deep-learning-with-PyTorch/5_Transformers/5_1_EXE_deep_learning_with_transformers.ipynb closed
2024-10-04 13:36:14.656 [info] /zhome/1a/4/136247/DeepLearning/02456-deep-learning-with-PyTorch/5_Transformers/5_1_EXE_deep_learning_with_transformers.ipynb closed
2024-10-04 13:36:14.656 [info] /zhome/1a/4/136247/DeepLearning/02456-deep-learning-with-PyTorch/5_Transformers/5_1_EXE_deep_learning_with_transformers.ipynb closed
2024-10-04 13:36:14.656 [info] /zhome/1a/4/136247/DeepLearning/02456-deep-learning-with-PyTorch/5_Transformers/5_1_EXE_deep_learning_with_transformers.ipynb closed
2024-10-04 13:36:14.656 [info] /zhome/1a/4/136247/DeepLearning/02456-deep-learning-with-PyTorch/5_Transformers/5_1_EXE_deep_learning_with_transformers.ipynb closed
2024-10-04 13:36:14.656 [info] /zhome/1a/4/136247/DeepLearning/02456-deep-learning-with-PyTorch/5_Transformers/5_1_EXE_deep_learning_with_transformers.ipynb closed
2024-10-04 13:36:14.656 [info] /zhome/1a/4/136247/DeepLearning/02456-deep-learning-with-PyTorch/5_Transformers/5_1_EXE_deep_learning_with_transformers.ipynb closed
2024-10-04 13:36:14.656 [info] /zhome/1a/4/136247/DeepLearning/02456-deep-learning-with-PyTorch/5_Transformers/5_1_EXE_deep_learning_with_transformers.ipynb closed
2024-10-04 13:36:14.656 [info] /zhome/1a/4/136247/DeepLearning/02456-deep-learning-with-PyTorch/5_Transformers/5_1_EXE_deep_learning_with_transformers.ipynb closed
2024-10-04 13:36:14.656 [info] /zhome/1a/4/136247/DeepLearning/02456-deep-learning-with-PyTorch/5_Transformers/5_1_EXE_deep_learning_with_transformers.ipynb closed
2024-10-04 13:36:14.656 [info] /zhome/1a/4/136247/DeepLearning/02456-deep-learning-with-PyTorch/5_Transformers/5_1_EXE_deep_learning_with_transformers.ipynb closed
2024-10-04 13:36:14.656 [info] /zhome/1a/4/136247/DeepLearning/02456-deep-learning-with-PyTorch/5_Transformers/5_1_EXE_deep_learning_with_transformers.ipynb closed
2024-10-04 13:36:14.656 [info] /zhome/1a/4/136247/DeepLearning/02456-deep-learning-with-PyTorch/5_Transformers/5_1_EXE_deep_learning_with_transformers.ipynb closed
2024-10-04 13:36:14.656 [info] /zhome/1a/4/136247/DeepLearning/02456-deep-learning-with-PyTorch/5_Transformers/5_1_EXE_deep_learning_with_transformers.ipynb closed
2024-10-04 13:36:14.656 [info] /zhome/1a/4/136247/DeepLearning/02456-deep-learning-with-PyTorch/5_Transformers/5_1_EXE_deep_learning_with_transformers.ipynb closed
2024-10-04 13:37:42.216 [info] /zhome/1a/4/136247/DeepLearning/02456-deep-learning-with-PyTorch/3_Feedforward_PyTorch/3.1-what-is-pytorch.ipynb closed
2024-10-04 13:37:42.216 [info] /zhome/1a/4/136247/DeepLearning/02456-deep-learning-with-PyTorch/3_Feedforward_PyTorch/3.1-what-is-pytorch.ipynb closed
2024-10-04 13:37:42.216 [info] /zhome/1a/4/136247/DeepLearning/02456-deep-learning-with-PyTorch/3_Feedforward_PyTorch/3.1-what-is-pytorch.ipynb closed
2024-10-04 13:37:42.216 [info] /zhome/1a/4/136247/DeepLearning/02456-deep-learning-with-PyTorch/3_Feedforward_PyTorch/3.1-what-is-pytorch.ipynb closed
2024-10-04 13:37:42.216 [info] /zhome/1a/4/136247/DeepLearning/02456-deep-learning-with-PyTorch/3_Feedforward_PyTorch/3.1-what-is-pytorch.ipynb closed
2024-10-04 13:37:42.216 [info] /zhome/1a/4/136247/DeepLearning/02456-deep-learning-with-PyTorch/3_Feedforward_PyTorch/3.1-what-is-pytorch.ipynb closed
2024-10-04 13:37:42.216 [info] /zhome/1a/4/136247/DeepLearning/02456-deep-learning-with-PyTorch/3_Feedforward_PyTorch/3.1-what-is-pytorch.ipynb closed
2024-10-04 13:37:42.216 [info] /zhome/1a/4/136247/DeepLearning/02456-deep-learning-with-PyTorch/3_Feedforward_PyTorch/3.1-what-is-pytorch.ipynb closed
2024-10-04 13:37:42.217 [info] /zhome/1a/4/136247/DeepLearning/02456-deep-learning-with-PyTorch/3_Feedforward_PyTorch/3.1-what-is-pytorch.ipynb closed
2024-10-04 13:37:42.217 [info] /zhome/1a/4/136247/DeepLearning/02456-deep-learning-with-PyTorch/3_Feedforward_PyTorch/3.1-what-is-pytorch.ipynb closed
2024-10-04 13:37:42.217 [info] /zhome/1a/4/136247/DeepLearning/02456-deep-learning-with-PyTorch/3_Feedforward_PyTorch/3.1-what-is-pytorch.ipynb closed
2024-10-04 13:37:42.217 [info] /zhome/1a/4/136247/DeepLearning/02456-deep-learning-with-PyTorch/3_Feedforward_PyTorch/3.1-what-is-pytorch.ipynb closed
2024-10-04 13:37:42.217 [info] /zhome/1a/4/136247/DeepLearning/02456-deep-learning-with-PyTorch/3_Feedforward_PyTorch/3.1-what-is-pytorch.ipynb closed
2024-10-04 13:37:42.217 [info] /zhome/1a/4/136247/DeepLearning/02456-deep-learning-with-PyTorch/3_Feedforward_PyTorch/3.1-what-is-pytorch.ipynb closed
2024-10-04 13:37:42.217 [info] /zhome/1a/4/136247/DeepLearning/02456-deep-learning-with-PyTorch/3_Feedforward_PyTorch/3.1-what-is-pytorch.ipynb closed
2024-10-04 13:37:42.217 [info] /zhome/1a/4/136247/DeepLearning/02456-deep-learning-with-PyTorch/3_Feedforward_PyTorch/3.1-what-is-pytorch.ipynb closed
2024-10-04 13:37:42.217 [info] /zhome/1a/4/136247/DeepLearning/02456-deep-learning-with-PyTorch/3_Feedforward_PyTorch/3.1-what-is-pytorch.ipynb closed
2024-10-04 13:37:42.217 [info] /zhome/1a/4/136247/DeepLearning/02456-deep-learning-with-PyTorch/3_Feedforward_PyTorch/3.1-what-is-pytorch.ipynb closed
2024-10-04 13:37:42.217 [info] /zhome/1a/4/136247/DeepLearning/02456-deep-learning-with-PyTorch/3_Feedforward_PyTorch/3.1-what-is-pytorch.ipynb closed
2024-10-04 13:37:42.217 [info] /zhome/1a/4/136247/DeepLearning/02456-deep-learning-with-PyTorch/3_Feedforward_PyTorch/3.1-what-is-pytorch.ipynb closed
2024-10-04 13:37:42.217 [info] /zhome/1a/4/136247/DeepLearning/02456-deep-learning-with-PyTorch/3_Feedforward_PyTorch/3.1-what-is-pytorch.ipynb closed
2024-10-04 13:37:42.217 [info] /zhome/1a/4/136247/DeepLearning/02456-deep-learning-with-PyTorch/3_Feedforward_PyTorch/3.1-what-is-pytorch.ipynb closed
2024-10-04 13:37:42.217 [info] /zhome/1a/4/136247/DeepLearning/02456-deep-learning-with-PyTorch/3_Feedforward_PyTorch/3.1-what-is-pytorch.ipynb closed
2024-10-04 13:37:42.217 [info] /zhome/1a/4/136247/DeepLearning/02456-deep-learning-with-PyTorch/3_Feedforward_PyTorch/3.1-what-is-pytorch.ipynb closed
2024-10-04 13:37:42.217 [info] /zhome/1a/4/136247/DeepLearning/02456-deep-learning-with-PyTorch/3_Feedforward_PyTorch/3.1-what-is-pytorch.ipynb closed
2024-10-04 13:37:42.217 [info] /zhome/1a/4/136247/DeepLearning/02456-deep-learning-with-PyTorch/3_Feedforward_PyTorch/3.1-what-is-pytorch.ipynb closed
2024-10-04 13:37:42.217 [info] /zhome/1a/4/136247/DeepLearning/02456-deep-learning-with-PyTorch/3_Feedforward_PyTorch/3.1-what-is-pytorch.ipynb closed
2024-10-04 13:37:42.217 [info] /zhome/1a/4/136247/DeepLearning/02456-deep-learning-with-PyTorch/3_Feedforward_PyTorch/3.1-what-is-pytorch.ipynb closed
2024-10-04 13:37:42.217 [info] /zhome/1a/4/136247/DeepLearning/02456-deep-learning-with-PyTorch/3_Feedforward_PyTorch/3.1-what-is-pytorch.ipynb closed
2024-10-04 13:37:42.217 [info] /zhome/1a/4/136247/DeepLearning/02456-deep-learning-with-PyTorch/3_Feedforward_PyTorch/3.1-what-is-pytorch.ipynb closed
2024-10-04 13:37:42.217 [info] /zhome/1a/4/136247/DeepLearning/02456-deep-learning-with-PyTorch/3_Feedforward_PyTorch/3.1-what-is-pytorch.ipynb closed
2024-10-04 13:37:42.217 [info] /zhome/1a/4/136247/DeepLearning/02456-deep-learning-with-PyTorch/3_Feedforward_PyTorch/3.1-what-is-pytorch.ipynb closed
2024-10-04 13:37:42.217 [info] /zhome/1a/4/136247/DeepLearning/02456-deep-learning-with-PyTorch/3_Feedforward_PyTorch/3.1-what-is-pytorch.ipynb closed
2024-10-04 13:37:42.217 [info] /zhome/1a/4/136247/DeepLearning/02456-deep-learning-with-PyTorch/3_Feedforward_PyTorch/3.1-what-is-pytorch.ipynb closed
2024-10-04 13:37:42.217 [info] /zhome/1a/4/136247/DeepLearning/02456-deep-learning-with-PyTorch/3_Feedforward_PyTorch/3.1-what-is-pytorch.ipynb closed
2024-10-04 13:37:42.217 [info] /zhome/1a/4/136247/DeepLearning/02456-deep-learning-with-PyTorch/3_Feedforward_PyTorch/3.1-what-is-pytorch.ipynb closed
2024-10-04 13:37:42.217 [info] /zhome/1a/4/136247/DeepLearning/02456-deep-learning-with-PyTorch/3_Feedforward_PyTorch/3.1-what-is-pytorch.ipynb closed
2024-10-04 13:37:48.584 [info] Active editor: vscode-notebook-cell://ssh-remote%2Bdtuhpc/zhome/1a/4/136247/DeepLearning/02456-deep-learning-with-PyTorch/3_Feedforward_PyTorch/3.3-FFN-Half-Moon.ipynb#W2sdnNjb2RlLXJlbW90ZQ%3D%3D
2024-10-04 13:38:22.424 [info] Active editor: vscode-remote://ssh-remote%2Bdtuhpc/zhome/1a/4/136247/code/test.py
2024-10-04 13:38:43.072 [info] Executing :w
2024-10-04 13:39:07.634 [info] /zhome/1a/4/136247/.vscode-server/extensions/ms-toolsai.vscode-jupyter-slideshow-0.1.6/package.json closed
2024-10-04 13:39:07.634 [info] /zhome/1a/4/136247/.vscode-server/extensions/ms-toolsai.jupyter-2024.9.1-linux-x64/package.json closed
2024-10-04 13:39:07.635 [info] /zhome/1a/4/136247/.vscode-server/extensions/ms-python.vscode-pylance-2024.9.2/package.json closed
2024-10-04 13:39:07.635 [info] /zhome/1a/4/136247/.vscode-server/extensions/ms-toolsai.jupyter-renderers-1.0.19/package.json closed
2024-10-04 13:39:07.636 [info] /zhome/1a/4/136247/.vscode-server/extensions/ms-toolsai.vscode-jupyter-cell-tags-0.1.9/package.json closed
2024-10-04 13:39:07.636 [info] /zhome/1a/4/136247/.vscode-server/extensions/ms-python.python-2024.16.0-linux-x64/package.json closed
2024-10-04 13:39:07.637 [info] /zhome/1a/4/136247/.vscode-server/extensions/ms-python.debugpy-2024.10.0-linux-x64/package.json closed
2024-10-04 13:39:07.637 [info] /zhome/1a/4/136247/.vscode-server/cli/servers/Stable-d78a74bcdfad14d5d3b1b782f87255d802b57511/server/package.json closed
2024-10-04 13:39:07.638 [info] /zhome/1a/4/136247/.vscode-server/extensions/ms-python.python-2024.16.0-linux-x64/out/client/package.json closed
2024-10-04 13:39:07.638 [info] /zhome/1a/4/136247/.vscode-server/cli/servers/Stable-d78a74bcdfad14d5d3b1b782f87255d802b57511/server/extensions/jake/package.json closed
2024-10-04 13:39:10.117 [info] /zhome/1a/4/136247/.vscode-server/cli/servers/Stable-d78a74bcdfad14d5d3b1b782f87255d802b57511/server/extensions/search-result/package.json closed
2024-10-04 13:39:10.117 [info] /zhome/1a/4/136247/.vscode-server/cli/servers/Stable-d78a74bcdfad14d5d3b1b782f87255d802b57511/server/extensions/github/package.json closed
2024-10-04 13:39:10.118 [info] /zhome/1a/4/136247/.vscode-server/cli/servers/Stable-d78a74bcdfad14d5d3b1b782f87255d802b57511/server/extensions/git-base/package.json closed
2024-10-04 13:39:10.118 [info] /zhome/1a/4/136247/.vscode-server/cli/servers/Stable-d78a74bcdfad14d5d3b1b782f87255d802b57511/server/extensions/ms-vscode.vscode-js-profile-table/package.json closed
2024-10-04 13:39:10.118 [info] /zhome/1a/4/136247/.vscode-server/cli/servers/Stable-d78a74bcdfad14d5d3b1b782f87255d802b57511/server/extensions/tunnel-forwarding/package.json closed
2024-10-04 13:39:10.119 [info] /zhome/1a/4/136247/.vscode-server/cli/servers/Stable-d78a74bcdfad14d5d3b1b782f87255d802b57511/server/extensions/npm/package.json closed
2024-10-04 13:39:10.119 [info] /zhome/1a/4/136247/.vscode-server/cli/servers/Stable-d78a74bcdfad14d5d3b1b782f87255d802b57511/server/extensions/json-language-features/package.json closed
2024-10-04 13:39:10.119 [info] /zhome/1a/4/136247/.vscode-server/cli/servers/Stable-d78a74bcdfad14d5d3b1b782f87255d802b57511/server/extensions/php-language-features/package.json closed
2024-10-04 13:39:10.120 [info] /zhome/1a/4/136247/.vscode-server/cli/servers/Stable-d78a74bcdfad14d5d3b1b782f87255d802b57511/server/extensions/microsoft-authentication/package.json closed
2024-10-04 13:39:10.120 [info] /zhome/1a/4/136247/.vscode-server/cli/servers/Stable-d78a74bcdfad14d5d3b1b782f87255d802b57511/server/extensions/grunt/package.json closed
2024-10-04 13:39:12.492 [info] /zhome/1a/4/136247/.vscode-server/cli/servers/Stable-d78a74bcdfad14d5d3b1b782f87255d802b57511/server/extensions/html-language-features/package.json closed
2024-10-04 13:39:12.493 [info] /zhome/1a/4/136247/.vscode-server/cli/servers/Stable-d78a74bcdfad14d5d3b1b782f87255d802b57511/server/extensions/ms-vscode.js-debug-companion/package.json closed
2024-10-04 13:39:12.493 [info] /zhome/1a/4/136247/.vscode-server/cli/servers/Stable-d78a74bcdfad14d5d3b1b782f87255d802b57511/server/extensions/json-language-features/server/package.json closed
2024-10-04 13:39:12.493 [info] /zhome/1a/4/136247/.vscode-server/cli/servers/Stable-d78a74bcdfad14d5d3b1b782f87255d802b57511/server/extensions/html-language-features/server/package.json closed
2024-10-04 13:39:12.494 [info] /zhome/1a/4/136247/.vscode-server/cli/servers/Stable-d78a74bcdfad14d5d3b1b782f87255d802b57511/server/extensions/gulp/package.json closed
2024-10-04 13:39:12.494 [info] /zhome/1a/4/136247/.vscode-server/cli/servers/Stable-d78a74bcdfad14d5d3b1b782f87255d802b57511/server/extensions/ipynb/package.json closed
2024-10-04 13:39:12.495 [info] /zhome/1a/4/136247/.vscode-server/cli/servers/Stable-d78a74bcdfad14d5d3b1b782f87255d802b57511/server/extensions/emmet/package.json closed
2024-10-04 13:39:12.495 [info] /zhome/1a/4/136247/.vscode-server/cli/servers/Stable-d78a74bcdfad14d5d3b1b782f87255d802b57511/server/extensions/merge-conflict/package.json closed
2024-10-04 13:39:12.495 [info] /zhome/1a/4/136247/.vscode-server/cli/servers/Stable-d78a74bcdfad14d5d3b1b782f87255d802b57511/server/extensions/markdown-language-features/package.json closed
2024-10-04 13:39:12.496 [info] /zhome/1a/4/136247/.vscode-server/cli/servers/Stable-d78a74bcdfad14d5d3b1b782f87255d802b57511/server/extensions/ms-vscode.js-debug/package.json closed
2024-10-04 13:40:29.639 [info] /zhome/1a/4/136247/.vscode-server/cli/servers/Stable-d78a74bcdfad14d5d3b1b782f87255d802b57511/server/extensions/github-authentication/package.json closed
2024-10-04 13:40:29.639 [info] /zhome/1a/4/136247/.vscode-server/cli/servers/Stable-d78a74bcdfad14d5d3b1b782f87255d802b57511/server/extensions/extension-editing/package.json closed
2024-10-04 13:40:29.640 [info] /zhome/1a/4/136247/.vscode-server/cli/servers/Stable-d78a74bcdfad14d5d3b1b782f87255d802b57511/server/extensions/git/package.json closed
2024-10-04 13:40:29.640 [info] /zhome/1a/4/136247/.vscode-server/cli/servers/Stable-d78a74bcdfad14d5d3b1b782f87255d802b57511/server/extensions/css-language-features/server/package.json closed
2024-10-04 13:40:29.640 [info] /zhome/1a/4/136247/.vscode-server/cli/servers/Stable-d78a74bcdfad14d5d3b1b782f87255d802b57511/server/extensions/media-preview/package.json closed
2024-10-04 13:40:29.641 [info] /zhome/1a/4/136247/.vscode-server/cli/servers/Stable-d78a74bcdfad14d5d3b1b782f87255d802b57511/server/extensions/debug-auto-launch/package.json closed
2024-10-04 13:40:29.642 [info] /zhome/1a/4/136247/.vscode-server/cli/servers/Stable-d78a74bcdfad14d5d3b1b782f87255d802b57511/server/extensions/typescript-language-features/package.json closed
2024-10-04 13:40:29.642 [info] /zhome/1a/4/136247/miniconda3/pkgs/notebook-7.2.2-py310h06a4308_1/share/jupyter/labextensions/@jupyter-notebook/lab-extension/package.json closed
2024-10-04 13:40:29.643 [info] /zhome/1a/4/136247/miniconda3/pkgs/jupyterlab-4.2.5-py310h06a4308_0/lib/python3.10/site-packages/jupyterlab/tests/mock_packages/mimeextension/package.json closed
2024-10-04 13:40:29.643 [info] /zhome/1a/4/136247/miniconda3/pkgs/jupyterlab-4.2.5-py310h06a4308_0/lib/python3.10/site-packages/jupyterlab/tests/mock_packages/test_no_hyphens/package.json closed
2024-10-04 13:40:29.643 [info] /zhome/1a/4/136247/miniconda3/pkgs/jupyterlab-4.2.5-py310h06a4308_0/lib/python3.10/site-packages/jupyterlab/tests/mock_packages/test-hyphens/package.json closed
2024-10-04 13:40:29.644 [info] /zhome/1a/4/136247/miniconda3/pkgs/jupyterlab-4.2.5-py310h06a4308_0/lib/python3.10/site-packages/jupyterlab/tests/mock_packages/package/package.json closed
2024-10-04 13:40:29.644 [info] /zhome/1a/4/136247/miniconda3/pkgs/jupyterlab-4.2.5-py310h06a4308_0/lib/python3.10/site-packages/jupyterlab/tests/mock_packages/interop/provider/package.json closed
2024-10-04 13:40:29.645 [info] /zhome/1a/4/136247/miniconda3/pkgs/jupyterlab-4.2.5-py310h06a4308_0/lib/python3.10/site-packages/jupyterlab/staging/package.json closed
2024-10-04 13:40:29.645 [info] /zhome/1a/4/136247/miniconda3/pkgs/jupyterlab-4.2.5-py310h06a4308_0/lib/python3.10/site-packages/jupyterlab/static/package.json closed
2024-10-04 13:40:29.646 [info] /zhome/1a/4/136247/miniconda3/envs/myenv/share/jupyter/labextensions/@jupyter-notebook/lab-extension/package.json closed
2024-10-04 13:40:29.646 [info] /zhome/1a/4/136247/miniconda3/envs/myenv/share/jupyter/lab/static/package.json closed
2024-10-04 13:40:29.646 [info] /zhome/1a/4/136247/miniconda3/envs/myenv/lib/python3.1/site-packages/jupyterlab/galata/@jupyterlab/galata-extension/package.json closed
2024-10-04 13:40:29.646 [info] /zhome/1a/4/136247/miniconda3/envs/myenv/lib/python3.1/site-packages/jupyterlab/tests/mock_packages/extension/package.json closed
2024-10-04 13:40:29.647 [info] /zhome/1a/4/136247/miniconda3/envs/myenv/lib/python3.1/site-packages/jupyterlab/tests/mock_packages/mimeextension/package.json closed
2024-10-04 13:40:29.647 [info] /zhome/1a/4/136247/miniconda3/envs/myenv/lib/python3.1/site-packages/jupyterlab/tests/mock_packages/test-hyphens/package.json closed
2024-10-04 13:40:29.647 [info] /zhome/1a/4/136247/miniconda3/envs/myenv/lib/python3.1/site-packages/jupyterlab/tests/mock_packages/package/package.json closed
2024-10-04 13:40:29.647 [info] /zhome/1a/4/136247/miniconda3/envs/myenv/lib/python3.1/site-packages/jupyterlab/tests/mock_packages/interop/provider/package.json closed
2024-10-04 13:40:29.648 [info] /zhome/1a/4/136247/miniconda3/envs/myenv/lib/python3.10/site-packages/jupyterlab/galata/@jupyterlab/galata-extension/package.json closed
2024-10-04 13:40:29.648 [info] /zhome/1a/4/136247/miniconda3/envs/myenv/lib/python3.10/site-packages/jupyterlab/staging/package.json closed
2024-10-04 13:40:29.649 [info] /zhome/1a/4/136247/miniconda3/envs/myenv/lib/python3.10/site-packages/jupyterlab/tests/mock_packages/mimeextension/package.json closed
2024-10-04 13:40:29.649 [info] /zhome/1a/4/136247/miniconda3/envs/myenv/lib/python3.10/site-packages/jupyterlab/tests/mock_packages/extension/package.json closed
2024-10-04 13:40:29.649 [info] /zhome/1a/4/136247/miniconda3/envs/myenv/lib/python3.10/site-packages/jupyterlab/tests/mock_packages/incompat/package.json closed
2024-10-04 13:40:29.650 [info] /zhome/1a/4/136247/miniconda3/envs/myenv/lib/python3.10/site-packages/jupyterlab/tests/mock_packages/interop/provider/package.json closed
2024-10-04 13:40:29.650 [info] /zhome/1a/4/136247/miniconda3/envs/myenv/lib/python3.10/site-packages/jupyterlab/tests/mock_packages/interop/consumer/package.json closed
2024-10-04 13:40:32.610 [info] Configuration changed
2024-10-04 13:41:51.202 [info] Configuration changed
2024-10-04 13:43:34.051 [info] /zhome/1a/4/136247/.vscode-server/extensions/ms-toolsai.vscode-jupyter-slideshow-0.1.6/package.json closed
2024-10-04 13:43:34.051 [info] /zhome/1a/4/136247/.vscode-server/cli/servers/Stable-d78a74bcdfad14d5d3b1b782f87255d802b57511/server/package.json closed
2024-10-04 13:43:34.052 [info] /zhome/1a/4/136247/.vscode-server/cli/servers/Stable-d78a74bcdfad14d5d3b1b782f87255d802b57511/server/extensions/search-result/package.json closed
2024-10-04 13:43:34.052 [info] /zhome/1a/4/136247/.vscode-server/cli/servers/Stable-d78a74bcdfad14d5d3b1b782f87255d802b57511/server/extensions/github/package.json closed
2024-10-04 13:43:34.053 [info] /zhome/1a/4/136247/.vscode-server/cli/servers/Stable-d78a74bcdfad14d5d3b1b782f87255d802b57511/server/extensions/gulp/package.json closed
2024-10-04 13:43:34.054 [info] /zhome/1a/4/136247/.vscode-server/cli/servers/Stable-d78a74bcdfad14d5d3b1b782f87255d802b57511/server/extensions/tunnel-forwarding/package.json closed
2024-10-04 13:43:34.055 [info] /zhome/1a/4/136247/.vscode-server/cli/servers/Stable-d78a74bcdfad14d5d3b1b782f87255d802b57511/server/extensions/npm/package.json closed
2024-10-04 13:43:34.055 [info] /zhome/1a/4/136247/.vscode-server/cli/servers/Stable-d78a74bcdfad14d5d3b1b782f87255d802b57511/server/extensions/git-base/package.json closed
2024-10-04 13:43:34.056 [info] /zhome/1a/4/136247/.vscode-server/cli/servers/Stable-d78a74bcdfad14d5d3b1b782f87255d802b57511/server/extensions/php-language-features/package.json closed
2024-10-04 13:43:34.057 [info] /zhome/1a/4/136247/.vscode-server/cli/servers/Stable-d78a74bcdfad14d5d3b1b782f87255d802b57511/server/extensions/json-language-features/package.json closed
2024-10-04 13:43:37.048 [info] /zhome/1a/4/136247/.vscode-server/cli/servers/Stable-d78a74bcdfad14d5d3b1b782f87255d802b57511/server/extensions/microsoft-authentication/package.json closed
2024-10-04 13:43:37.049 [info] /zhome/1a/4/136247/.vscode-server/cli/servers/Stable-d78a74bcdfad14d5d3b1b782f87255d802b57511/server/extensions/grunt/package.json closed
2024-10-04 13:43:37.049 [info] /zhome/1a/4/136247/.vscode-server/cli/servers/Stable-d78a74bcdfad14d5d3b1b782f87255d802b57511/server/extensions/html-language-features/package.json closed
2024-10-04 13:43:37.050 [info] /zhome/1a/4/136247/.vscode-server/cli/servers/Stable-d78a74bcdfad14d5d3b1b782f87255d802b57511/server/extensions/ms-vscode.js-debug-companion/package.json closed
2024-10-04 13:43:37.050 [info] /zhome/1a/4/136247/.vscode-server/cli/servers/Stable-d78a74bcdfad14d5d3b1b782f87255d802b57511/server/extensions/html-language-features/server/package.json closed
2024-10-04 13:43:37.051 [info] /zhome/1a/4/136247/.vscode-server/cli/servers/Stable-d78a74bcdfad14d5d3b1b782f87255d802b57511/server/extensions/json-language-features/server/package.json closed
2024-10-04 13:43:37.051 [info] /zhome/1a/4/136247/.vscode-server/cli/servers/Stable-d78a74bcdfad14d5d3b1b782f87255d802b57511/server/extensions/ipynb/package.json closed
2024-10-04 13:43:37.051 [info] /zhome/1a/4/136247/.vscode-server/cli/servers/Stable-d78a74bcdfad14d5d3b1b782f87255d802b57511/server/extensions/emmet/package.json closed
2024-10-04 13:43:37.052 [info] /zhome/1a/4/136247/.vscode-server/cli/servers/Stable-d78a74bcdfad14d5d3b1b782f87255d802b57511/server/extensions/merge-conflict/package.json closed
2024-10-04 13:43:37.052 [info] /zhome/1a/4/136247/.vscode-server/cli/servers/Stable-d78a74bcdfad14d5d3b1b782f87255d802b57511/server/extensions/ms-vscode.vscode-js-profile-table/package.json closed
2024-10-04 13:43:39.264 [info] /zhome/1a/4/136247/.vscode-server/cli/servers/Stable-d78a74bcdfad14d5d3b1b782f87255d802b57511/server/extensions/ms-vscode.js-debug/package.json closed
2024-10-04 13:43:39.265 [info] /zhome/1a/4/136247/.vscode-server/cli/servers/Stable-d78a74bcdfad14d5d3b1b782f87255d802b57511/server/extensions/markdown-language-features/package.json closed
2024-10-04 13:43:39.265 [info] /zhome/1a/4/136247/.vscode-server/cli/servers/Stable-d78a74bcdfad14d5d3b1b782f87255d802b57511/server/extensions/css-language-features/package.json closed
2024-10-04 13:43:39.266 [info] /zhome/1a/4/136247/.vscode-server/cli/servers/Stable-d78a74bcdfad14d5d3b1b782f87255d802b57511/server/extensions/github-authentication/package.json closed
2024-10-04 13:43:39.266 [info] /zhome/1a/4/136247/.vscode-server/cli/servers/Stable-d78a74bcdfad14d5d3b1b782f87255d802b57511/server/extensions/jake/package.json closed
2024-10-04 13:43:39.267 [info] /zhome/1a/4/136247/.vscode-server/cli/servers/Stable-d78a74bcdfad14d5d3b1b782f87255d802b57511/server/extensions/extension-editing/package.json closed
2024-10-04 13:43:39.267 [info] /zhome/1a/4/136247/.vscode-server/cli/servers/Stable-d78a74bcdfad14d5d3b1b782f87255d802b57511/server/extensions/debug-server-ready/package.json closed
2024-10-04 13:43:39.268 [info] /zhome/1a/4/136247/.vscode-server/cli/servers/Stable-d78a74bcdfad14d5d3b1b782f87255d802b57511/server/extensions/css-language-features/server/package.json closed
2024-10-04 13:43:39.268 [info] /zhome/1a/4/136247/.vscode-server/cli/servers/Stable-d78a74bcdfad14d5d3b1b782f87255d802b57511/server/extensions/markdown-math/package.json closed
2024-10-04 13:43:39.269 [info] /zhome/1a/4/136247/.vscode-server/cli/servers/Stable-d78a74bcdfad14d5d3b1b782f87255d802b57511/server/extensions/simple-browser/package.json closed
2024-10-04 13:46:27.432 [info] /zhome/1a/4/136247/.vscode-server/cli/servers/Stable-d78a74bcdfad14d5d3b1b782f87255d802b57511/server/extensions/media-preview/package.json closed
2024-10-04 13:46:27.596 [info] /zhome/1a/4/136247/.vscode-server/cli/servers/Stable-d78a74bcdfad14d5d3b1b782f87255d802b57511/server/extensions/references-view/package.json closed
2024-10-04 13:46:27.616 [info] /zhome/1a/4/136247/.vscode-server/cli/servers/Stable-d78a74bcdfad14d5d3b1b782f87255d802b57511/server/extensions/configuration-editing/package.json closed
2024-10-04 13:46:27.709 [info] /zhome/1a/4/136247/.vscode-server/cli/servers/Stable-d78a74bcdfad14d5d3b1b782f87255d802b57511/server/extensions/debug-auto-launch/package.json closed
2024-10-04 13:46:27.918 [info] /zhome/1a/4/136247/.vscode-server/cli/servers/Stable-d78a74bcdfad14d5d3b1b782f87255d802b57511/server/extensions/typescript-language-features/package.json closed
2024-10-04 13:46:28.106 [info] /zhome/1a/4/136247/.vscode-server/cli/servers/Stable-d78a74bcdfad14d5d3b1b782f87255d802b57511/server/extensions/git/package.json closed
2024-10-04 13:46:28.325 [info] /zhome/1a/4/136247/.vscode-server/extensions/ms-toolsai.jupyter-2024.9.1-linux-x64/package.json closed
2024-10-04 13:46:28.701 [info] /zhome/1a/4/136247/.vscode-server/extensions/ms-toolsai.jupyter-keymap-1.1.2/package.json closed
2024-10-04 13:46:28.774 [info] /zhome/1a/4/136247/.vscode-server/extensions/ms-toolsai.jupyter-renderers-1.0.19/package.json closed
2024-10-04 13:46:29.218 [info] /zhome/1a/4/136247/.vscode-server/extensions/ms-python.vscode-pylance-2024.9.2/package.json closed
2024-10-04 13:46:29.572 [info] /zhome/1a/4/136247/miniconda3/pkgs/notebook-7.2.2-py310h06a4308_1/share/jupyter/labextensions/@jupyter-notebook/lab-extension/package.json closed
2024-10-04 13:46:29.864 [info] /zhome/1a/4/136247/miniconda3/pkgs/jupyterlab-4.2.5-py310h06a4308_0/lib/python3.10/site-packages/jupyterlab/tests/mock_packages/test-hyphens-underscore/package.json closed
2024-10-04 13:46:30.228 [info] /zhome/1a/4/136247/miniconda3/pkgs/jupyterlab-4.2.5-py310h06a4308_0/lib/python3.10/site-packages/jupyterlab/tests/mock_packages/mimeextension/package.json closed
2024-10-04 13:46:30.327 [info] /zhome/1a/4/136247/miniconda3/pkgs/jupyterlab-4.2.5-py310h06a4308_0/lib/python3.10/site-packages/jupyterlab/galata/@jupyterlab/galata-extension/package.json closed
2024-10-04 13:46:30.672 [info] /zhome/1a/4/136247/miniconda3/pkgs/jupyterlab-4.2.5-py310h06a4308_0/lib/python3.10/site-packages/jupyterlab/tests/mock_packages/test_no_hyphens/package.json closed
2024-10-04 13:46:30.899 [info] /zhome/1a/4/136247/miniconda3/pkgs/jupyterlab-4.2.5-py310h06a4308_0/lib/python3.10/site-packages/jupyterlab/tests/mock_packages/extension/package.json closed
2024-10-04 13:46:30.977 [info] /zhome/1a/4/136247/miniconda3/pkgs/jupyterlab-4.2.5-py310h06a4308_0/lib/python3.10/site-packages/jupyterlab/tests/mock_packages/test-hyphens/package.json closed
2024-10-04 13:46:31.327 [info] /zhome/1a/4/136247/miniconda3/pkgs/jupyterlab-4.2.5-py310h06a4308_0/lib/python3.10/site-packages/jupyterlab/tests/mock_packages/incompat/package.json closed
2024-10-04 13:46:31.394 [info] /zhome/1a/4/136247/miniconda3/pkgs/jupyterlab-4.2.5-py310h06a4308_0/lib/python3.10/site-packages/jupyterlab/tests/mock_packages/package/package.json closed
2024-10-04 13:46:31.562 [info] /zhome/1a/4/136247/miniconda3/pkgs/jupyterlab-4.2.5-py310h06a4308_0/lib/python3.10/site-packages/jupyterlab/staging/package.json closed
2024-10-04 13:46:31.998 [info] /zhome/1a/4/136247/miniconda3/pkgs/jupyterlab-4.2.5-py310h06a4308_0/lib/python3.10/site-packages/jupyterlab/tests/mock_packages/interop/token/package.json closed
2024-10-04 13:46:32.059 [info] /zhome/1a/4/136247/miniconda3/pkgs/jupyterlab-4.2.5-py310h06a4308_0/lib/python3.10/site-packages/jupyterlab/tests/mock_packages/interop/provider/package.json closed
2024-10-04 13:46:32.218 [info] /zhome/1a/4/136247/miniconda3/pkgs/jupyterlab-4.2.5-py310h06a4308_0/lib/python3.10/site-packages/jupyterlab/tests/mock_packages/interop/consumer/package.json closed
2024-10-04 13:46:32.432 [info] /zhome/1a/4/136247/miniconda3/pkgs/jupyterlab-4.2.5-py310h06a4308_0/share/jupyter/lab/static/package.json closed
2024-10-04 13:46:32.735 [info] /zhome/1a/4/136247/miniconda3/pkgs/jupyterlab-4.2.5-py310h06a4308_0/lib/python3.10/site-packages/jupyterlab/static/package.json closed
2024-10-04 13:46:33.091 [info] /zhome/1a/4/136247/miniconda3/pkgs/jupyterlab_widgets-3.0.10-py310h06a4308_0/share/jupyter/labextensions/@jupyter-widgets/jupyterlab-manager/package.json closed
2024-10-04 13:46:33.307 [info] /zhome/1a/4/136247/miniconda3/envs/myenv/share/jupyter/labextensions/@jupyter-widgets/jupyterlab-manager/package.json closed
2024-10-04 13:46:33.511 [info] /zhome/1a/4/136247/miniconda3/envs/myenv/share/jupyter/labextensions/@jupyter-notebook/lab-extension/package.json closed
2024-10-04 13:46:33.753 [info] /zhome/1a/4/136247/miniconda3/envs/myenv/share/jupyter/lab/static/package.json closed
2024-10-04 13:46:34.050 [info] /zhome/1a/4/136247/.vscode-server/extensions/ms-toolsai.vscode-jupyter-cell-tags-0.1.9/package.json closed
2024-10-04 13:46:34.648 [info] /zhome/1a/4/136247/.vscode-server/extensions/ms-python.python-2024.16.0-linux-x64/package.json closed
2024-10-04 13:46:34.923 [info] /zhome/1a/4/136247/miniconda3/envs/myenv/lib/python3.1/site-packages/jupyterlab/tests/mock_packages/package/package.json closed
2024-10-04 13:46:35.124 [info] /zhome/1a/4/136247/miniconda3/envs/myenv/lib/python3.1/site-packages/jupyterlab/tests/mock_packages/test-hyphens-underscore/package.json closed
2024-10-04 13:46:35.728 [info] /zhome/1a/4/136247/miniconda3/envs/myenv/lib/python3.1/site-packages/jupyterlab/tests/mock_packages/test_no_hyphens/package.json closed
2024-10-04 13:46:35.962 [info] /zhome/1a/4/136247/miniconda3/envs/myenv/lib/python3.1/site-packages/jupyterlab/tests/mock_packages/mimeextension/package.json closed
2024-10-04 13:46:36.168 [info] /zhome/1a/4/136247/miniconda3/envs/myenv/lib/python3.1/site-packages/jupyterlab/tests/mock_packages/extension/package.json closed
2024-10-04 13:46:36.250 [info] /zhome/1a/4/136247/miniconda3/envs/myenv/lib/python3.1/site-packages/jupyterlab/tests/mock_packages/test-hyphens/package.json closed
2024-10-04 13:46:36.670 [info] /zhome/1a/4/136247/miniconda3/envs/myenv/lib/python3.1/site-packages/jupyterlab/tests/mock_packages/interop/token/package.json closed
2024-10-04 13:46:36.837 [info] /zhome/1a/4/136247/miniconda3/envs/myenv/lib/python3.1/site-packages/jupyterlab/tests/mock_packages/interop/provider/package.json closed
2024-10-04 13:46:37.049 [info] /zhome/1a/4/136247/miniconda3/envs/myenv/lib/python3.1/site-packages/jupyterlab/static/package.json closed
2024-10-04 13:46:37.122 [info] /zhome/1a/4/136247/miniconda3/envs/myenv/lib/python3.1/site-packages/jupyterlab/tests/mock_packages/interop/consumer/package.json closed
2024-10-04 13:46:37.268 [info] /zhome/1a/4/136247/miniconda3/envs/myenv/lib/python3.1/site-packages/jupyterlab/tests/mock_packages/incompat/package.json closed
2024-10-04 13:46:37.290 [info] /zhome/1a/4/136247/miniconda3/envs/myenv/lib/python3.1/site-packages/jupyterlab/galata/@jupyterlab/galata-extension/package.json closed
2024-10-04 13:46:37.708 [info] /zhome/1a/4/136247/miniconda3/envs/myenv/lib/python3.1/site-packages/jupyterlab/staging/package.json closed
2024-10-04 13:46:37.808 [info] /zhome/1a/4/136247/miniconda3/envs/myenv/lib/python3.10/site-packages/jupyterlab/static/package.json closed
2024-10-04 13:46:38.013 [info] /zhome/1a/4/136247/miniconda3/envs/myenv/lib/python3.10/site-packages/jupyterlab/staging/package.json closed
2024-10-04 13:46:38.426 [info] /zhome/1a/4/136247/miniconda3/envs/myenv/lib/python3.10/site-packages/jupyterlab/tests/mock_packages/test-hyphens-underscore/package.json closed
2024-10-04 13:46:38.807 [info] /zhome/1a/4/136247/miniconda3/envs/myenv/lib/python3.10/site-packages/jupyterlab/tests/mock_packages/mimeextension/package.json closed
2024-10-04 13:46:38.887 [info] /zhome/1a/4/136247/miniconda3/envs/myenv/lib/python3.10/site-packages/jupyterlab/galata/@jupyterlab/galata-extension/package.json closed
2024-10-04 13:46:39.265 [info] /zhome/1a/4/136247/miniconda3/envs/myenv/lib/python3.10/site-packages/jupyterlab/tests/mock_packages/test_no_hyphens/package.json closed
2024-10-04 13:46:39.685 [info] /zhome/1a/4/136247/miniconda3/envs/myenv/lib/python3.10/site-packages/jupyterlab/tests/mock_packages/extension/package.json closed
2024-10-04 13:46:39.720 [info] /zhome/1a/4/136247/miniconda3/envs/myenv/lib/python3.10/site-packages/jupyterlab/tests/mock_packages/test-hyphens/package.json closed
2024-10-04 13:46:40.125 [info] /zhome/1a/4/136247/miniconda3/envs/myenv/lib/python3.10/site-packages/jupyterlab/tests/mock_packages/incompat/package.json closed
2024-10-04 13:46:40.216 [info] /zhome/1a/4/136247/miniconda3/envs/myenv/lib/python3.10/site-packages/jupyterlab/tests/mock_packages/package/package.json closed
2024-10-04 13:46:40.367 [info] /zhome/1a/4/136247/miniconda3/envs/myenv/lib/python3.10/site-packages/jupyterlab/tests/mock_packages/interop/token/package.json closed
2024-10-04 13:46:40.564 [info] /zhome/1a/4/136247/miniconda3/envs/myenv/lib/python3.10/site-packages/jupyterlab/tests/mock_packages/interop/provider/package.json closed
2024-10-04 13:46:40.785 [info] /zhome/1a/4/136247/miniconda3/envs/myenv/lib/python3.10/site-packages/jupyterlab/tests/mock_packages/interop/consumer/package.json closed
2024-10-04 13:46:40.862 [info] /zhome/1a/4/136247/.vscode-server/extensions/ms-python.python-2024.16.0-linux-x64/out/client/package.json closed
2024-10-04 13:46:41.245 [info] /zhome/1a/4/136247/.vscode-server/extensions/ms-python.debugpy-2024.10.0-linux-x64/package.json closed
